#
# There is insufficient memory for the Java Runtime Environment to continue.
# Native memory allocation (malloc) failed to allocate 32744 bytes for ChunkPool::allocate
# Possible reasons:
#   The system is out of physical RAM or swap space
#   In 32 bit mode, the process size limit was hit
# Possible solutions:
#   Reduce memory load on the system
#   Increase physical memory or swap space
#   Check if swap backing store is full
#   Use 64 bit Java on a 64 bit OS
#   Decrease Java heap size (-Xmx/-Xms)
#   Decrease number of Java threads
#   Decrease Java thread stack sizes (-Xss)
#   Set larger code cache with -XX:ReservedCodeCacheSize=
# This output file may be truncated or incomplete.
#
#  Out of Memory Error (allocation.cpp:273), pid=12212, tid=0x0000000000002d44
#
# JRE version: Java(TM) SE Runtime Environment (8.0_131-b11) (build 1.8.0_131-b11)
# Java VM: Java HotSpot(TM) 64-Bit Server VM (25.131-b11 mixed mode windows-amd64 compressed oops)
# Failed to write core dump. Minidumps are not enabled by default on client versions of Windows
#

---------------  T H R E A D  ---------------

Current thread (0x0000000058a51800):  JavaThread "C2 CompilerThread1" daemon [_thread_in_native, id=11588, stack(0x0000000059a00000,0x0000000059b00000)]

Stack: [0x0000000059a00000,0x0000000059b00000]
[error occurred during error reporting (printing stack bounds), id 0xc0000005]

Native frames: (J=compiled Java code, j=interpreted, Vv=VM code, C=native code)


Current CompileTask:
C2:  49031 9324       4       com.fasterxml.classmate.TypeResolver::_fromClass (162 bytes)


---------------  P R O C E S S  ---------------

Java Threads: ( => current thread )
  0x000000005b604800 JavaThread "Thread-190" [_thread_blocked, id=11012, stack(0x000000006d070000,0x000000006d170000)]
  0x000000005b604000 JavaThread "Thread-189" [_thread_blocked, id=7268, stack(0x000000006bd90000,0x000000006be90000)]
  0x000000005d3a1800 JavaThread "ColorsExecutor1" [_thread_blocked, id=8944, stack(0x000000006ed40000,0x000000006ee40000)]
  0x000000005b608800 JavaThread "ColorsExecutor1" [_thread_blocked, id=13020, stack(0x000000006e250000,0x000000006e350000)]
  0x000000005b603000 JavaThread "ColorsExecutor1" [_thread_blocked, id=9212, stack(0x000000006d8e0000,0x000000006d9e0000)]
  0x000000005d3a0000 JavaThread "ColorsExecutor1" [_thread_blocked, id=11620, stack(0x000000006d330000,0x000000006d430000)]
  0x000000005b602800 JavaThread "ColorsExecutor1" [_thread_blocked, id=12484, stack(0x000000006cbf0000,0x000000006ccf0000)]
  0x000000005b609800 JavaThread "ColorsExecutor3" [_thread_blocked, id=8268, stack(0x000000006d6b0000,0x000000006d7b0000)]
  0x000000005d3a4000 JavaThread "ColorsExecutor1" [_thread_blocked, id=5688, stack(0x000000006d7d0000,0x000000006d8d0000)]
  0x000000005b608000 JavaThread "ColorsExecutor1" [_thread_blocked, id=11752, stack(0x000000006de10000,0x000000006df10000)]
  0x000000005d39d000 JavaThread "ColorsExecutor1" [_thread_blocked, id=13160, stack(0x000000006e490000,0x000000006e590000)]
  0x000000005d39f800 JavaThread "Thread-145" [_thread_blocked, id=13224, stack(0x000000006bf90000,0x000000006c090000)]
  0x0000000063170800 JavaThread "ColorsExecutor4" [_thread_blocked, id=13304, stack(0x000000006f2c0000,0x000000006f3c0000)]
  0x000000006316f000 JavaThread "SimpleAsyncTaskExecutor-3" [_thread_blocked, id=12392, stack(0x000000006dfb0000,0x000000006e0b0000)]
  0x0000000063172800 JavaThread "SimpleAsyncTaskExecutor-3" [_thread_blocked, id=5044, stack(0x000000006cab0000,0x000000006cbb0000)]
  0x0000000063173800 JavaThread "pool-5-thread-1" [_thread_blocked, id=11892, stack(0x000000006cf50000,0x000000006d050000)]
  0x000000006316f800 JavaThread "SimpleAsyncTaskExecutor-2" [_thread_blocked, id=12636, stack(0x000000006b330000,0x000000006b430000)]
  0x000000006316e000 JavaThread "SimpleAsyncTaskExecutor-2" [_thread_blocked, id=12936, stack(0x000000006cd00000,0x000000006ce00000)]
  0x0000000062f39800 JavaThread "SimpleAsyncTaskExecutor-2" [_thread_blocked, id=11568, stack(0x000000005d8e0000,0x000000005d9e0000)]
  0x0000000062f39000 JavaThread "SimpleAsyncTaskExecutor-1" [_thread_blocked, id=1528, stack(0x000000006c9b0000,0x000000006cab0000)]
  0x0000000062f38000 JavaThread "SimpleAsyncTaskExecutor-2" [_thread_blocked, id=11732, stack(0x000000006c8a0000,0x000000006c9a0000)]
  0x0000000062f37800 JavaThread "SimpleAsyncTaskExecutor-1" [_thread_blocked, id=8576, stack(0x000000006c680000,0x000000006c780000)]
  0x0000000062f36800 JavaThread "SimpleAsyncTaskExecutor-2" [_thread_blocked, id=13112, stack(0x000000006c560000,0x000000006c660000)]
  0x0000000062f36000 JavaThread "SimpleAsyncTaskExecutor-1" [_thread_blocked, id=676, stack(0x000000006c3d0000,0x000000006c4d0000)]
  0x0000000062f35000 JavaThread "SimpleAsyncTaskExecutor-2" [_thread_blocked, id=7288, stack(0x000000006c250000,0x000000006c350000)]
  0x0000000062f34800 JavaThread "SimpleAsyncTaskExecutor-1" [_thread_blocked, id=10052, stack(0x000000006c090000,0x000000006c190000)]
  0x0000000062f33800 JavaThread "pool-4-thread-10" [_thread_blocked, id=12096, stack(0x000000006be90000,0x000000006bf90000)]
  0x0000000062f33000 JavaThread "pool-4-thread-9" [_thread_blocked, id=12696, stack(0x000000006bc90000,0x000000006bd90000)]
  0x000000005c987000 JavaThread "SimpleAsyncTaskExecutor-2" [_thread_blocked, id=9128, stack(0x000000006bae0000,0x000000006bbe0000)]
  0x000000005c986800 JavaThread "SimpleAsyncTaskExecutor-1" [_thread_blocked, id=1980, stack(0x000000006b990000,0x000000006ba90000)]
  0x000000005c985800 JavaThread "pool-4-thread-8" [_thread_blocked, id=10012, stack(0x000000006b7f0000,0x000000006b8f0000)]
  0x000000005c985000 JavaThread "pool-4-thread-7" [_thread_blocked, id=12632, stack(0x000000006b630000,0x000000006b730000)]
  0x000000005c984000 JavaThread "SimpleAsyncTaskExecutor-2" [_thread_blocked, id=12324, stack(0x000000006b430000,0x000000006b530000)]
  0x000000005c983800 JavaThread "SimpleAsyncTaskExecutor-1" [_thread_blocked, id=12952, stack(0x0000000069ff0000,0x000000006a0f0000)]
  0x000000005c982800 JavaThread "pool-4-thread-6" [_thread_blocked, id=11040, stack(0x000000006b1e0000,0x000000006b2e0000)]
  0x000000005c981800 JavaThread "pool-4-thread-5" [_thread_blocked, id=7404, stack(0x0000000069e90000,0x0000000069f90000)]
  0x000000005c981000 JavaThread "SimpleAsyncTaskExecutor-2" [_thread_blocked, id=11232, stack(0x0000000068ce0000,0x0000000068de0000)]
  0x000000005c980000 JavaThread "SimpleAsyncTaskExecutor-1" [_thread_blocked, id=6492, stack(0x0000000068ba0000,0x0000000068ca0000)]
  0x000000005ebe2000 JavaThread "pool-4-thread-4" [_thread_blocked, id=8432, stack(0x0000000067390000,0x0000000067490000)]
  0x000000005ebe1800 JavaThread "pool-4-thread-3" [_thread_blocked, id=11472, stack(0x00000000677a0000,0x00000000678a0000)]
  0x000000005ebe0800 JavaThread "pool-4-thread-2" [_thread_blocked, id=808, stack(0x0000000067210000,0x0000000067310000)]
  0x000000005ebe0000 JavaThread "AMQP Connection 114.80.231.178:5671" [_thread_blocked, id=10400, stack(0x0000000067080000,0x0000000067180000)]
  0x000000005ebdf000 JavaThread "SimpleAsyncTaskExecutor-2" [_thread_blocked, id=5392, stack(0x0000000065ca0000,0x0000000065da0000)]
  0x000000005ebde800 JavaThread "SimpleAsyncTaskExecutor-1" [_thread_blocked, id=9288, stack(0x000000005bf50000,0x000000005c050000)]
  0x000000005ebdd000 JavaThread "QuartzScheduler_schedulerFactoryBean-dell-PC1565340431887_MisfireHandler" [_thread_blocked, id=1416, stack(0x000000005c5a0000,0x000000005c6a0000)]
  0x000000005f582800 JavaThread "QuartzScheduler_schedulerFactoryBean-dell-PC1565340431887_ClusterManager" [_thread_blocked, id=11796, stack(0x0000000065f00000,0x0000000066000000)]
  0x000000005ebdc000 JavaThread "commons-pool-EvictionTimer" daemon [_thread_blocked, id=10748, stack(0x00000000655f0000,0x00000000656f0000)]
  0x000000005ebdb800 JavaThread "Abandoned connection cleanup thread" daemon [_thread_blocked, id=5264, stack(0x00000000650b0000,0x00000000651b0000)]
  0x0000000060973800 JavaThread "Tomcat JDBC Pool Cleaner[414493378:1565340431945]" daemon [_thread_blocked, id=10332, stack(0x00000000648f0000,0x00000000649f0000)]
  0x0000000060973000 JavaThread "schedulerFactoryBean_QuartzSchedulerThread" daemon [_thread_blocked, id=12640, stack(0x0000000064c60000,0x0000000064d60000)]
  0x0000000060972000 JavaThread "schedulerFactoryBean_Worker-20" daemon [_thread_blocked, id=11096, stack(0x0000000064a80000,0x0000000064b80000)]
  0x0000000060971800 JavaThread "schedulerFactoryBean_Worker-19" daemon [_thread_blocked, id=8148, stack(0x00000000645b0000,0x00000000646b0000)]
  0x0000000060970800 JavaThread "schedulerFactoryBean_Worker-18" daemon [_thread_blocked, id=2692, stack(0x00000000647f0000,0x00000000648f0000)]
  0x0000000060970000 JavaThread "schedulerFactoryBean_Worker-17" daemon [_thread_blocked, id=8404, stack(0x00000000646f0000,0x00000000647f0000)]
  0x000000006096f000 JavaThread "schedulerFactoryBean_Worker-16" daemon [_thread_blocked, id=9560, stack(0x0000000064470000,0x0000000064570000)]
  0x000000006096e800 JavaThread "schedulerFactoryBean_Worker-15" daemon [_thread_blocked, id=12492, stack(0x0000000064080000,0x0000000064180000)]
  0x000000006096d800 JavaThread "schedulerFactoryBean_Worker-14" daemon [_thread_blocked, id=12160, stack(0x0000000064320000,0x0000000064420000)]
  0x000000006096d000 JavaThread "schedulerFactoryBean_Worker-13" daemon [_thread_blocked, id=7012, stack(0x0000000064220000,0x0000000064320000)]
  0x000000005b913000 JavaThread "schedulerFactoryBean_Worker-12" daemon [_thread_blocked, id=12396, stack(0x0000000063f40000,0x0000000064040000)]
  0x000000005b912000 JavaThread "schedulerFactoryBean_Worker-11" daemon [_thread_blocked, id=11056, stack(0x0000000063d80000,0x0000000063e80000)]
  0x000000005b911800 JavaThread "schedulerFactoryBean_Worker-10" daemon [_thread_blocked, id=13092, stack(0x0000000063a30000,0x0000000063b30000)]
  0x000000005b910800 JavaThread "schedulerFactoryBean_Worker-9" daemon [_thread_blocked, id=12344, stack(0x0000000063b90000,0x0000000063c90000)]
  0x000000005b910000 JavaThread "schedulerFactoryBean_Worker-8" daemon [_thread_blocked, id=12560, stack(0x0000000063930000,0x0000000063a30000)]
  0x000000005b90f000 JavaThread "schedulerFactoryBean_Worker-7" daemon [_thread_blocked, id=11728, stack(0x000000005bda0000,0x000000005bea0000)]
  0x000000005b90e800 JavaThread "schedulerFactoryBean_Worker-6" daemon [_thread_blocked, id=9000, stack(0x0000000063770000,0x0000000063870000)]
  0x000000005b90d800 JavaThread "schedulerFactoryBean_Worker-5" daemon [_thread_blocked, id=8772, stack(0x0000000063510000,0x0000000063610000)]
  0x000000005b90d000 JavaThread "schedulerFactoryBean_Worker-4" daemon [_thread_blocked, id=8540, stack(0x0000000063610000,0x0000000063710000)]
  0x000000005b90c000 JavaThread "schedulerFactoryBean_Worker-3" daemon [_thread_blocked, id=10360, stack(0x0000000062380000,0x0000000062480000)]
  0x000000005f587000 JavaThread "schedulerFactoryBean_Worker-2" daemon [_thread_blocked, id=6268, stack(0x0000000061a00000,0x0000000061b00000)]
  0x000000005f586000 JavaThread "schedulerFactoryBean_Worker-1" daemon [_thread_blocked, id=12668, stack(0x000000005ab30000,0x000000005ac30000)]
  0x000000005f584000 JavaThread "container-0" [_thread_blocked, id=9944, stack(0x000000005f3a0000,0x000000005f4a0000)]
  0x000000005f583000 JavaThread "ContainerBackgroundProcessor[StandardEngine[Tomcat]]" daemon [_thread_blocked, id=12568, stack(0x00000000618d0000,0x00000000619d0000)]
  0x000000005af29000 JavaThread "logback-1" daemon [_thread_blocked, id=11804, stack(0x0000000059f20000,0x000000005a020000)]
  0x0000000058ac8000 JavaThread "Service Thread" daemon [_thread_blocked, id=11596, stack(0x0000000059d70000,0x0000000059e70000)]
  0x0000000058a52800 JavaThread "C1 CompilerThread2" daemon [_thread_blocked, id=12400, stack(0x0000000059ba0000,0x0000000059ca0000)]
=>0x0000000058a51800 JavaThread "C2 CompilerThread1" daemon [_thread_in_native, id=11588, stack(0x0000000059a00000,0x0000000059b00000)]
  0x0000000058a55800 JavaThread "C2 CompilerThread0" daemon [_thread_in_native, id=9952, stack(0x00000000598d0000,0x00000000599d0000)]
  0x0000000058a3e000 JavaThread "JDWP Command Reader" daemon [_thread_in_native, id=12764, stack(0x0000000059730000,0x0000000059830000)]
  0x0000000058a3b000 JavaThread "JDWP Event Helper Thread" daemon [_thread_blocked, id=9812, stack(0x0000000059530000,0x0000000059630000)]
  0x0000000058a30800 JavaThread "JDWP Transport Listener: dt_socket" daemon [_thread_blocked, id=10732, stack(0x0000000059140000,0x0000000059240000)]
  0x0000000058a13000 JavaThread "Attach Listener" daemon [_thread_blocked, id=12876, stack(0x0000000058e30000,0x0000000058f30000)]
  0x0000000058a12800 JavaThread "Signal Dispatcher" daemon [_thread_blocked, id=13104, stack(0x0000000058750000,0x0000000058850000)]
  0x0000000057553800 JavaThread "Finalizer" daemon [_thread_blocked, id=11996, stack(0x0000000058900000,0x0000000058a00000)]
  0x000000005750c800 JavaThread "Reference Handler" daemon [_thread_blocked, id=11600, stack(0x0000000058640000,0x0000000058740000)]
  0x00000000023fc800 JavaThread "main" [_thread_blocked, id=11008, stack(0x0000000002590000,0x0000000002690000)]

Other Threads:
  0x0000000057501000 VMThread [stack: 0x0000000058480000,0x0000000058580000] [id=11788]
  0x0000000058b82800 WatcherThread [stack: 0x0000000059630000,0x0000000059730000] [id=10484]

VM state:at safepoint (normal execution)

VM Mutex/Monitor currently owned by a thread:  ([mutex/lock_event])
[0x00000000023fb000] Threads_lock - owner thread: 0x0000000057501000
[0x00000000023fb500] Heap_lock - owner thread: 0x000000006316f000

Heap:
 PSYoungGen      total 673792K, used 1969K [0x00000000d5f00000, 0x0000000100000000, 0x0000000100000000)
  eden space 658432K, 0% used [0x00000000d5f00000,0x00000000d5f00058,0x00000000fe200000)
  from space 15360K, 12% used [0x00000000fe200000,0x00000000fe3ec778,0x00000000ff100000)
  to   space 15360K, 0% used [0x00000000ff100000,0x00000000ff100000,0x0000000100000000)
 ParOldGen       total 71168K, used 41548K [0x0000000081c00000, 0x0000000086180000, 0x00000000d5f00000)
  object space 71168K, 58% used [0x0000000081c00000,0x00000000844931d0,0x0000000086180000)
 Metaspace       used 57998K, capacity 59190K, committed 59352K, reserved 1101824K
  class space    used 6930K, capacity 7205K, committed 7296K, reserved 1048576K

Card table byte_map: [0x0000000011a50000,0x0000000011e50000] byte_map_base: 0x0000000011642000

Marking Bits: (ParMarkBitMap*) 0x000000007096c720
 Begin Bits: [0x0000000012850000, 0x00000000147e0000)
 End Bits:   [0x00000000147e0000, 0x0000000016770000)

Polling page: 0x0000000000150000

CodeCache: size=245760Kb used=31002Kb max_used=31002Kb free=214757Kb
 bounds [0x0000000002690000, 0x0000000004500000, 0x0000000011690000]
 total_blobs=8428 nmethods=7893 adapters=454
 compilation: enabled

Compilation events (10 events):
Event: 48.436 Thread 0x0000000058a52800 nmethod 9372 0x00000000044fa110 code [0x00000000044fa260, 0x00000000044fa3f0]
Event: 48.436 Thread 0x0000000058a52800 9373       1       org.springframework.transaction.support.DefaultTransactionStatus::getTransaction (5 bytes)
Event: 48.436 Thread 0x0000000058a52800 nmethod 9373 0x00000000044fa490 code [0x00000000044fa5e0, 0x00000000044fa6f0]
Event: 48.437 Thread 0x0000000058a52800 9374   !   2       org.springframework.amqp.rabbit.listener.AbstractMessageListenerContainer::isActive (19 bytes)
Event: 48.438 Thread 0x0000000058a52800 nmethod 9374 0x00000000044fa750 code [0x00000000044fa8c0, 0x00000000044fabb0]
Event: 48.440 Thread 0x0000000058a52800 9375       2       java.lang.ThreadGroup::checkAccess (14 bytes)
Event: 48.441 Thread 0x0000000058a52800 nmethod 9375 0x00000000044fac90 code [0x00000000044fae00, 0x00000000044fafa8]
Event: 48.461 Thread 0x0000000058a52800 9377       2       java.lang.CharacterData::of (120 bytes)
Event: 48.816 Thread 0x0000000058a52800 nmethod 9377 0x00000000044fb050 code [0x00000000044fb200, 0x00000000044fb730]
Event: 48.816 Thread 0x0000000058a52800 9395       2       com.mysql.jdbc.StringUtils::getInt (271 bytes)

GC Heap History (10 events):
Event: 44.865 GC heap before
{Heap before GC invocations=18 (full 2):
 PSYoungGen      total 400384K, used 394786K [0x00000000d5f00000, 0x00000000f8880000, 0x0000000100000000)
  eden space 385536K, 100% used [0x00000000d5f00000,0x00000000ed780000,0x00000000ed780000)
  from space 14848K, 62% used [0x00000000ed780000,0x00000000ee088a60,0x00000000ee600000)
  to   space 14848K, 0% used [0x00000000f7a00000,0x00000000f7a00000,0x00000000f8880000)
 ParOldGen       total 71168K, used 41180K [0x0000000081c00000, 0x0000000086180000, 0x00000000d5f00000)
  object space 71168K, 57% used [0x0000000081c00000,0x00000000844372c8,0x0000000086180000)
 Metaspace       used 56735K, capacity 57966K, committed 58112K, reserved 1099776K
  class space    used 6811K, capacity 7065K, committed 7168K, reserved 1048576K
Event: 44.874 GC heap after
Heap after GC invocations=18 (full 2):
 PSYoungGen      total 543744K, used 1745K [0x00000000d5f00000, 0x00000000f8500000, 0x0000000100000000)
  eden space 532480K, 0% used [0x00000000d5f00000,0x00000000d5f00000,0x00000000f6700000)
  from space 11264K, 15% used [0x00000000f7a00000,0x00000000f7bb4550,0x00000000f8500000)
  to   space 15360K, 0% used [0x00000000f6700000,0x00000000f6700000,0x00000000f7600000)
 ParOldGen       total 71168K, used 43552K [0x0000000081c00000, 0x0000000086180000, 0x00000000d5f00000)
  object space 71168K, 61% used [0x0000000081c00000,0x0000000084688090,0x0000000086180000)
 Metaspace       used 56735K, capacity 57966K, committed 58112K, reserved 1099776K
  class space    used 6811K, capacity 7065K, committed 7168K, reserved 1048576K
}
Event: 45.569 GC heap before
{Heap before GC invocations=19 (full 2):
 PSYoungGen      total 543744K, used 325438K [0x00000000d5f00000, 0x00000000f8500000, 0x0000000100000000)
  eden space 532480K, 60% used [0x00000000d5f00000,0x00000000e9b1b380,0x00000000f6700000)
  from space 11264K, 15% used [0x00000000f7a00000,0x00000000f7bb4550,0x00000000f8500000)
  to   space 15360K, 0% used [0x00000000f6700000,0x00000000f6700000,0x00000000f7600000)
 ParOldGen       total 71168K, used 43552K [0x0000000081c00000, 0x0000000086180000, 0x00000000d5f00000)
  object space 71168K, 61% used [0x0000000081c00000,0x0000000084688090,0x0000000086180000)
 Metaspace       used 57692K, capacity 58938K, committed 59096K, reserved 1101824K
  class space    used 6930K, capacity 7193K, committed 7296K, reserved 1048576K
Event: 45.577 GC heap after
Heap after GC invocations=19 (full 2):
 PSYoungGen      total 547840K, used 1423K [0x00000000d5f00000, 0x0000000100000000, 0x0000000100000000)
  eden space 532480K, 0% used [0x00000000d5f00000,0x00000000d5f00000,0x00000000f6700000)
  from space 15360K, 9% used [0x00000000f6700000,0x00000000f6863f30,0x00000000f7600000)
  to   space 15360K, 0% used [0x00000000ff100000,0x00000000ff100000,0x0000000100000000)
 ParOldGen       total 71168K, used 43921K [0x0000000081c00000, 0x0000000086180000, 0x00000000d5f00000)
  object space 71168K, 61% used [0x0000000081c00000,0x00000000846e4520,0x0000000086180000)
 Metaspace       used 57692K, capacity 58938K, committed 59096K, reserved 1101824K
  class space    used 6930K, capacity 7193K, committed 7296K, reserved 1048576K
}
Event: 45.577 GC heap before
{Heap before GC invocations=20 (full 3):
 PSYoungGen      total 547840K, used 1423K [0x00000000d5f00000, 0x0000000100000000, 0x0000000100000000)
  eden space 532480K, 0% used [0x00000000d5f00000,0x00000000d5f00000,0x00000000f6700000)
  from space 15360K, 9% used [0x00000000f6700000,0x00000000f6863f30,0x00000000f7600000)
  to   space 15360K, 0% used [0x00000000ff100000,0x00000000ff100000,0x0000000100000000)
 ParOldGen       total 71168K, used 43921K [0x0000000081c00000, 0x0000000086180000, 0x00000000d5f00000)
  object space 71168K, 61% used [0x0000000081c00000,0x00000000846e4520,0x0000000086180000)
 Metaspace       used 57692K, capacity 58938K, committed 59096K, reserved 1101824K
  class space    used 6930K, capacity 7193K, committed 7296K, reserved 1048576K
Event: 45.804 GC heap after
Heap after GC invocations=20 (full 3):
 PSYoungGen      total 547840K, used 0K [0x00000000d5f00000, 0x0000000100000000, 0x0000000100000000)
  eden space 532480K, 0% used [0x00000000d5f00000,0x00000000d5f00000,0x00000000f6700000)
  from space 15360K, 0% used [0x00000000f6700000,0x00000000f6700000,0x00000000f7600000)
  to   space 15360K, 0% used [0x00000000ff100000,0x00000000ff100000,0x0000000100000000)
 ParOldGen       total 71168K, used 41058K [0x0000000081c00000, 0x0000000086180000, 0x00000000d5f00000)
  object space 71168K, 57% used [0x0000000081c00000,0x00000000844188a0,0x0000000086180000)
 Metaspace       used 57610K, capacity 58796K, committed 59096K, reserved 1101824K
  class space    used 6912K, capacity 7160K, committed 7296K, reserved 1048576K
}
Event: 47.158 GC heap before
{Heap before GC invocations=21 (full 3):
 PSYoungGen      total 547840K, used 532480K [0x00000000d5f00000, 0x0000000100000000, 0x0000000100000000)
  eden space 532480K, 100% used [0x00000000d5f00000,0x00000000f6700000,0x00000000f6700000)
  from space 15360K, 0% used [0x00000000f6700000,0x00000000f6700000,0x00000000f7600000)
  to   space 15360K, 0% used [0x00000000ff100000,0x00000000ff100000,0x0000000100000000)
 ParOldGen       total 71168K, used 41058K [0x0000000081c00000, 0x0000000086180000, 0x00000000d5f00000)
  object space 71168K, 57% used [0x0000000081c00000,0x00000000844188a0,0x0000000086180000)
 Metaspace       used 57848K, capacity 59104K, committed 59352K, reserved 1101824K
  class space    used 6929K, capacity 7204K, committed 7296K, reserved 1048576K
Event: 47.186 GC heap after
Heap after GC invocations=21 (full 3):
 PSYoungGen      total 673792K, used 1659K [0x00000000d5f00000, 0x0000000100000000, 0x0000000100000000)
  eden space 658432K, 0% used [0x00000000d5f00000,0x00000000d5f00000,0x00000000fe200000)
  from space 15360K, 10% used [0x00000000ff100000,0x00000000ff29ec60,0x0000000100000000)
  to   space 15360K, 0% used [0x00000000fe200000,0x00000000fe200000,0x00000000ff100000)
 ParOldGen       total 71168K, used 41066K [0x0000000081c00000, 0x0000000086180000, 0x00000000d5f00000)
  object space 71168K, 57% used [0x0000000081c00000,0x000000008441a8a0,0x0000000086180000)
 Metaspace       used 57848K, capacity 59104K, committed 59352K, reserved 1101824K
  class space    used 6929K, capacity 7204K, committed 7296K, reserved 1048576K
}
Event: 48.829 GC heap before
{Heap before GC invocations=22 (full 3):
 PSYoungGen      total 673792K, used 660091K [0x00000000d5f00000, 0x0000000100000000, 0x0000000100000000)
  eden space 658432K, 100% used [0x00000000d5f00000,0x00000000fe200000,0x00000000fe200000)
  from space 15360K, 10% used [0x00000000ff100000,0x00000000ff29ec60,0x0000000100000000)
  to   space 15360K, 0% used [0x00000000fe200000,0x00000000fe200000,0x00000000ff100000)
 ParOldGen       total 71168K, used 41066K [0x0000000081c00000, 0x0000000086180000, 0x00000000d5f00000)
  object space 71168K, 57% used [0x0000000081c00000,0x000000008441a8a0,0x0000000086180000)
 Metaspace       used 57998K, capacity 59190K, committed 59352K, reserved 1101824K
  class space    used 6930K, capacity 7205K, committed 7296K, reserved 1048576K
Event: 48.989 GC heap after
Heap after GC invocations=22 (full 3):
 PSYoungGen      total 673792K, used 1969K [0x00000000d5f00000, 0x0000000100000000, 0x0000000100000000)
  eden space 658432K, 0% used [0x00000000d5f00000,0x00000000d5f00000,0x00000000fe200000)
  from space 15360K, 12% used [0x00000000fe200000,0x00000000fe3ec778,0x00000000ff100000)
  to   space 15360K, 0% used [0x00000000ff100000,0x00000000ff100000,0x0000000100000000)
 ParOldGen       total 71168K, used 41548K [0x0000000081c00000, 0x0000000086180000, 0x00000000d5f00000)
  object space 71168K, 58% used [0x0000000081c00000,0x00000000844931d0,0x0000000086180000)
 Metaspace       used 57998K, capacity 59190K, committed 59352K, reserved 1101824K
  class space    used 6930K, capacity 7205K, committed 7296K, reserved 1048576K
}

Deoptimization events (10 events):
Event: 47.715 Thread 0x000000005b609800 Uncommon trap: reason=unstable_if action=reinterpret pc=0x0000000004212b54 method=com.mysql.jdbc.MysqlIO.nextRowFast([Lcom/mysql/jdbc/Field;IZIZZZ)Lcom/mysql/jdbc/ResultSetRow; @ 863
Event: 48.021 Thread 0x00000000023fc800 Uncommon trap: reason=unstable_if action=reinterpret pc=0x00000000043ccda0 method=java.util.HashMap.putVal(ILjava/lang/Object;Ljava/lang/Object;ZZ)Ljava/lang/Object; @ 109
Event: 48.029 Thread 0x00000000023fc800 Uncommon trap: reason=class_check action=maybe_recompile pc=0x000000000446ca04 method=com.fasterxml.classmate.util.ResolvedTypeCache$Key.equals(Ljava/lang/Object;)Z @ 108
Event: 48.030 Thread 0x00000000023fc800 Uncommon trap: reason=class_check action=maybe_recompile pc=0x000000000446ca04 method=com.fasterxml.classmate.util.ResolvedTypeCache$Key.equals(Ljava/lang/Object;)Z @ 108
Event: 48.030 Thread 0x00000000023fc800 Uncommon trap: reason=unstable_if action=reinterpret pc=0x0000000002aa495c method=java.util.HashMap.resize()[Ljava/util/HashMap$Node; @ 206
Event: 48.030 Thread 0x00000000023fc800 Uncommon trap: reason=class_check action=maybe_recompile pc=0x000000000446ca04 method=com.fasterxml.classmate.util.ResolvedTypeCache$Key.equals(Ljava/lang/Object;)Z @ 108
Event: 48.031 Thread 0x00000000023fc800 Uncommon trap: reason=predicate action=maybe_recompile pc=0x00000000044160d4 method=com.google.common.collect.Iterators.indexOf(Ljava/util/Iterator;Lcom/google/common/base/Predicate;)I @ 18
Event: 48.177 Thread 0x00000000023fc800 Uncommon trap: reason=class_check action=maybe_recompile pc=0x000000000446ca04 method=com.fasterxml.classmate.util.ResolvedTypeCache$Key.equals(Ljava/lang/Object;)Z @ 108
Event: 48.208 Thread 0x000000005f582800 Uncommon trap: reason=unstable_if action=reinterpret pc=0x00000000041571d0 method=com.mysql.jdbc.PreparedStatement$ParseInfo.<init>(Ljava/lang/String;Lcom/mysql/jdbc/MySQLConnection;Ljava/sql/DatabaseMetaData;Ljava/lang/String;Lcom/mysql/jdbc/SingleByteCh
Event: 48.452 Thread 0x00000000023fc800 Uncommon trap: reason=unstable_if action=reinterpret pc=0x00000000027bb140 method=java.lang.CharacterData.of(I)Ljava/lang/CharacterData; @ 4

Internal exceptions (10 events):
Event: 47.951 Thread 0x000000005d3a1000 Exception <a 'java/lang/ClassCastException': com.siti.wisdomhydrologic.realmessageprocess.vo.RealVo cannot be cast to com.siti.wisdomhydrologic.realmessageprocess.vo.TSDBVo> (0x00000000e9eff438) thrown at [C:\re\workspace\8-2-build-windows-amd64-cygwin\jd
Event: 47.956 Thread 0x000000005b602800 Exception <a 'java/lang/ClassCastException': com.siti.wisdomhydrologic.realmessageprocess.vo.RealVo cannot be cast to com.siti.wisdomhydrologic.realmessageprocess.vo.TSDBVo> (0x00000000ea2dc708) thrown at [C:\re\workspace\8-2-build-windows-amd64-cygwin\jd
Event: 48.007 Thread 0x000000005b607000 Exception <a 'java/lang/ClassCastException': com.siti.wisdomhydrologic.realmessageprocess.vo.RealVo cannot be cast to com.siti.wisdomhydrologic.realmessageprocess.vo.TSDBVo> (0x00000000eabc7c30) thrown at [C:\re\workspace\8-2-build-windows-amd64-cygwin\jd
Event: 48.081 Thread 0x000000005d3a3000 Exception <a 'java/lang/ClassCastException': com.siti.wisdomhydrologic.realmessageprocess.vo.RealVo cannot be cast to com.siti.wisdomhydrologic.realmessageprocess.vo.TSDBVo> (0x00000000ec71b670) thrown at [C:\re\workspace\8-2-build-windows-amd64-cygwin\jd
Event: 48.226 Thread 0x000000005b603000 Exception <a 'java/lang/ClassCastException': com.siti.wisdomhydrologic.realmessageprocess.vo.RealVo cannot be cast to com.siti.wisdomhydrologic.realmessageprocess.vo.TSDBVo> (0x00000000f16acfa8) thrown at [C:\re\workspace\8-2-build-windows-amd64-cygwin\jd
Event: 48.227 Thread 0x000000005b602800 Exception <a 'java/lang/ClassCastException': com.siti.wisdomhydrologic.realmessageprocess.vo.RealVo cannot be cast to com.siti.wisdomhydrologic.realmessageprocess.vo.TSDBVo> (0x00000000f15a9ea8) thrown at [C:\re\workspace\8-2-build-windows-amd64-cygwin\jd
Event: 48.419 Thread 0x000000005d3a0000 Exception <a 'java/lang/ClassCastException': com.siti.wisdomhydrologic.realmessageprocess.vo.RealVo cannot be cast to com.siti.wisdomhydrologic.realmessageprocess.vo.TSDBVo> (0x00000000f61e7488) thrown at [C:\re\workspace\8-2-build-windows-amd64-cygwin\jd
Event: 48.419 Thread 0x000000005b607000 Exception <a 'java/lang/ClassCastException': com.siti.wisdomhydrologic.realmessageprocess.vo.RealVo cannot be cast to com.siti.wisdomhydrologic.realmessageprocess.vo.TSDBVo> (0x00000000f6352f00) thrown at [C:\re\workspace\8-2-build-windows-amd64-cygwin\jd
Event: 48.507 Thread 0x000000005d3a4000 Exception <a 'java/lang/ClassCastException': com.siti.wisdomhydrologic.realmessageprocess.vo.RealVo cannot be cast to com.siti.wisdomhydrologic.realmessageprocess.vo.TSDBVo> (0x00000000f8231e40) thrown at [C:\re\workspace\8-2-build-windows-amd64-cygwin\jd
Event: 48.710 Thread 0x000000005d3a0000 Exception <a 'java/lang/ClassCastException': com.siti.wisdomhydrologic.realmessageprocess.vo.RealVo cannot be cast to com.siti.wisdomhydrologic.realmessageprocess.vo.TSDBVo> (0x00000000fc245448) thrown at [C:\re\workspace\8-2-build-windows-amd64-cygwin\jd

Events (10 events):
Event: 48.738 Thread 0x000000005b604000 Thread exited: 0x000000005b604000
Event: 48.740 Thread 0x000000005b608000 DEOPT PACKING pc=0x00000000044d732b sp=0x000000006df0cf40
Event: 48.740 Thread 0x000000005b608000 DEOPT UNPACKING pc=0x00000000026d787f sp=0x000000006df0ce00 mode 0
Event: 48.752 Thread 0x000000005b604000 Thread added: 0x000000005b604000
Event: 48.777 Executing VM operation: RevokeBias
Event: 48.792 Executing VM operation: RevokeBias done
Event: 48.812 Thread 0x000000005b609800 DEOPT PACKING pc=0x00000000044d732b sp=0x000000006d7ad090
Event: 48.812 Thread 0x000000005b609800 DEOPT UNPACKING pc=0x00000000026d787f sp=0x000000006d7acf50 mode 0
Event: 48.817 Thread 0x000000005b604800 Thread added: 0x000000005b604800
Event: 48.821 Executing VM operation: ParallelGCFailedAllocation


Dynamic libraries:
0x000000013fa40000 - 0x000000013fa77000 	C:\Program Files\Java\jdk1.8.0_131\bin\java.exe
0x00000000776b0000 - 0x000000007784f000 	C:\Windows\SYSTEM32\ntdll.dll
0x0000000077590000 - 0x00000000776af000 	C:\Windows\system32\kernel32.dll
0x000007fefd4b0000 - 0x000007fefd517000 	C:\Windows\system32\KERNELBASE.dll
0x000007feff8a0000 - 0x000007feff97b000 	C:\Windows\system32\ADVAPI32.dll
0x000007fefe950000 - 0x000007fefe9ef000 	C:\Windows\system32\msvcrt.dll
0x000007feff980000 - 0x000007feff99f000 	C:\Windows\SYSTEM32\sechost.dll
0x000007fefd640000 - 0x000007fefd76c000 	C:\Windows\system32\RPCRT4.dll
0x0000000077490000 - 0x000000007758a000 	C:\Windows\system32\USER32.dll
0x000007fefeeb0000 - 0x000007fefef17000 	C:\Windows\system32\GDI32.dll
0x000007fefe9f0000 - 0x000007fefe9fe000 	C:\Windows\system32\LPK.dll
0x000007feff320000 - 0x000007feff3eb000 	C:\Windows\system32\USP10.dll
0x000007fefba70000 - 0x000007fefbc65000 	C:\Windows\WinSxS\amd64_microsoft.windows.common-controls_6595b64144ccf1df_6.0.7601.24483_none_e372d88f30fbb845\COMCTL32.dll
0x000007fefd770000 - 0x000007fefd7e1000 	C:\Windows\system32\SHLWAPI.dll
0x000007feff870000 - 0x000007feff89e000 	C:\Windows\system32\IMM32.DLL
0x000007feff210000 - 0x000007feff319000 	C:\Windows\system32\MSCTF.dll
0x000000005d9e0000 - 0x000000005dab2000 	C:\Program Files\Java\jdk1.8.0_131\jre\bin\msvcr100.dll
0x0000000070150000 - 0x00000000709ec000 	C:\Program Files\Java\jdk1.8.0_131\jre\bin\server\jvm.dll
0x000007fef0a30000 - 0x000007fef0a39000 	C:\Windows\system32\WSOCK32.dll
0x000007fefefc0000 - 0x000007feff00d000 	C:\Windows\system32\WS2_32.dll
0x000007feff860000 - 0x000007feff868000 	C:\Windows\system32\NSI.dll
0x000007fef94d0000 - 0x000007fef950b000 	C:\Windows\system32\WINMM.dll
0x000007fefc200000 - 0x000007fefc20c000 	C:\Windows\system32\VERSION.dll
0x0000000077850000 - 0x0000000077857000 	C:\Windows\system32\PSAPI.DLL
0x000000006f500000 - 0x000000006f50f000 	C:\Program Files\Java\jdk1.8.0_131\jre\bin\verify.dll
0x000000005bf20000 - 0x000000005bf49000 	C:\Program Files\Java\jdk1.8.0_131\jre\bin\java.dll
0x000000005a050000 - 0x000000005a085000 	C:\Program Files\Java\jdk1.8.0_131\jre\bin\jdwp.dll
0x000000005ada0000 - 0x000000005ada8000 	C:\Program Files\Java\jdk1.8.0_131\jre\bin\npt.dll
0x000000006f4e0000 - 0x000000006f4f6000 	C:\Program Files\Java\jdk1.8.0_131\jre\bin\zip.dll
0x000007fefdba0000 - 0x000007fefe92b000 	C:\Windows\system32\SHELL32.dll
0x000007feff010000 - 0x000007feff20f000 	C:\Windows\system32\ole32.dll
0x000007fefd200000 - 0x000007fefd20f000 	C:\Windows\system32\profapi.dll
0x000000005ad90000 - 0x000000005ad99000 	C:\Program Files\Java\jdk1.8.0_131\jre\bin\dt_socket.dll
0x000007fefc210000 - 0x000007fefc38a000 	C:\Program Files (x86)\Sangfor\SSL\ClientComponent2\SangforTcpX64.dll
0x000007fefd7f0000 - 0x000007fefd8cb000 	C:\Windows\system32\OLEAUT32.dll
0x000007fefd520000 - 0x000007fefd55b000 	C:\Windows\system32\WINTRUST.dll
0x000007fefd240000 - 0x000007fefd3ad000 	C:\Windows\system32\CRYPT32.dll
0x000007fefd210000 - 0x000007fefd21f000 	C:\Windows\system32\MSASN1.dll
0x000007fefc910000 - 0x000007fefc965000 	C:\Windows\system32\mswsock.dll
0x000007fefc1f0000 - 0x000007fefc1f7000 	C:\Windows\System32\wshtcpip.dll
0x000000005ad80000 - 0x000000005ad8d000 	C:\Program Files\Java\jdk1.8.0_131\jre\bin\management.dll
0x000000005c6f0000 - 0x000000005c70a000 	C:\Program Files\Java\jdk1.8.0_131\jre\bin\net.dll
0x000007fefc900000 - 0x000007fefc907000 	C:\Windows\System32\wship6.dll
0x000007fefa290000 - 0x000007fefa2bd000 	C:\Program Files (x86)\Sangfor\SSL\ClientComponent2\SangforNspX64.dll
0x000007fefb100000 - 0x000007fefb115000 	C:\Windows\system32\NLAapi.dll
0x000007feefff0000 - 0x000007fef0005000 	C:\Windows\system32\napinsp.dll
0x000007fee7cb0000 - 0x000007fee7cc9000 	C:\Windows\system32\pnrpnsp.dll
0x000007fefc790000 - 0x000007fefc7eb000 	C:\Windows\system32\DNSAPI.dll
0x000007fef09d0000 - 0x000007fef09db000 	C:\Windows\System32\winrnr.dll
0x000007fefaab0000 - 0x000007fefaad7000 	C:\Windows\system32\IPHLPAPI.DLL
0x000007fefaaa0000 - 0x000007fefaaab000 	C:\Windows\system32\WINNSI.DLL
0x000007fefa060000 - 0x000007fefa068000 	C:\Windows\system32\rasadhlp.dll
0x000007fefa860000 - 0x000007fefa8b3000 	C:\Windows\System32\fwpuclnt.dll
0x000000006f4a0000 - 0x000000006f4b1000 	C:\Program Files\Java\jdk1.8.0_131\jre\bin\nio.dll
0x000007fefc970000 - 0x000007fefc988000 	C:\Windows\system32\CRYPTSP.dll
0x000007fefc670000 - 0x000007fefc6b7000 	C:\Windows\system32\rsaenh.dll
0x000007fefd220000 - 0x000007fefd23f000 	C:\Windows\system32\USERENV.dll
0x000007fefd000000 - 0x000007fefd00f000 	C:\Windows\system32\CRYPTBASE.dll
0x000007fefa7f0000 - 0x000007fefa801000 	C:\Windows\system32\dhcpcsvc6.DLL
0x000007fefa770000 - 0x000007fefa788000 	C:\Windows\system32\dhcpcsvc.DLL

VM Arguments:
jvm_args: -agentlib:jdwp=transport=dt_socket,address=127.0.0.1:62743,suspend=y,server=n -Dfile.encoding=UTF-8 
java_command: com.siti.wisdomhydrologic.SQApplication
java_class_path (initial): C:\Program Files\Java\jdk1.8.0_131\jre\lib\charsets.jar;C:\Program Files\Java\jdk1.8.0_131\jre\lib\deploy.jar;C:\Program Files\Java\jdk1.8.0_131\jre\lib\ext\access-bridge-64.jar;C:\Program Files\Java\jdk1.8.0_131\jre\lib\ext\cldrdata.jar;C:\Program Files\Java\jdk1.8.0_131\jre\lib\ext\dnsns.jar;C:\Program Files\Java\jdk1.8.0_131\jre\lib\ext\jaccess.jar;C:\Program Files\Java\jdk1.8.0_131\jre\lib\ext\jfxrt.jar;C:\Program Files\Java\jdk1.8.0_131\jre\lib\ext\localedata.jar;C:\Program Files\Java\jdk1.8.0_131\jre\lib\ext\nashorn.jar;C:\Program Files\Java\jdk1.8.0_131\jre\lib\ext\sunec.jar;C:\Program Files\Java\jdk1.8.0_131\jre\lib\ext\sunjce_provider.jar;C:\Program Files\Java\jdk1.8.0_131\jre\lib\ext\sunmscapi.jar;C:\Program Files\Java\jdk1.8.0_131\jre\lib\ext\sunpkcs11.jar;C:\Program Files\Java\jdk1.8.0_131\jre\lib\ext\zipfs.jar;C:\Program Files\Java\jdk1.8.0_131\jre\lib\javaws.jar;C:\Program Files\Java\jdk1.8.0_131\jre\lib\jce.jar;C:\Program Files\Java\jdk1.8.0_131\jre\lib\jfr.jar;C:\Program Files\Java\jdk1.8.0_131\jre\lib\jfxswt.jar;C:\Program Files\Java\jdk1.8.0_131\jre\lib\jsse.jar;C:\Program Files\Java\jdk1.8.0_131\jre\lib\management-agent.jar;C:\Program Files\Java\jdk1.8.0_131\jre\lib\plugin.jar;C:\Program Files\Java\jdk1.8.0_131\jre\lib\resources.jar;C:\Program Files\Java\jdk1.8.0_131\jre\lib\rt.jar;H:\mavenWorkspace\sq\target\classes;H:\mavenWorkspace\sq\lib\javax.jms.jar;H:\mavenWorkspace\sq\lib\javax.ejb.jar;H:\mavenWorkspace\sq\lib\javax.persistence.jar;H:\mavenWorkspace\sq\lib\javax.transaction.jar;H:\mavenWorkspace\sq\lib\javax.servlet.jsp.jar;H:\mavenWorkspace\sq\lib\javax.servlet.jsp.jstl.jar;H:\mavenWorkspace\sq\lib\javax.resource.jar;H:\server\repository\org\springframework\boot\spring-boot-starter-web\1.5.4.RELEASE\spring-boot-starter-web-1.5.4.RELEASE.jar;H:\server\repository\org\springframework\boot\spring-boot-starter\1.5.4.RELEASE\spring-boot-starter-1.5.4.RELEASE.jar;H:\server\repository\org\springframework\boot\spring-b
Launcher Type: SUN_STANDARD

Environment Variables:
JAVA_HOME=C:\Program Files\Java\jdk1.8.0_131
CLASSPATH=.;C:\Program Files\Java\jdk1.8.0_131\lib\dt.jar;C:\Program Files\Java\jdk1.8.0_131\lib\tools.jar;
PATH=H:\app\dell\product\11.2.0\dbhome_1\bin;H:\Program Files\zookeeper-3.4.12\bin;C:\Program Files\Java\jdk1.8.0_131\bin;C:\Windows\system32;C:\Windows;C:\Windows\System32\Wbem;C:\Windows\System32\WindowsPowerShell\v1.0\;H:\software\yiibai\spring-1.4.3.RELEASE\bin;H:\server\apache-maven-3.5.2\bin;C:\Program Files\Java\jdk1.8.0_131\bin;C:\Program Files\Java\jdk1.8.0_131\jre\bin;H:\nodejs\;H:\nodejs\node_modules;H:\nodejs\node_modules\npm\node_global_modules\;C:\Program Files (x86)\MySQL\MySQL Utilities 1.3.6\;C:\Program Files\Microsoft SQL Server\120\DTS\Binn\;C:\Program Files\Microsoft SQL Server\Client SDK\ODBC\110\Tools\Binn\;C:\Program Files (x86)\Microsoft SQL Server\120\Tools\Binn\;C:\Program Files\Microsoft SQL Server\120\Tools\Binn\;C:\Program Files (x86)\Microsoft SQL Server\120\Tools\Binn\ManagementStudio\;C:\Program Files (x86)\Microsoft SQL Server\120\DTS\Binn\;C:\Cygwin\bin;C:\Program Files\TortoiseSVN\bin;D:\Python37;C:\Program Files\Git\cmd;H:\Python37\Scripts\;H:\Python37\;C:\Users\dell\AppData\Roaming\npm;H:\Program Files (x86)\SSH Communications Security\SSH Secure Shell
USERNAME=dell
OS=Windows_NT
PROCESSOR_IDENTIFIER=Intel64 Family 6 Model 94 Stepping 3, GenuineIntel



---------------  S Y S T E M  ---------------

OS: Windows 7 , 64 bit Build 7601 (6.1.7601.24499)

CPU:total 4 (initial active 4) (4 cores per cpu, 1 threads per core) family 6 model 94 stepping 3, cmov, cx8, fxsr, mmx, sse, sse2, sse3, ssse3, sse4.1, sse4.2, popcnt, avx, avx2, aes, clmul, erms, rtm, 3dnowpref, lzcnt, tsc, tscinvbit, bmi1, bmi2, adx

Memory: 4k page, physical 8270844k(424844k free), swap 14560400k(5640k free)

vm_info: Java HotSpot(TM) 64-Bit Server VM (25.131-b11) for windows-amd64 JRE (1.8.0_131-b11), built on Mar 15 2017 01:23:53 by "java_re" with MS VC++ 10.0 (VS2010)

time: Fri Aug 09 16:47:33 2019
elapsed time: 49 seconds (0d 0h 0m 49s)

