#
# There is insufficient memory for the Java Runtime Environment to continue.
# Native memory allocation (malloc) failed to allocate 32744 bytes for ChunkPool::allocate
# Possible reasons:
#   The system is out of physical RAM or swap space
#   In 32 bit mode, the process size limit was hit
# Possible solutions:
#   Reduce memory load on the system
#   Increase physical memory or swap space
#   Check if swap backing store is full
#   Use 64 bit Java on a 64 bit OS
#   Decrease Java heap size (-Xmx/-Xms)
#   Decrease number of Java threads
#   Decrease Java thread stack sizes (-Xss)
#   Set larger code cache with -XX:ReservedCodeCacheSize=
# This output file may be truncated or incomplete.
#
#  Out of Memory Error (allocation.cpp:273), pid=8216, tid=0x0000000000002390
#
# JRE version: Java(TM) SE Runtime Environment (8.0_131-b11) (build 1.8.0_131-b11)
# Java VM: Java HotSpot(TM) 64-Bit Server VM (25.131-b11 mixed mode windows-amd64 compressed oops)
# Failed to write core dump. Minidumps are not enabled by default on client versions of Windows
#

---------------  T H R E A D  ---------------

Current thread (0x0000000059565000):  JavaThread "C2 CompilerThread1" daemon [_thread_in_native, id=9104, stack(0x0000000059ed0000,0x0000000059fd0000)]

Stack: [0x0000000059ed0000,0x0000000059fd0000]
[error occurred during error reporting (printing stack bounds), id 0xc0000005]

Native frames: (J=compiled Java code, j=interpreted, Vv=VM code, C=native code)


Current CompileTask:
C2:  32513 9007       4       org.apache.ibatis.plugin.Plugin::wrap (45 bytes)


---------------  P R O C E S S  ---------------

Java Threads: ( => current thread )
  0x000000005f748800 JavaThread "ColorsExecutor1" [_thread_new, id=12008, stack(0x0000000000000000,0x0000000000000000)]
  0x000000005f74a800 JavaThread "Thread-133" [_thread_in_Java, id=5104, stack(0x000000006a160000,0x000000006a260000)]
  0x000000005af32800 JavaThread "ColorsExecutor1" [_thread_new, id=12200, stack(0x0000000000000000,0x0000000000000000)]
  0x000000005d2e9800 JavaThread "ColorsExecutor1" [_thread_new, id=9012, stack(0x0000000000000000,0x0000000000000000)]
  0x000000005d2e8800 JavaThread "ColorsExecutor1" [_thread_in_native, id=3064, stack(0x000000006a460000,0x000000006a560000)]
  0x000000005d2e5800 JavaThread "ColorsExecutor1" [_thread_new, id=12668, stack(0x0000000000000000,0x0000000000000000)]
  0x000000005d2e8000 JavaThread "ColorsExecutor1" [_thread_in_native, id=12324, stack(0x000000006a310000,0x000000006a410000)]
  0x000000005d2e7000 JavaThread "ColorsExecutor1" [_thread_in_native, id=12092, stack(0x00000000606f0000,0x00000000607f0000)]
  0x000000005d2e6800 JavaThread "DestroyJavaVM" [_thread_blocked, id=13184, stack(0x00000000027a0000,0x00000000028a0000)]
  0x000000005f74a000 JavaThread "ColorsExecutor1" [_thread_in_native, id=3068, stack(0x0000000068c10000,0x0000000068d10000)]
  0x000000005d2e4800 JavaThread "http-nio-8099-AsyncTimeout" daemon [_thread_blocked, id=13304, stack(0x000000006a030000,0x000000006a130000)]
  0x000000005f712800 JavaThread "http-nio-8099-Acceptor-0" daemon [_thread_in_native, id=4704, stack(0x0000000069e90000,0x0000000069f90000)]
  0x000000005d2e4000 JavaThread "http-nio-8099-ClientPoller-1" daemon [_thread_in_native, id=12996, stack(0x0000000069d80000,0x0000000069e80000)]
  0x000000005d2e3000 JavaThread "http-nio-8099-ClientPoller-0" daemon [_thread_in_native, id=11500, stack(0x0000000067680000,0x0000000067780000)]
  0x000000005d2e2800 JavaThread "http-nio-8099-exec-10" daemon [_thread_blocked, id=11588, stack(0x0000000068ab0000,0x0000000068bb0000)]
  0x00000000595d4000 JavaThread "http-nio-8099-exec-9" daemon [_thread_blocked, id=13308, stack(0x0000000069b20000,0x0000000069c20000)]
  0x00000000595d4800 JavaThread "http-nio-8099-exec-8" daemon [_thread_blocked, id=4868, stack(0x00000000699b0000,0x0000000069ab0000)]
  0x000000005f711000 JavaThread "http-nio-8099-exec-7" daemon [_thread_blocked, id=6564, stack(0x00000000697c0000,0x00000000698c0000)]
  0x000000005f710800 JavaThread "http-nio-8099-exec-6" daemon [_thread_blocked, id=12908, stack(0x00000000605e0000,0x00000000606e0000)]
  0x000000005f70f800 JavaThread "http-nio-8099-exec-5" daemon [_thread_blocked, id=6596, stack(0x0000000069610000,0x0000000069710000)]
  0x000000005df70800 JavaThread "http-nio-8099-exec-4" daemon [_thread_blocked, id=12844, stack(0x0000000068f40000,0x0000000069040000)]
  0x000000005df72000 JavaThread "http-nio-8099-exec-3" daemon [_thread_blocked, id=9184, stack(0x0000000069500000,0x0000000069600000)]
  0x000000005df73800 JavaThread "http-nio-8099-exec-2" daemon [_thread_blocked, id=6276, stack(0x0000000069350000,0x0000000069450000)]
  0x000000005f745800 JavaThread "http-nio-8099-exec-1" daemon [_thread_blocked, id=3336, stack(0x0000000069210000,0x0000000069310000)]
  0x000000005f712000 JavaThread "NioBlockingSelector.BlockPoller-1" daemon [_thread_in_native, id=6488, stack(0x0000000068650000,0x0000000068750000)]
  0x00000000595da000 JavaThread "ColorsExecutor1" [_thread_in_Java, id=12708, stack(0x0000000067f30000,0x0000000068030000)]
  0x00000000595d5800 JavaThread "ColorsExecutor1" [_thread_in_Java, id=10640, stack(0x00000000684b0000,0x00000000685b0000)]
  0x00000000595d8800 JavaThread "ColorsExecutor1" [_thread_in_native, id=12508, stack(0x00000000671d0000,0x00000000672d0000)]
  0x000000005f746000 JavaThread "ColorsExecutor1" [_thread_blocked, id=12360, stack(0x0000000068940000,0x0000000068a40000)]
  0x00000000595da800 JavaThread "ColorsExecutor1" [_thread_in_native, id=7284, stack(0x0000000066410000,0x0000000066510000)]
  0x00000000595d9000 JavaThread "ColorsExecutor1" [_thread_in_Java, id=3512, stack(0x0000000067a10000,0x0000000067b10000)]
  0x000000005f70e000 JavaThread "ColorsExecutor1" [_thread_in_native, id=13044, stack(0x0000000067780000,0x0000000067880000)]
  0x000000005f744800 JavaThread "ColorsExecutor1" [_thread_in_Java, id=10252, stack(0x00000000678a0000,0x00000000679a0000)]
  0x00000000595d7000 JavaThread "ColorsExecutor1" [_thread_in_Java, id=12712, stack(0x0000000067480000,0x0000000067580000)]
  0x00000000595d6000 JavaThread "ColorsExecutor1" [_thread_in_native, id=12004, stack(0x0000000066af0000,0x0000000066bf0000)]
  0x000000005af31800 JavaThread "ColorsExecutor1" [_thread_in_Java, id=2744, stack(0x0000000069060000,0x0000000069160000)]
  0x000000005f749000 JavaThread "ColorsExecutor1" [_thread_blocked, id=9728, stack(0x0000000068e30000,0x0000000068f30000)]
  0x000000005f70f000 JavaThread "ColorsExecutor1" [_thread_blocked, id=12196, stack(0x00000000687a0000,0x00000000688a0000)]
  0x000000005f713800 JavaThread "ColorsExecutor1" [_thread_blocked, id=11244, stack(0x00000000680a0000,0x00000000681a0000)]
  0x000000005df72800 JavaThread "ColorsExecutor1" [_thread_in_vm, id=11544, stack(0x0000000067580000,0x0000000067680000)]
  0x000000005df71000 JavaThread "ColorsExecutor1" [_thread_blocked, id=12960, stack(0x0000000067d40000,0x0000000067e40000)]
  0x000000005f70d800 JavaThread "SimpleAsyncTaskExecutor-2" [_thread_blocked, id=11744, stack(0x0000000066d70000,0x0000000066e70000)]
  0x000000005f70c800 JavaThread "SimpleAsyncTaskExecutor-1" [_thread_blocked, id=10004, stack(0x0000000066bf0000,0x0000000066cf0000)]
  0x000000005a83e800 JavaThread "SimpleAsyncTaskExecutor-2" [_thread_blocked, id=7576, stack(0x00000000669f0000,0x0000000066af0000)]
  0x000000005a83d800 JavaThread "SimpleAsyncTaskExecutor-1" [_thread_blocked, id=12820, stack(0x0000000061c20000,0x0000000061d20000)]
  0x000000005a83c800 JavaThread "SimpleAsyncTaskExecutor-2" [_thread_blocked, id=1332, stack(0x00000000668d0000,0x00000000669d0000)]
  0x000000005a83c000 JavaThread "SimpleAsyncTaskExecutor-1" [_thread_blocked, id=2044, stack(0x00000000667d0000,0x00000000668d0000)]
  0x000000005a83b000 JavaThread "SimpleAsyncTaskExecutor-2" [_thread_blocked, id=6260, stack(0x00000000662e0000,0x00000000663e0000)]
  0x000000005a83a800 JavaThread "SimpleAsyncTaskExecutor-1" [_thread_blocked, id=9416, stack(0x00000000661a0000,0x00000000662a0000)]
  0x000000005a839800 JavaThread "SimpleAsyncTaskExecutor-2" [_thread_blocked, id=12184, stack(0x0000000066670000,0x0000000066770000)]
  0x000000005a839000 JavaThread "SimpleAsyncTaskExecutor-1" [_thread_blocked, id=13216, stack(0x0000000066570000,0x0000000066670000)]
  0x000000005a838000 JavaThread "SimpleAsyncTaskExecutor-2" [_thread_blocked, id=11484, stack(0x00000000660a0000,0x00000000661a0000)]
  0x000000005a837800 JavaThread "SimpleAsyncTaskExecutor-1" [_thread_blocked, id=11136, stack(0x0000000065dc0000,0x0000000065ec0000)]
  0x000000005a389000 JavaThread "pool-4-thread-10" [_thread_blocked, id=11896, stack(0x0000000065ec0000,0x0000000065fc0000)]
  0x000000005a388800 JavaThread "pool-4-thread-9" [_thread_blocked, id=10808, stack(0x0000000065750000,0x0000000065850000)]
  0x000000005a387800 JavaThread "SimpleAsyncTaskExecutor-2" [_thread_blocked, id=7668, stack(0x00000000654c0000,0x00000000655c0000)]
  0x000000005a387000 JavaThread "SimpleAsyncTaskExecutor-1" [_thread_blocked, id=8636, stack(0x0000000064df0000,0x0000000064ef0000)]
  0x000000005a386000 JavaThread "pool-4-thread-8" [_thread_blocked, id=6632, stack(0x0000000065330000,0x0000000065430000)]
  0x000000005a385800 JavaThread "pool-4-thread-7" [_thread_blocked, id=10688, stack(0x0000000064f50000,0x0000000065050000)]
  0x000000005a384800 JavaThread "SimpleAsyncTaskExecutor-2" [_thread_blocked, id=12672, stack(0x0000000065c40000,0x0000000065d40000)]
  0x000000005a384000 JavaThread "SimpleAsyncTaskExecutor-1" [_thread_blocked, id=6108, stack(0x0000000061e30000,0x0000000061f30000)]
  0x000000005a383000 JavaThread "pool-4-thread-6" [_thread_blocked, id=10340, stack(0x0000000065ae0000,0x0000000065be0000)]
  0x000000005a382800 JavaThread "pool-4-thread-5" [_thread_blocked, id=8908, stack(0x00000000659c0000,0x0000000065ac0000)]
  0x000000005c7fe000 JavaThread "SimpleAsyncTaskExecutor-2" [_thread_blocked, id=5876, stack(0x0000000065870000,0x0000000065970000)]
  0x000000005c7fd000 JavaThread "SimpleAsyncTaskExecutor-1" [_thread_blocked, id=3984, stack(0x00000000650a0000,0x00000000651a0000)]
  0x000000005c7fc800 JavaThread "pool-4-thread-4" [_thread_blocked, id=13136, stack(0x00000000655e0000,0x00000000656e0000)]
  0x000000005c7fb800 JavaThread "pool-4-thread-3" [_thread_blocked, id=12364, stack(0x0000000065200000,0x0000000065300000)]
  0x000000005c7fb000 JavaThread "pool-4-thread-2" [_thread_blocked, id=12384, stack(0x0000000064b90000,0x0000000064c90000)]
  0x000000005c7fa000 JavaThread "AMQP Connection 114.80.231.178:5671" [_thread_in_native, id=9812, stack(0x0000000064cc0000,0x0000000064dc0000)]
  0x000000005c7f9800 JavaThread "SimpleAsyncTaskExecutor-2" [_thread_blocked, id=7516, stack(0x0000000064940000,0x0000000064a40000)]
  0x000000005c7f8800 JavaThread "SimpleAsyncTaskExecutor-1" [_thread_blocked, id=12072, stack(0x0000000064840000,0x0000000064940000)]
  0x000000005c7f8000 JavaThread "QuartzScheduler_schedulerFactoryBean-dell-PC1565345352079_MisfireHandler" [_thread_blocked, id=9760, stack(0x0000000062ff0000,0x00000000630f0000)]
  0x000000005c7f7000 JavaThread "QuartzScheduler_schedulerFactoryBean-dell-PC1565345352079_ClusterManager" [_thread_blocked, id=8308, stack(0x0000000063730000,0x0000000063830000)]
  0x000000005d1b8800 JavaThread "commons-pool-EvictionTimer" daemon [_thread_blocked, id=12536, stack(0x0000000063170000,0x0000000063270000)]
  0x000000005d1b7000 JavaThread "Abandoned connection cleanup thread" daemon [_thread_blocked, id=10116, stack(0x00000000626f0000,0x00000000627f0000)]
  0x000000005d1b6000 JavaThread "Tomcat JDBC Pool Cleaner[414493378:1565345352114]" daemon [_thread_blocked, id=7148, stack(0x0000000062180000,0x0000000062280000)]
  0x000000005d1b5800 JavaThread "schedulerFactoryBean_QuartzSchedulerThread" daemon [_thread_blocked, id=8356, stack(0x00000000625a0000,0x00000000626a0000)]
  0x000000005d1b4800 JavaThread "schedulerFactoryBean_Worker-20" daemon [_thread_blocked, id=10524, stack(0x0000000062410000,0x0000000062510000)]
  0x000000005d1b4000 JavaThread "schedulerFactoryBean_Worker-19" daemon [_thread_blocked, id=12280, stack(0x00000000622c0000,0x00000000623c0000)]
  0x000000005d1b3000 JavaThread "schedulerFactoryBean_Worker-18" daemon [_thread_blocked, id=8452, stack(0x0000000061860000,0x0000000061960000)]
  0x000000005d1b2800 JavaThread "schedulerFactoryBean_Worker-17" daemon [_thread_blocked, id=2696, stack(0x0000000062060000,0x0000000062160000)]
  0x000000005af40000 JavaThread "schedulerFactoryBean_Worker-16" daemon [_thread_blocked, id=9768, stack(0x0000000061f30000,0x0000000062030000)]
  0x000000005af3f000 JavaThread "schedulerFactoryBean_Worker-15" daemon [_thread_blocked, id=5920, stack(0x0000000061d30000,0x0000000061e30000)]
  0x000000005af3e800 JavaThread "schedulerFactoryBean_Worker-14" daemon [_thread_blocked, id=4916, stack(0x0000000061340000,0x0000000061440000)]
  0x000000005af3d800 JavaThread "schedulerFactoryBean_Worker-13" daemon [_thread_blocked, id=3936, stack(0x0000000061b20000,0x0000000061c20000)]
  0x000000005af3d000 JavaThread "schedulerFactoryBean_Worker-12" daemon [_thread_blocked, id=10292, stack(0x0000000061960000,0x0000000061a60000)]
  0x000000005af3c000 JavaThread "schedulerFactoryBean_Worker-11" daemon [_thread_blocked, id=3236, stack(0x0000000061740000,0x0000000061840000)]
  0x000000005af3b800 JavaThread "schedulerFactoryBean_Worker-10" daemon [_thread_blocked, id=13212, stack(0x00000000615b0000,0x00000000616b0000)]
  0x000000005af3a800 JavaThread "schedulerFactoryBean_Worker-9" daemon [_thread_blocked, id=11344, stack(0x0000000061440000,0x0000000061540000)]
  0x000000005af3a000 JavaThread "schedulerFactoryBean_Worker-8" daemon [_thread_blocked, id=10368, stack(0x000000005ba10000,0x000000005bb10000)]
  0x000000005af39000 JavaThread "schedulerFactoryBean_Worker-7" daemon [_thread_blocked, id=4104, stack(0x00000000611e0000,0x00000000612e0000)]
  0x000000005af38800 JavaThread "schedulerFactoryBean_Worker-6" daemon [_thread_blocked, id=11128, stack(0x0000000060ff0000,0x00000000610f0000)]
  0x000000005af37800 JavaThread "schedulerFactoryBean_Worker-5" daemon [_thread_blocked, id=11844, stack(0x0000000060ef0000,0x0000000060ff0000)]
  0x000000005af37000 JavaThread "schedulerFactoryBean_Worker-4" daemon [_thread_blocked, id=11720, stack(0x000000005d8e0000,0x000000005d9e0000)]
  0x000000005af36000 JavaThread "schedulerFactoryBean_Worker-3" daemon [_thread_blocked, id=10148, stack(0x000000005c5c0000,0x000000005c6c0000)]
  0x000000005af35800 JavaThread "schedulerFactoryBean_Worker-2" daemon [_thread_blocked, id=10604, stack(0x0000000060dc0000,0x0000000060ec0000)]
  0x000000005af34800 JavaThread "schedulerFactoryBean_Worker-1" daemon [_thread_blocked, id=11236, stack(0x00000000604d0000,0x00000000605d0000)]
  0x000000005af34000 JavaThread "container-0" [_thread_blocked, id=9192, stack(0x0000000060880000,0x0000000060980000)]
  0x000000005af33000 JavaThread "ContainerBackgroundProcessor[StandardEngine[Tomcat]]" daemon [_thread_blocked, id=12824, stack(0x000000005be20000,0x000000005bf20000)]
  0x0000000059a0d000 JavaThread "logback-1" daemon [_thread_blocked, id=3872, stack(0x000000005bb20000,0x000000005bc20000)]
  0x00000000595ca000 JavaThread "Service Thread" daemon [_thread_blocked, id=10520, stack(0x0000000058950000,0x0000000058a50000)]
  0x0000000059565800 JavaThread "C1 CompilerThread2" daemon [_thread_blocked, id=8096, stack(0x0000000058f80000,0x0000000059080000)]
=>0x0000000059565000 JavaThread "C2 CompilerThread1" daemon [_thread_in_native, id=9104, stack(0x0000000059ed0000,0x0000000059fd0000)]
  0x0000000059563800 JavaThread "C2 CompilerThread0" daemon [_thread_in_native, id=856, stack(0x0000000059d60000,0x0000000059e60000)]
  0x0000000059555800 JavaThread "Monitor Ctrl-Break" daemon [_thread_in_native, id=10432, stack(0x0000000059bd0000,0x0000000059cd0000)]
  0x0000000058b9a000 JavaThread "Attach Listener" daemon [_thread_blocked, id=10796, stack(0x0000000059270000,0x0000000059370000)]
  0x0000000058b82800 JavaThread "Signal Dispatcher" daemon [_thread_blocked, id=7992, stack(0x00000000590f0000,0x00000000591f0000)]
  0x0000000057772000 JavaThread "Finalizer" daemon [_thread_blocked, id=7804, stack(0x0000000058a70000,0x0000000058b70000)]
  0x0000000057728800 JavaThread "Reference Handler" daemon [_thread_blocked, id=6680, stack(0x0000000058850000,0x0000000058950000)]

Other Threads:
  0x0000000057721000 VMThread [stack: 0x0000000058690000,0x0000000058790000] [id=12932]
  0x00000000596eb800 WatcherThread [stack: 0x000000005a040000,0x000000005a140000] [id=10860]

VM state:synchronizing (normal execution)

VM Mutex/Monitor currently owned by a thread:  ([mutex/lock_event])
[0x000000000244b980] Safepoint_lock - owner thread: 0x0000000057721000
[0x000000000244ba00] Threads_lock - owner thread: 0x0000000057721000
[0x000000000244bf00] Heap_lock - owner thread: 0x000000005f746000

Heap:
 PSYoungGen      total 648704K, used 634693K [0x00000000d5f00000, 0x00000000fec00000, 0x0000000100000000)
  eden space 631808K, 100% used [0x00000000d5f00000,0x00000000fc800000,0x00000000fc800000)
  from space 16896K, 17% used [0x00000000fd880000,0x00000000fdb51648,0x00000000fe900000)
  to   space 16896K, 0% used [0x00000000fc800000,0x00000000fc800000,0x00000000fd880000)
 ParOldGen       total 75776K, used 52952K [0x0000000081c00000, 0x0000000086600000, 0x00000000d5f00000)
  object space 75776K, 69% used [0x0000000081c00000,0x0000000084fb6130,0x0000000086600000)
 Metaspace       used 57535K, capacity 58718K, committed 59008K, reserved 1101824K
  class space    used 6932K, capacity 7191K, committed 7296K, reserved 1048576K

Card table byte_map: [0x0000000011c60000,0x0000000012060000] byte_map_base: 0x0000000011852000

Marking Bits: (ParMarkBitMap*) 0x000000007096c720
 Begin Bits: [0x0000000012a70000, 0x0000000014a00000)
 End Bits:   [0x0000000014a00000, 0x0000000016990000)

Polling page: 0x0000000000430000

CodeCache: size=245760Kb used=28409Kb max_used=28416Kb free=217350Kb
 bounds [0x00000000028a0000, 0x0000000004490000, 0x00000000118a0000]
 total_blobs=8071 nmethods=7522 adapters=461
 compilation: enabled

Compilation events (10 events):
Event: 32.165 Thread 0x0000000059565000 nmethod 9004 0x000000000353bd50 code [0x000000000353be80, 0x000000000353bef8]
Event: 32.173 Thread 0x0000000059565000 9006       4       com.mysql.jdbc.MysqlIO::readSingleRowSet (122 bytes)
Event: 32.182 Thread 0x0000000059565000 nmethod 9006 0x0000000003e86810 code [0x0000000003e869c0, 0x0000000003e876f8]
Event: 32.182 Thread 0x0000000059565000 9007       4       org.apache.ibatis.plugin.Plugin::wrap (45 bytes)
Event: 32.214 Thread 0x0000000059565800 9011       3       java.util.concurrent.locks.AbstractQueuedSynchronizer$ConditionObject::addConditionWaiter (64 bytes)
Event: 32.214 Thread 0x0000000059565800 nmethod 9011 0x0000000003e86090 code [0x0000000003e86220, 0x0000000003e86648]
Event: 32.214 Thread 0x0000000059565800 9012   !   3       java.util.concurrent.locks.AbstractQueuedSynchronizer::fullyRelease (54 bytes)
Event: 32.214 Thread 0x0000000059565800 nmethod 9012 0x0000000003e88e90 code [0x0000000003e89040, 0x0000000003e89608]
Event: 32.291 Thread 0x0000000059565800 9014       3       java.util.stream.Streams$RangeIntSpliterator::forEachRemaining (65 bytes)
Event: 32.291 Thread 0x0000000059565800 nmethod 9014 0x0000000003e8ef10 code [0x0000000003e8f0c0, 0x0000000003e8f608]

GC Heap History (10 events):
Event: 30.334 GC heap before
{Heap before GC invocations=16 (full 2):
 PSYoungGen      total 505344K, used 492769K [0x00000000d5f00000, 0x00000000f7300000, 0x0000000100000000)
  eden space 487936K, 100% used [0x00000000d5f00000,0x00000000f3b80000,0x00000000f3b80000)
  from space 17408K, 27% used [0x00000000f3b80000,0x00000000f40384a0,0x00000000f4c80000)
  to   space 17408K, 0% used [0x00000000f4c80000,0x00000000f4c80000,0x00000000f5d80000)
 ParOldGen       total 75776K, used 47091K [0x0000000081c00000, 0x0000000086600000, 0x00000000d5f00000)
  object space 75776K, 62% used [0x0000000081c00000,0x00000000849fcc78,0x0000000086600000)
 Metaspace       used 56610K, capacity 57720K, committed 57856K, reserved 1099776K
  class space    used 6831K, capacity 7060K, committed 7168K, reserved 1048576K
Event: 30.341 GC heap after
Heap after GC invocations=16 (full 2):
 PSYoungGen      total 505344K, used 3762K [0x00000000d5f00000, 0x00000000f7300000, 0x0000000100000000)
  eden space 487936K, 0% used [0x00000000d5f00000,0x00000000d5f00000,0x00000000f3b80000)
  from space 17408K, 21% used [0x00000000f4c80000,0x00000000f502c860,0x00000000f5d80000)
  to   space 17408K, 0% used [0x00000000f3b80000,0x00000000f3b80000,0x00000000f4c80000)
 ParOldGen       total 75776K, used 49213K [0x0000000081c00000, 0x0000000086600000, 0x00000000d5f00000)
  object space 75776K, 64% used [0x0000000081c00000,0x0000000084c0f430,0x0000000086600000)
 Metaspace       used 56610K, capacity 57720K, committed 57856K, reserved 1099776K
  class space    used 6831K, capacity 7060K, committed 7168K, reserved 1048576K
}
Event: 30.760 GC heap before
{Heap before GC invocations=17 (full 2):
 PSYoungGen      total 505344K, used 491698K [0x00000000d5f00000, 0x00000000f7300000, 0x0000000100000000)
  eden space 487936K, 100% used [0x00000000d5f00000,0x00000000f3b80000,0x00000000f3b80000)
  from space 17408K, 21% used [0x00000000f4c80000,0x00000000f502c860,0x00000000f5d80000)
  to   space 17408K, 0% used [0x00000000f3b80000,0x00000000f3b80000,0x00000000f4c80000)
 ParOldGen       total 75776K, used 49213K [0x0000000081c00000, 0x0000000086600000, 0x00000000d5f00000)
  object space 75776K, 64% used [0x0000000081c00000,0x0000000084c0f430,0x0000000086600000)
 Metaspace       used 56762K, capacity 57868K, committed 58112K, reserved 1099776K
  class space    used 6831K, capacity 7060K, committed 7168K, reserved 1048576K
Event: 30.787 GC heap after
Heap after GC invocations=17 (full 2):
 PSYoungGen      total 505344K, used 2744K [0x00000000d5f00000, 0x00000000f7300000, 0x0000000100000000)
  eden space 487936K, 0% used [0x00000000d5f00000,0x00000000d5f00000,0x00000000f3b80000)
  from space 17408K, 15% used [0x00000000f3b80000,0x00000000f3e2e090,0x00000000f4c80000)
  to   space 17408K, 0% used [0x00000000f4c80000,0x00000000f4c80000,0x00000000f5d80000)
 ParOldGen       total 75776K, used 50975K [0x0000000081c00000, 0x0000000086600000, 0x00000000d5f00000)
  object space 75776K, 67% used [0x0000000081c00000,0x0000000084dc7ce8,0x0000000086600000)
 Metaspace       used 56762K, capacity 57868K, committed 58112K, reserved 1099776K
  class space    used 6831K, capacity 7060K, committed 7168K, reserved 1048576K
}
Event: 31.292 GC heap before
{Heap before GC invocations=18 (full 2):
 PSYoungGen      total 505344K, used 490680K [0x00000000d5f00000, 0x00000000f7300000, 0x0000000100000000)
  eden space 487936K, 100% used [0x00000000d5f00000,0x00000000f3b80000,0x00000000f3b80000)
  from space 17408K, 15% used [0x00000000f3b80000,0x00000000f3e2e090,0x00000000f4c80000)
  to   space 17408K, 0% used [0x00000000f4c80000,0x00000000f4c80000,0x00000000f5d80000)
 ParOldGen       total 75776K, used 50975K [0x0000000081c00000, 0x0000000086600000, 0x00000000d5f00000)
  object space 75776K, 67% used [0x0000000081c00000,0x0000000084dc7ce8,0x0000000086600000)
 Metaspace       used 56920K, capacity 58034K, committed 58112K, reserved 1099776K
  class space    used 6858K, capacity 7093K, committed 7168K, reserved 1048576K
Event: 31.298 GC heap after
Heap after GC invocations=18 (full 2):
 PSYoungGen      total 505344K, used 1266K [0x00000000d5f00000, 0x00000000f7300000, 0x0000000100000000)
  eden space 487936K, 0% used [0x00000000d5f00000,0x00000000d5f00000,0x00000000f3b80000)
  from space 17408K, 7% used [0x00000000f4c80000,0x00000000f4dbcaa0,0x00000000f5d80000)
  to   space 17408K, 0% used [0x00000000f3b80000,0x00000000f3b80000,0x00000000f4c80000)
 ParOldGen       total 75776K, used 51997K [0x0000000081c00000, 0x0000000086600000, 0x00000000d5f00000)
  object space 75776K, 68% used [0x0000000081c00000,0x0000000084ec7490,0x0000000086600000)
 Metaspace       used 56920K, capacity 58034K, committed 58112K, reserved 1099776K
  class space    used 6858K, capacity 7093K, committed 7168K, reserved 1048576K
}
Event: 31.641 GC heap before
{Heap before GC invocations=19 (full 2):
 PSYoungGen      total 505344K, used 489202K [0x00000000d5f00000, 0x00000000f7300000, 0x0000000100000000)
  eden space 487936K, 100% used [0x00000000d5f00000,0x00000000f3b80000,0x00000000f3b80000)
  from space 17408K, 7% used [0x00000000f4c80000,0x00000000f4dbcaa0,0x00000000f5d80000)
  to   space 17408K, 0% used [0x00000000f3b80000,0x00000000f3b80000,0x00000000f4c80000)
 ParOldGen       total 75776K, used 51997K [0x0000000081c00000, 0x0000000086600000, 0x00000000d5f00000)
  object space 75776K, 68% used [0x0000000081c00000,0x0000000084ec7490,0x0000000086600000)
 Metaspace       used 57038K, capacity 58170K, committed 58368K, reserved 1099776K
  class space    used 6864K, capacity 7093K, committed 7168K, reserved 1048576K
Event: 31.646 GC heap after
Heap after GC invocations=19 (full 2):
 PSYoungGen      total 505344K, used 2607K [0x00000000d5f00000, 0x00000000fe900000, 0x0000000100000000)
  eden space 487936K, 0% used [0x00000000d5f00000,0x00000000d5f00000,0x00000000f3b80000)
  from space 17408K, 14% used [0x00000000f3b80000,0x00000000f3e0bd20,0x00000000f4c80000)
  to   space 16896K, 0% used [0x00000000fd880000,0x00000000fd880000,0x00000000fe900000)
 ParOldGen       total 75776K, used 52370K [0x0000000081c00000, 0x0000000086600000, 0x00000000d5f00000)
  object space 75776K, 69% used [0x0000000081c00000,0x0000000084f24948,0x0000000086600000)
 Metaspace       used 57038K, capacity 58170K, committed 58368K, reserved 1099776K
  class space    used 6864K, capacity 7093K, committed 7168K, reserved 1048576K
}
Event: 32.072 GC heap before
{Heap before GC invocations=20 (full 2):
 PSYoungGen      total 505344K, used 490543K [0x00000000d5f00000, 0x00000000fe900000, 0x0000000100000000)
  eden space 487936K, 100% used [0x00000000d5f00000,0x00000000f3b80000,0x00000000f3b80000)
  from space 17408K, 14% used [0x00000000f3b80000,0x00000000f3e0bd20,0x00000000f4c80000)
  to   space 16896K, 0% used [0x00000000fd880000,0x00000000fd880000,0x00000000fe900000)
 ParOldGen       total 75776K, used 52370K [0x0000000081c00000, 0x0000000086600000, 0x00000000d5f00000)
  object space 75776K, 69% used [0x0000000081c00000,0x0000000084f24948,0x0000000086600000)
 Metaspace       used 57532K, capacity 58718K, committed 59008K, reserved 1101824K
  class space    used 6932K, capacity 7191K, committed 7296K, reserved 1048576K
Event: 32.083 GC heap after
Heap after GC invocations=20 (full 2):
 PSYoungGen      total 648704K, used 2885K [0x00000000d5f00000, 0x00000000fec00000, 0x0000000100000000)
  eden space 631808K, 0% used [0x00000000d5f00000,0x00000000d5f00000,0x00000000fc800000)
  from space 16896K, 17% used [0x00000000fd880000,0x00000000fdb51648,0x00000000fe900000)
  to   space 16896K, 0% used [0x00000000fc800000,0x00000000fc800000,0x00000000fd880000)
 ParOldGen       total 75776K, used 52952K [0x0000000081c00000, 0x0000000086600000, 0x00000000d5f00000)
  object space 75776K, 69% used [0x0000000081c00000,0x0000000084fb6130,0x0000000086600000)
 Metaspace       used 57532K, capacity 58718K, committed 59008K, reserved 1101824K
  class space    used 6932K, capacity 7191K, committed 7296K, reserved 1048576K
}

Deoptimization events (10 events):
Event: 30.503 Thread 0x000000000244d000 Uncommon trap: reason=unstable_if action=reinterpret pc=0x00000000041a3640 method=java.util.HashMap.putMapEntries(Ljava/util/Map;Z)V @ 53
Event: 30.503 Thread 0x000000000244d000 Uncommon trap: reason=unstable_if action=reinterpret pc=0x0000000004371804 method=java.util.HashMap.putVal(ILjava/lang/Object;Ljava/lang/Object;ZZ)Ljava/lang/Object; @ 109
Event: 30.503 Thread 0x000000000244d000 Uncommon trap: reason=unstable_if action=reinterpret pc=0x0000000002c90ce8 method=java.util.HashMap.resize()[Ljava/util/HashMap$Node; @ 206
Event: 30.503 Thread 0x000000000244d000 Uncommon trap: reason=predicate action=maybe_recompile pc=0x0000000002c7ede8 method=com.google.common.collect.Iterators.indexOf(Ljava/util/Iterator;Lcom/google/common/base/Predicate;)I @ 18
Event: 30.789 Thread 0x000000000244d000 Uncommon trap: reason=unstable_if action=reinterpret pc=0x00000000029ac640 method=java.lang.CharacterData.of(I)Ljava/lang/CharacterData; @ 4
Event: 31.562 Thread 0x000000000244d000 Uncommon trap: reason=unstable_if action=reinterpret pc=0x000000000333e5a8 method=java.util.regex.Pattern.escape(ZZZ)I @ 993
Event: 31.562 Thread 0x000000000244d000 Uncommon trap: reason=unstable_if action=reinterpret pc=0x0000000003f39bc0 method=java.util.regex.Pattern.atom()Ljava/util/regex/Pattern$Node; @ 288
Event: 31.665 Thread 0x000000000244d000 Uncommon trap: reason=class_check action=maybe_recompile pc=0x00000000029e6204 method=java.util.AbstractList$Itr.hasNext()Z @ 8
Event: 31.665 Thread 0x000000000244d000 Uncommon trap: reason=class_check action=maybe_recompile pc=0x0000000002ab1fb4 method=java.util.AbstractList$Itr.next()Ljava/lang/Object; @ 14
Event: 31.911 Thread 0x000000000244d000 Uncommon trap: reason=class_check action=maybe_recompile pc=0x0000000003775428 method=java.util.TreeMap.getEntry(Ljava/lang/Object;)Ljava/util/TreeMap$Entry; @ 26

Internal exceptions (10 events):
Event: 31.569 Thread 0x000000000244d000 Exception <a 'java/security/PrivilegedActionException'> (0x00000000e0965d38) thrown at [C:\re\workspace\8-2-build-windows-amd64-cygwin\jdk8u131\8869\hotspot\src\share\vm\prims\jvm.cpp, line 1390]
Event: 31.569 Thread 0x000000000244d000 Exception <a 'java/security/PrivilegedActionException'> (0x00000000e0966130) thrown at [C:\re\workspace\8-2-build-windows-amd64-cygwin\jdk8u131\8869\hotspot\src\share\vm\prims\jvm.cpp, line 1390]
Event: 31.573 Thread 0x000000000244d000 Exception <a 'java/security/PrivilegedActionException'> (0x00000000e09b7fb0) thrown at [C:\re\workspace\8-2-build-windows-amd64-cygwin\jdk8u131\8869\hotspot\src\share\vm\prims\jvm.cpp, line 1390]
Event: 31.573 Thread 0x000000000244d000 Exception <a 'java/security/PrivilegedActionException'> (0x00000000e09b83a8) thrown at [C:\re\workspace\8-2-build-windows-amd64-cygwin\jdk8u131\8869\hotspot\src\share\vm\prims\jvm.cpp, line 1390]
Event: 31.588 Thread 0x000000000244d000 Exception <a 'java/security/PrivilegedActionException'> (0x00000000e09f8a40) thrown at [C:\re\workspace\8-2-build-windows-amd64-cygwin\jdk8u131\8869\hotspot\src\share\vm\prims\jvm.cpp, line 1390]
Event: 31.588 Thread 0x000000000244d000 Exception <a 'java/security/PrivilegedActionException'> (0x00000000e09f8e38) thrown at [C:\re\workspace\8-2-build-windows-amd64-cygwin\jdk8u131\8869\hotspot\src\share\vm\prims\jvm.cpp, line 1390]
Event: 31.613 Thread 0x000000000244d000 Exception <a 'java/security/PrivilegedActionException'> (0x00000000e0a44ed0) thrown at [C:\re\workspace\8-2-build-windows-amd64-cygwin\jdk8u131\8869\hotspot\src\share\vm\prims\jvm.cpp, line 1390]
Event: 31.613 Thread 0x000000000244d000 Exception <a 'java/security/PrivilegedActionException'> (0x00000000e0a452c8) thrown at [C:\re\workspace\8-2-build-windows-amd64-cygwin\jdk8u131\8869\hotspot\src\share\vm\prims\jvm.cpp, line 1390]
Event: 31.614 Thread 0x000000000244d000 Exception <a 'java/security/PrivilegedActionException'> (0x00000000f18f52d0) thrown at [C:\re\workspace\8-2-build-windows-amd64-cygwin\jdk8u131\8869\hotspot\src\share\vm\prims\jvm.cpp, line 1390]
Event: 31.614 Thread 0x000000000244d000 Exception <a 'java/security/PrivilegedActionException'> (0x00000000f18f56c8) thrown at [C:\re\workspace\8-2-build-windows-amd64-cygwin\jdk8u131\8869\hotspot\src\share\vm\prims\jvm.cpp, line 1390]

Events (10 events):
Event: 32.145 Thread 0x000000005f748800 Thread added: 0x000000005f748800
Event: 32.165 Thread 0x000000005d2e8800 Thread added: 0x000000005d2e8800
Event: 32.168 Thread 0x000000005f74a800 Thread exited: 0x000000005f74a800
Event: 32.208 Thread 0x000000005f74a800 Thread added: 0x000000005f74a800
Event: 32.223 Thread 0x000000005d2e9800 Thread added: 0x000000005d2e9800
Event: 32.227 Thread 0x000000005af32800 Thread added: 0x000000005af32800
Event: 32.327 Thread 0x000000005f748800 Thread exited: 0x000000005f748800
Event: 32.328 Thread 0x000000005f74a800 Thread exited: 0x000000005f74a800
Event: 32.343 Thread 0x000000005f74a800 Thread added: 0x000000005f74a800
Event: 32.403 Thread 0x000000005f748800 Thread added: 0x000000005f748800


Dynamic libraries:
0x000000013fa40000 - 0x000000013fa77000 	C:\Program Files\Java\jdk1.8.0_131\bin\java.exe
0x00000000776b0000 - 0x000000007784f000 	C:\Windows\SYSTEM32\ntdll.dll
0x0000000077590000 - 0x00000000776af000 	C:\Windows\system32\kernel32.dll
0x000007fefd4b0000 - 0x000007fefd517000 	C:\Windows\system32\KERNELBASE.dll
0x000007feff8a0000 - 0x000007feff97b000 	C:\Windows\system32\ADVAPI32.dll
0x000007fefe950000 - 0x000007fefe9ef000 	C:\Windows\system32\msvcrt.dll
0x000007feff980000 - 0x000007feff99f000 	C:\Windows\SYSTEM32\sechost.dll
0x000007fefd640000 - 0x000007fefd76c000 	C:\Windows\system32\RPCRT4.dll
0x0000000077490000 - 0x000000007758a000 	C:\Windows\system32\USER32.dll
0x000007fefeeb0000 - 0x000007fefef17000 	C:\Windows\system32\GDI32.dll
0x000007fefe9f0000 - 0x000007fefe9fe000 	C:\Windows\system32\LPK.dll
0x000007feff320000 - 0x000007feff3eb000 	C:\Windows\system32\USP10.dll
0x000007fefba70000 - 0x000007fefbc65000 	C:\Windows\WinSxS\amd64_microsoft.windows.common-controls_6595b64144ccf1df_6.0.7601.24483_none_e372d88f30fbb845\COMCTL32.dll
0x000007fefd770000 - 0x000007fefd7e1000 	C:\Windows\system32\SHLWAPI.dll
0x000007feff870000 - 0x000007feff89e000 	C:\Windows\system32\IMM32.DLL
0x000007feff210000 - 0x000007feff319000 	C:\Windows\system32\MSCTF.dll
0x000000005d9e0000 - 0x000000005dab2000 	C:\Program Files\Java\jdk1.8.0_131\jre\bin\msvcr100.dll
0x0000000070150000 - 0x00000000709ec000 	C:\Program Files\Java\jdk1.8.0_131\jre\bin\server\jvm.dll
0x000007fef0a30000 - 0x000007fef0a39000 	C:\Windows\system32\WSOCK32.dll
0x000007fefefc0000 - 0x000007feff00d000 	C:\Windows\system32\WS2_32.dll
0x000007feff860000 - 0x000007feff868000 	C:\Windows\system32\NSI.dll
0x000007fef94d0000 - 0x000007fef950b000 	C:\Windows\system32\WINMM.dll
0x000007fefc200000 - 0x000007fefc20c000 	C:\Windows\system32\VERSION.dll
0x0000000077850000 - 0x0000000077857000 	C:\Windows\system32\PSAPI.DLL
0x000000006f500000 - 0x000000006f50f000 	C:\Program Files\Java\jdk1.8.0_131\jre\bin\verify.dll
0x000000005bf20000 - 0x000000005bf49000 	C:\Program Files\Java\jdk1.8.0_131\jre\bin\java.dll
0x000000006f320000 - 0x000000006f343000 	C:\Program Files\Java\jdk1.8.0_131\jre\bin\instrument.dll
0x000000006f4e0000 - 0x000000006f4f6000 	C:\Program Files\Java\jdk1.8.0_131\jre\bin\zip.dll
0x000007fefdba0000 - 0x000007fefe92b000 	C:\Windows\system32\SHELL32.dll
0x000007feff010000 - 0x000007feff20f000 	C:\Windows\system32\ole32.dll
0x000007fefd200000 - 0x000007fefd20f000 	C:\Windows\system32\profapi.dll
0x000007fee84a0000 - 0x000007fee84ba000 	H:\Program Files\JetBrains\IntelliJ IDEA 2017.1.4\bin\breakgen64.dll
0x000000005c6f0000 - 0x000000005c70a000 	C:\Program Files\Java\jdk1.8.0_131\jre\bin\net.dll
0x000007fefc910000 - 0x000007fefc965000 	C:\Windows\system32\mswsock.dll
0x000007fefc900000 - 0x000007fefc907000 	C:\Windows\System32\wship6.dll
0x000000006f2f0000 - 0x000000006f2fd000 	C:\Program Files\Java\jdk1.8.0_131\jre\bin\management.dll
0x000007fefa290000 - 0x000007fefa2bd000 	C:\Program Files (x86)\Sangfor\SSL\ClientComponent2\SangforNspX64.dll
0x000007fefd7f0000 - 0x000007fefd8cb000 	C:\Windows\system32\OLEAUT32.dll
0x000007fefb100000 - 0x000007fefb115000 	C:\Windows\system32\NLAapi.dll
0x000007feefff0000 - 0x000007fef0005000 	C:\Windows\system32\napinsp.dll
0x000007fee7cb0000 - 0x000007fee7cc9000 	C:\Windows\system32\pnrpnsp.dll
0x000007fefc790000 - 0x000007fefc7eb000 	C:\Windows\system32\DNSAPI.dll
0x000007fef09d0000 - 0x000007fef09db000 	C:\Windows\System32\winrnr.dll
0x000007fefc210000 - 0x000007fefc38a000 	C:\Program Files (x86)\Sangfor\SSL\ClientComponent2\SangforTcpX64.dll
0x000007fefd520000 - 0x000007fefd55b000 	C:\Windows\system32\WINTRUST.dll
0x000007fefd240000 - 0x000007fefd3ad000 	C:\Windows\system32\CRYPT32.dll
0x000007fefd210000 - 0x000007fefd21f000 	C:\Windows\system32\MSASN1.dll
0x000007fefc1f0000 - 0x000007fefc1f7000 	C:\Windows\System32\wshtcpip.dll
0x000007fefaab0000 - 0x000007fefaad7000 	C:\Windows\system32\IPHLPAPI.DLL
0x000007fefaaa0000 - 0x000007fefaaab000 	C:\Windows\system32\WINNSI.DLL
0x000007fefa060000 - 0x000007fefa068000 	C:\Windows\system32\rasadhlp.dll
0x000007fefa860000 - 0x000007fefa8b3000 	C:\Windows\System32\fwpuclnt.dll
0x000000006f4a0000 - 0x000000006f4b1000 	C:\Program Files\Java\jdk1.8.0_131\jre\bin\nio.dll
0x000007fefc970000 - 0x000007fefc988000 	C:\Windows\system32\CRYPTSP.dll
0x000007fefc670000 - 0x000007fefc6b7000 	C:\Windows\system32\rsaenh.dll
0x000007fefd220000 - 0x000007fefd23f000 	C:\Windows\system32\USERENV.dll
0x000007fefd000000 - 0x000007fefd00f000 	C:\Windows\system32\CRYPTBASE.dll
0x000007fefa7f0000 - 0x000007fefa801000 	C:\Windows\system32\dhcpcsvc6.DLL
0x000007fefa770000 - 0x000007fefa788000 	C:\Windows\system32\dhcpcsvc.DLL

VM Arguments:
jvm_args: -javaagent:H:\Program Files\JetBrains\IntelliJ IDEA 2017.1.4\lib\idea_rt.jar=52101:H:\Program Files\JetBrains\IntelliJ IDEA 2017.1.4\bin -Dfile.encoding=UTF-8 
java_command: com.siti.wisdomhydrologic.SQApplication
java_class_path (initial): C:\Program Files\Java\jdk1.8.0_131\jre\lib\charsets.jar;C:\Program Files\Java\jdk1.8.0_131\jre\lib\deploy.jar;C:\Program Files\Java\jdk1.8.0_131\jre\lib\ext\access-bridge-64.jar;C:\Program Files\Java\jdk1.8.0_131\jre\lib\ext\cldrdata.jar;C:\Program Files\Java\jdk1.8.0_131\jre\lib\ext\dnsns.jar;C:\Program Files\Java\jdk1.8.0_131\jre\lib\ext\jaccess.jar;C:\Program Files\Java\jdk1.8.0_131\jre\lib\ext\jfxrt.jar;C:\Program Files\Java\jdk1.8.0_131\jre\lib\ext\localedata.jar;C:\Program Files\Java\jdk1.8.0_131\jre\lib\ext\nashorn.jar;C:\Program Files\Java\jdk1.8.0_131\jre\lib\ext\sunec.jar;C:\Program Files\Java\jdk1.8.0_131\jre\lib\ext\sunjce_provider.jar;C:\Program Files\Java\jdk1.8.0_131\jre\lib\ext\sunmscapi.jar;C:\Program Files\Java\jdk1.8.0_131\jre\lib\ext\sunpkcs11.jar;C:\Program Files\Java\jdk1.8.0_131\jre\lib\ext\zipfs.jar;C:\Program Files\Java\jdk1.8.0_131\jre\lib\javaws.jar;C:\Program Files\Java\jdk1.8.0_131\jre\lib\jce.jar;C:\Program Files\Java\jdk1.8.0_131\jre\lib\jfr.jar;C:\Program Files\Java\jdk1.8.0_131\jre\lib\jfxswt.jar;C:\Program Files\Java\jdk1.8.0_131\jre\lib\jsse.jar;C:\Program Files\Java\jdk1.8.0_131\jre\lib\management-agent.jar;C:\Program Files\Java\jdk1.8.0_131\jre\lib\plugin.jar;C:\Program Files\Java\jdk1.8.0_131\jre\lib\resources.jar;C:\Program Files\Java\jdk1.8.0_131\jre\lib\rt.jar;H:\mavenWorkspace\sq\target\classes;H:\mavenWorkspace\sq\lib\javax.jms.jar;H:\mavenWorkspace\sq\lib\javax.ejb.jar;H:\mavenWorkspace\sq\lib\javax.persistence.jar;H:\mavenWorkspace\sq\lib\javax.transaction.jar;H:\mavenWorkspace\sq\lib\javax.servlet.jsp.jar;H:\mavenWorkspace\sq\lib\javax.servlet.jsp.jstl.jar;H:\mavenWorkspace\sq\lib\javax.resource.jar;H:\server\repository\org\springframework\boot\spring-boot-starter-web\1.5.4.RELEASE\spring-boot-starter-web-1.5.4.RELEASE.jar;H:\server\repository\org\springframework\boot\spring-boot-starter\1.5.4.RELEASE\spring-boot-starter-1.5.4.RELEASE.jar;H:\server\repository\org\springframework\boot\spring-b
Launcher Type: SUN_STANDARD

Environment Variables:
JAVA_HOME=C:\Program Files\Java\jdk1.8.0_131
CLASSPATH=.;C:\Program Files\Java\jdk1.8.0_131\lib\dt.jar;C:\Program Files\Java\jdk1.8.0_131\lib\tools.jar;
PATH=H:\app\dell\product\11.2.0\dbhome_1\bin;H:\Program Files\zookeeper-3.4.12\bin;C:\Program Files\Java\jdk1.8.0_131\bin;C:\Windows\system32;C:\Windows;C:\Windows\System32\Wbem;C:\Windows\System32\WindowsPowerShell\v1.0\;H:\software\yiibai\spring-1.4.3.RELEASE\bin;H:\server\apache-maven-3.5.2\bin;C:\Program Files\Java\jdk1.8.0_131\bin;C:\Program Files\Java\jdk1.8.0_131\jre\bin;H:\nodejs\;H:\nodejs\node_modules;H:\nodejs\node_modules\npm\node_global_modules\;C:\Program Files (x86)\MySQL\MySQL Utilities 1.3.6\;C:\Program Files\Microsoft SQL Server\120\DTS\Binn\;C:\Program Files\Microsoft SQL Server\Client SDK\ODBC\110\Tools\Binn\;C:\Program Files (x86)\Microsoft SQL Server\120\Tools\Binn\;C:\Program Files\Microsoft SQL Server\120\Tools\Binn\;C:\Program Files (x86)\Microsoft SQL Server\120\Tools\Binn\ManagementStudio\;C:\Program Files (x86)\Microsoft SQL Server\120\DTS\Binn\;C:\Cygwin\bin;C:\Program Files\TortoiseSVN\bin;D:\Python37;C:\Program Files\Git\cmd;H:\Python37\Scripts\;H:\Python37\;C:\Users\dell\AppData\Roaming\npm;H:\Program Files (x86)\SSH Communications Security\SSH Secure Shell
USERNAME=dell
OS=Windows_NT
PROCESSOR_IDENTIFIER=Intel64 Family 6 Model 94 Stepping 3, GenuineIntel



---------------  S Y S T E M  ---------------

OS: Windows 7 , 64 bit Build 7601 (6.1.7601.24499)

CPU:total 4 (initial active 4) (4 cores per cpu, 1 threads per core) family 6 model 94 stepping 3, cmov, cx8, fxsr, mmx, sse, sse2, sse3, ssse3, sse4.1, sse4.2, popcnt, avx, avx2, aes, clmul, erms, rtm, 3dnowpref, lzcnt, tsc, tscinvbit, bmi1, bmi2, adx

Memory: 4k page, physical 8270844k(836816k free), swap 14560400k(12040k free)

vm_info: Java HotSpot(TM) 64-Bit Server VM (25.131-b11) for windows-amd64 JRE (1.8.0_131-b11), built on Mar 15 2017 01:23:53 by "java_re" with MS VC++ 10.0 (VS2010)

time: Fri Aug 09 18:09:23 2019
elapsed time: 32 seconds (0d 0h 0m 32s)

