#
# There is insufficient memory for the Java Runtime Environment to continue.
# Native memory allocation (malloc) failed to allocate 32744 bytes for ChunkPool::allocate
# Possible reasons:
#   The system is out of physical RAM or swap space
#   In 32 bit mode, the process size limit was hit
# Possible solutions:
#   Reduce memory load on the system
#   Increase physical memory or swap space
#   Check if swap backing store is full
#   Use 64 bit Java on a 64 bit OS
#   Decrease Java heap size (-Xmx/-Xms)
#   Decrease number of Java threads
#   Decrease Java thread stack sizes (-Xss)
#   Set larger code cache with -XX:ReservedCodeCacheSize=
# This output file may be truncated or incomplete.
#
#  Out of Memory Error (allocation.cpp:273), pid=10492, tid=0x000000000000271c
#
# JRE version: Java(TM) SE Runtime Environment (8.0_131-b11) (build 1.8.0_131-b11)
# Java VM: Java HotSpot(TM) 64-Bit Server VM (25.131-b11 mixed mode windows-amd64 compressed oops)
# Failed to write core dump. Minidumps are not enabled by default on client versions of Windows
#

---------------  T H R E A D  ---------------

Current thread (0x0000000058954800):  JavaThread "C2 CompilerThread1" daemon [_thread_in_native, id=10012, stack(0x0000000059a60000,0x0000000059b60000)]

Stack: [0x0000000059a60000,0x0000000059b60000]
[error occurred during error reporting (printing stack bounds), id 0xc0000005]

Native frames: (J=compiled Java code, j=interpreted, Vv=VM code, C=native code)


Current CompileTask:
C2:  34374 9151       4       org.apache.ibatis.plugin.InterceptorChain::pluginAll (42 bytes)


---------------  P R O C E S S  ---------------

Java Threads: ( => current thread )
  0x000000005a7de000 JavaThread "ColorsExecutor1" [_thread_in_native, id=6448, stack(0x000000006dee0000,0x000000006dfe0000)]
  0x000000005ef57800 JavaThread "ColorsExecutor1" [_thread_blocked, id=11692, stack(0x000000006b700000,0x000000006b800000)]
  0x000000005ef55800 JavaThread "ColorsExecutor1" [_thread_in_native, id=9564, stack(0x000000006bbc0000,0x000000006bcc0000)]
  0x000000005ef53000 JavaThread "ColorsExecutor1" [_thread_in_native, id=9568, stack(0x000000005d870000,0x000000005d970000)]
  0x00000000666f0000 JavaThread "ColorsExecutor1" [_thread_in_Java, id=8684, stack(0x000000006d950000,0x000000006da50000)]
  0x000000005ef57000 JavaThread "ColorsExecutor1" [_thread_in_Java, id=9256, stack(0x000000006d690000,0x000000006d790000)]
  0x00000000662d3000 JavaThread "ColorsExecutor1" [_thread_in_native, id=8828, stack(0x000000006b810000,0x000000006b910000)]
  0x00000000662cf000 JavaThread "ColorsExecutor1" [_thread_in_native, id=10808, stack(0x000000006b5a0000,0x000000006b6a0000)]
  0x00000000662d5000 JavaThread "ColorsExecutor1" [_thread_in_native, id=12320, stack(0x000000006cfb0000,0x000000006d0b0000)]
  0x00000000662d6000 JavaThread "DestroyJavaVM" [_thread_blocked, id=7876, stack(0x0000000002620000,0x0000000002720000)]
  0x000000005ef54800 JavaThread "http-nio-8099-AsyncTimeout" daemon [_thread_blocked, id=11484, stack(0x000000006d340000,0x000000006d440000)]
  0x000000005ef56000 JavaThread "http-nio-8099-Acceptor-0" daemon [_thread_in_native, id=11300, stack(0x000000006d160000,0x000000006d260000)]
  0x000000005ef54000 JavaThread "http-nio-8099-ClientPoller-1" daemon [_thread_in_native, id=4612, stack(0x000000006ceb0000,0x000000006cfb0000)]
  0x000000005ef58800 JavaThread "http-nio-8099-ClientPoller-0" daemon [_thread_in_native, id=12180, stack(0x000000006cc60000,0x000000006cd60000)]
  0x000000005ef59000 JavaThread "http-nio-8099-exec-10" daemon [_thread_blocked, id=12004, stack(0x000000006cdb0000,0x000000006ceb0000)]
  0x00000000663f8800 JavaThread "http-nio-8099-exec-9" daemon [_thread_blocked, id=7592, stack(0x000000006cb50000,0x000000006cc50000)]
  0x00000000663fa000 JavaThread "http-nio-8099-exec-8" daemon [_thread_blocked, id=8508, stack(0x000000006ca00000,0x000000006cb00000)]
  0x00000000663fb000 JavaThread "http-nio-8099-exec-7" daemon [_thread_blocked, id=5672, stack(0x000000006c850000,0x000000006c950000)]
  0x00000000663fe800 JavaThread "http-nio-8099-exec-6" daemon [_thread_blocked, id=9288, stack(0x000000006c4a0000,0x000000006c5a0000)]
  0x00000000663f9800 JavaThread "http-nio-8099-exec-5" daemon [_thread_blocked, id=7176, stack(0x000000006c620000,0x000000006c720000)]
  0x00000000663ff800 JavaThread "http-nio-8099-exec-4" daemon [_thread_blocked, id=8308, stack(0x000000006c240000,0x000000006c340000)]
  0x00000000663fe000 JavaThread "http-nio-8099-exec-3" daemon [_thread_blocked, id=8216, stack(0x000000006c350000,0x000000006c450000)]
  0x00000000663fc800 JavaThread "http-nio-8099-exec-2" daemon [_thread_blocked, id=13112, stack(0x000000006c130000,0x000000006c230000)]
  0x00000000663fd000 JavaThread "http-nio-8099-exec-1" daemon [_thread_blocked, id=7308, stack(0x000000006bf60000,0x000000006c060000)]
  0x00000000662d4800 JavaThread "NioBlockingSelector.BlockPoller-1" daemon [_thread_in_native, id=5608, stack(0x000000006ac90000,0x000000006ad90000)]
  0x000000005e49a800 JavaThread "SimpleAsyncTaskExecutor-2" [_thread_blocked, id=10520, stack(0x000000006aea0000,0x000000006afa0000)]
  0x000000005e499800 JavaThread "SimpleAsyncTaskExecutor-1" [_thread_blocked, id=11172, stack(0x000000006b330000,0x000000006b430000)]
  0x000000005e499000 JavaThread "SimpleAsyncTaskExecutor-2" [_thread_in_native, id=7288, stack(0x0000000066fc0000,0x00000000670c0000)]
  0x000000005e498000 JavaThread "SimpleAsyncTaskExecutor-1" [_thread_in_Java, id=10172, stack(0x000000006b0d0000,0x000000006b1d0000)]
  0x000000005e497800 JavaThread "SimpleAsyncTaskExecutor-2" [_thread_blocked, id=3680, stack(0x0000000066e40000,0x0000000066f40000)]
  0x000000005e496800 JavaThread "SimpleAsyncTaskExecutor-1" [_thread_blocked, id=12280, stack(0x00000000658a0000,0x00000000659a0000)]
  0x000000005e496000 JavaThread "SimpleAsyncTaskExecutor-2" [_thread_blocked, id=5292, stack(0x0000000065b40000,0x0000000065c40000)]
  0x000000005e495000 JavaThread "SimpleAsyncTaskExecutor-1" [_thread_blocked, id=11744, stack(0x0000000065a00000,0x0000000065b00000)]
  0x000000005e494800 JavaThread "SimpleAsyncTaskExecutor-2" [_thread_blocked, id=13048, stack(0x000000006a8e0000,0x000000006a9e0000)]
  0x000000005e493800 JavaThread "SimpleAsyncTaskExecutor-1" [_thread_blocked, id=13260, stack(0x000000006afb0000,0x000000006b0b0000)]
  0x0000000058a4b800 JavaThread "SimpleAsyncTaskExecutor-2" [_thread_blocked, id=6632, stack(0x000000006ad90000,0x000000006ae90000)]
  0x0000000058a4b000 JavaThread "SimpleAsyncTaskExecutor-1" [_thread_blocked, id=11664, stack(0x0000000067500000,0x0000000067600000)]
  0x0000000058a4a000 JavaThread "pool-4-thread-10" [_thread_blocked, id=10612, stack(0x000000006ab60000,0x000000006ac60000)]
  0x0000000058a49000 JavaThread "pool-4-thread-9" [_thread_blocked, id=10368, stack(0x000000006aa50000,0x000000006ab50000)]
  0x0000000058a48800 JavaThread "SimpleAsyncTaskExecutor-2" [_thread_blocked, id=9540, stack(0x000000006a7e0000,0x000000006a8e0000)]
  0x0000000058a47800 JavaThread "SimpleAsyncTaskExecutor-1" [_thread_blocked, id=6720, stack(0x000000005be20000,0x000000005bf20000)]
  0x0000000058a47000 JavaThread "pool-4-thread-8" [_thread_blocked, id=5172, stack(0x000000006a6e0000,0x000000006a7e0000)]
  0x0000000058a46000 JavaThread "pool-4-thread-7" [_thread_blocked, id=12808, stack(0x0000000065d30000,0x0000000065e30000)]
  0x0000000058a45800 JavaThread "SimpleAsyncTaskExecutor-2" [_thread_blocked, id=3336, stack(0x000000006a0d0000,0x000000006a1d0000)]
  0x0000000058a44800 JavaThread "SimpleAsyncTaskExecutor-1" [_thread_blocked, id=11876, stack(0x000000006a5c0000,0x000000006a6c0000)]
  0x0000000064913800 JavaThread "pool-4-thread-6" [_thread_blocked, id=10432, stack(0x000000006a400000,0x000000006a500000)]
  0x0000000064912800 JavaThread "pool-4-thread-5" [_thread_blocked, id=3604, stack(0x000000006a210000,0x000000006a310000)]
  0x0000000064912000 JavaThread "SimpleAsyncTaskExecutor-2" [_thread_blocked, id=13176, stack(0x0000000069c40000,0x0000000069d40000)]
  0x0000000064911000 JavaThread "SimpleAsyncTaskExecutor-1" [_thread_blocked, id=11436, stack(0x0000000067150000,0x0000000067250000)]
  0x0000000064910800 JavaThread "pool-4-thread-4" [_thread_blocked, id=9448, stack(0x0000000069b10000,0x0000000069c10000)]
  0x0000000060ec1000 JavaThread "pool-4-thread-3" [_thread_blocked, id=2208, stack(0x00000000679c0000,0x0000000067ac0000)]
  0x0000000060ec0800 JavaThread "pool-4-thread-2" [_thread_blocked, id=1092, stack(0x0000000069dd0000,0x0000000069ed0000)]
  0x0000000060ebf800 JavaThread "AMQP Connection 114.80.231.178:5671" [_thread_in_native, id=7316, stack(0x0000000067850000,0x0000000067950000)]
  0x0000000060ebf000 JavaThread "SimpleAsyncTaskExecutor-2" [_thread_blocked, id=10472, stack(0x00000000636c0000,0x00000000637c0000)]
  0x0000000060ebe000 JavaThread "SimpleAsyncTaskExecutor-1" [_thread_blocked, id=952, stack(0x0000000062fc0000,0x00000000630c0000)]
  0x0000000060ebd800 JavaThread "QuartzScheduler_schedulerFactoryBean-dell-PC1565344816357_MisfireHandler" [_thread_blocked, id=5204, stack(0x0000000067270000,0x0000000067370000)]
  0x000000005a7dd800 JavaThread "QuartzScheduler_schedulerFactoryBean-dell-PC1565344816357_ClusterManager" [_thread_blocked, id=12144, stack(0x0000000063a40000,0x0000000063b40000)]
  0x0000000060ebc000 JavaThread "commons-pool-EvictionTimer" daemon [_thread_blocked, id=7188, stack(0x0000000064510000,0x0000000064610000)]
  0x0000000060ebb000 JavaThread "Abandoned connection cleanup thread" daemon [_thread_blocked, id=9996, stack(0x0000000063ff0000,0x00000000640f0000)]
  0x0000000060eba800 JavaThread "Tomcat JDBC Pool Cleaner[414493378:1565344816399]" daemon [_thread_blocked, id=8624, stack(0x0000000063ee0000,0x0000000063fe0000)]
  0x0000000061035800 JavaThread "schedulerFactoryBean_QuartzSchedulerThread" daemon [_thread_blocked, id=224, stack(0x0000000063b90000,0x0000000063c90000)]
  0x0000000061034800 JavaThread "schedulerFactoryBean_Worker-20" daemon [_thread_blocked, id=4572, stack(0x0000000062b80000,0x0000000062c80000)]
  0x0000000061034000 JavaThread "schedulerFactoryBean_Worker-19" daemon [_thread_blocked, id=856, stack(0x0000000063910000,0x0000000063a10000)]
  0x0000000061033000 JavaThread "schedulerFactoryBean_Worker-18" daemon [_thread_blocked, id=8908, stack(0x00000000637c0000,0x00000000638c0000)]
  0x0000000061032800 JavaThread "schedulerFactoryBean_Worker-17" daemon [_thread_blocked, id=9992, stack(0x00000000635b0000,0x00000000636b0000)]
  0x0000000061031800 JavaThread "schedulerFactoryBean_Worker-16" daemon [_thread_blocked, id=9596, stack(0x0000000062940000,0x0000000062a40000)]
  0x0000000061031000 JavaThread "schedulerFactoryBean_Worker-15" daemon [_thread_blocked, id=12452, stack(0x00000000633c0000,0x00000000634c0000)]
  0x0000000061030000 JavaThread "schedulerFactoryBean_Worker-14" daemon [_thread_blocked, id=9692, stack(0x00000000632b0000,0x00000000633b0000)]
  0x000000006102f800 JavaThread "schedulerFactoryBean_Worker-13" daemon [_thread_blocked, id=12728, stack(0x0000000062d90000,0x0000000062e90000)]
  0x000000006102e800 JavaThread "schedulerFactoryBean_Worker-12" daemon [_thread_blocked, id=12932, stack(0x00000000630e0000,0x00000000631e0000)]
  0x00000000603f9000 JavaThread "schedulerFactoryBean_Worker-11" daemon [_thread_blocked, id=11416, stack(0x0000000062ea0000,0x0000000062fa0000)]
  0x00000000603f8000 JavaThread "schedulerFactoryBean_Worker-10" daemon [_thread_blocked, id=12592, stack(0x0000000062c80000,0x0000000062d80000)]
  0x00000000603f7800 JavaThread "schedulerFactoryBean_Worker-9" daemon [_thread_blocked, id=11332, stack(0x0000000062720000,0x0000000062820000)]
  0x00000000603f6800 JavaThread "schedulerFactoryBean_Worker-8" daemon [_thread_blocked, id=8388, stack(0x0000000062a70000,0x0000000062b70000)]
  0x00000000603f6000 JavaThread "schedulerFactoryBean_Worker-7" daemon [_thread_blocked, id=7352, stack(0x000000005bf60000,0x000000005c060000)]
  0x00000000603f5000 JavaThread "schedulerFactoryBean_Worker-6" daemon [_thread_blocked, id=6596, stack(0x0000000062840000,0x0000000062940000)]
  0x00000000603f4800 JavaThread "schedulerFactoryBean_Worker-5" daemon [_thread_blocked, id=13020, stack(0x00000000625e0000,0x00000000626e0000)]
  0x00000000603f3800 JavaThread "schedulerFactoryBean_Worker-4" daemon [_thread_blocked, id=13204, stack(0x00000000624a0000,0x00000000625a0000)]
  0x00000000603f3000 JavaThread "schedulerFactoryBean_Worker-3" daemon [_thread_blocked, id=1336, stack(0x00000000622f0000,0x00000000623f0000)]
  0x00000000603f2000 JavaThread "schedulerFactoryBean_Worker-2" daemon [_thread_blocked, id=9152, stack(0x000000005b6d0000,0x000000005b7d0000)]
  0x000000005a7e2800 JavaThread "schedulerFactoryBean_Worker-1" daemon [_thread_blocked, id=4504, stack(0x0000000062170000,0x0000000062270000)]
  0x000000005a7e0800 JavaThread "container-0" [_thread_blocked, id=12824, stack(0x0000000061a30000,0x0000000061b30000)]
  0x000000005a7df800 JavaThread "ContainerBackgroundProcessor[StandardEngine[Tomcat]]" daemon [_thread_blocked, id=3068, stack(0x0000000061bb0000,0x0000000061cb0000)]
  0x000000005b3c9800 JavaThread "logback-1" daemon [_thread_blocked, id=3364, stack(0x000000005bb00000,0x000000005bc00000)]
  0x00000000589c8800 JavaThread "Service Thread" daemon [_thread_blocked, id=8796, stack(0x00000000594e0000,0x00000000595e0000)]
  0x0000000058955800 JavaThread "C1 CompilerThread2" daemon [_thread_blocked, id=10284, stack(0x0000000059bc0000,0x0000000059cc0000)]
=>0x0000000058954800 JavaThread "C2 CompilerThread1" daemon [_thread_in_native, id=10012, stack(0x0000000059a60000,0x0000000059b60000)]
  0x0000000058958800 JavaThread "C2 CompilerThread0" daemon [_thread_in_native, id=12528, stack(0x0000000059850000,0x0000000059950000)]
  0x000000005893d000 JavaThread "JDWP Command Reader" daemon [_thread_in_native, id=5728, stack(0x0000000059610000,0x0000000059710000)]
  0x0000000058939800 JavaThread "JDWP Event Helper Thread" daemon [_thread_in_native, id=12440, stack(0x00000000593c0000,0x00000000594c0000)]
  0x0000000058931000 JavaThread "JDWP Transport Listener: dt_socket" daemon [_thread_blocked, id=11668, stack(0x0000000059150000,0x0000000059250000)]
  0x0000000058913000 JavaThread "Attach Listener" daemon [_thread_blocked, id=10648, stack(0x0000000058d40000,0x0000000058e40000)]
  0x0000000058912800 JavaThread "Signal Dispatcher" daemon [_thread_blocked, id=13072, stack(0x0000000058e50000,0x0000000058f50000)]
  0x0000000057720000 JavaThread "Finalizer" daemon [_thread_blocked, id=2652, stack(0x0000000058570000,0x0000000058670000)]
  0x00000000576d9000 JavaThread "Reference Handler" daemon [_thread_blocked, id=12168, stack(0x0000000058800000,0x0000000058900000)]

Other Threads:
  0x00000000576d1000 VMThread [stack: 0x0000000058680000,0x0000000058780000] [id=11428]
  0x0000000058a7c000 WatcherThread [stack: 0x0000000059e00000,0x0000000059f00000] [id=12936]

VM state:not at safepoint (normal execution)

VM Mutex/Monitor currently owned by a thread: None

Heap:
 PSYoungGen      total 664064K, used 270411K [0x00000000d5f00000, 0x00000000fff00000, 0x0000000100000000)
  eden space 649216K, 41% used [0x00000000d5f00000,0x00000000e64f5c00,0x00000000fd900000)
  from space 14848K, 14% used [0x00000000fe700000,0x00000000fe91d210,0x00000000ff580000)
  to   space 14336K, 0% used [0x00000000fd900000,0x00000000fd900000,0x00000000fe700000)
 ParOldGen       total 116224K, used 39516K [0x0000000081c00000, 0x0000000088d80000, 0x00000000d5f00000)
  object space 116224K, 34% used [0x0000000081c00000,0x00000000842972e8,0x0000000088d80000)
 Metaspace       used 58287K, capacity 59354K, committed 59608K, reserved 1101824K
  class space    used 6986K, capacity 7213K, committed 7296K, reserved 1048576K

Card table byte_map: [0x0000000011ba0000,0x0000000011fa0000] byte_map_base: 0x0000000011792000

Marking Bits: (ParMarkBitMap*) 0x000000007096c720
 Begin Bits: [0x0000000012a20000, 0x00000000149b0000)
 End Bits:   [0x00000000149b0000, 0x0000000016940000)

Polling page: 0x0000000000330000

CodeCache: size=245760Kb used=29866Kb max_used=30347Kb free=215893Kb
 bounds [0x00000000027e0000, 0x00000000045b0000, 0x00000000117e0000]
 total_blobs=8272 nmethods=7730 adapters=461
 compilation: enabled

Compilation events (10 events):
Event: 34.352 Thread 0x0000000058955800 nmethod 9184 0x00000000033ef210 code [0x00000000033ef380, 0x00000000033ef670]
Event: 34.352 Thread 0x0000000058955800 9185       3       org.springframework.amqp.rabbit.listener.AbstractMessageListenerContainer::isChannelLocallyTransacted (5 bytes)
Event: 34.352 Thread 0x0000000058955800 nmethod 9185 0x0000000003dfbe10 code [0x0000000003dfbf60, 0x0000000003dfc150]
Event: 34.355 Thread 0x0000000058955800 9186       3       com.siti.wisdomhydrologic.realmessageprocess.listener.RealListener$$Lambda$9/583556781::accept (21 bytes)
Event: 34.356 Thread 0x0000000058955800 nmethod 9186 0x0000000002a77290 code [0x0000000002a77400, 0x0000000002a775c8]
Event: 34.356 Thread 0x0000000058955800 9187       3       com.siti.wisdomhydrologic.realmessageprocess.listener.RealListener::lambda$splitList$5 (41 bytes)
Event: 34.357 Thread 0x0000000058955800 nmethod 9187 0x00000000033eebd0 code [0x00000000033eed60, 0x00000000033ef098]
Event: 34.357 Thread 0x0000000058955800 9188   !   3       com.sun.proxy.$Proxy131::insertReal (39 bytes)
Event: 34.357 Thread 0x0000000058955800 nmethod 9188 0x0000000003e9bf90 code [0x0000000003e9c140, 0x0000000003e9c878]
Event: 34.369 Thread 0x0000000058955800 9189       3       java.util.concurrent.ThreadPoolExecutor::ctlOf (4 bytes)

GC Heap History (10 events):
Event: 31.848 GC heap before
{Heap before GC invocations=19 (full 2):
 PSYoungGen      total 467968K, used 368954K [0x00000000d5f00000, 0x00000000f3f00000, 0x0000000100000000)
  eden space 462848K, 79% used [0x00000000d5f00000,0x00000000ec4bbc30,0x00000000f2300000)
  from space 5120K, 51% used [0x00000000f3a00000,0x00000000f3c92c48,0x00000000f3f00000)
  to   space 14336K, 0% used [0x00000000f2300000,0x00000000f2300000,0x00000000f3100000)
 ParOldGen       total 77824K, used 43286K [0x0000000081c00000, 0x0000000086800000, 0x00000000d5f00000)
  object space 77824K, 55% used [0x0000000081c00000,0x00000000846459f0,0x0000000086800000)
 Metaspace       used 57813K, capacity 58980K, committed 59096K, reserved 1101824K
  class space    used 6935K, capacity 7200K, committed 7296K, reserved 1048576K
Event: 31.854 GC heap after
Heap after GC invocations=19 (full 2):
 PSYoungGen      total 477184K, used 767K [0x00000000d5f00000, 0x00000000fa600000, 0x0000000100000000)
  eden space 462848K, 0% used [0x00000000d5f00000,0x00000000d5f00000,0x00000000f2300000)
  from space 14336K, 5% used [0x00000000f2300000,0x00000000f23bfe58,0x00000000f3100000)
  to   space 14848K, 0% used [0x00000000f9780000,0x00000000f9780000,0x00000000fa600000)
 ParOldGen       total 77824K, used 44655K [0x0000000081c00000, 0x0000000086800000, 0x00000000d5f00000)
  object space 77824K, 57% used [0x0000000081c00000,0x000000008479bed8,0x0000000086800000)
 Metaspace       used 57813K, capacity 58980K, committed 59096K, reserved 1101824K
  class space    used 6935K, capacity 7200K, committed 7296K, reserved 1048576K
}
Event: 31.854 GC heap before
{Heap before GC invocations=20 (full 3):
 PSYoungGen      total 477184K, used 767K [0x00000000d5f00000, 0x00000000fa600000, 0x0000000100000000)
  eden space 462848K, 0% used [0x00000000d5f00000,0x00000000d5f00000,0x00000000f2300000)
  from space 14336K, 5% used [0x00000000f2300000,0x00000000f23bfe58,0x00000000f3100000)
  to   space 14848K, 0% used [0x00000000f9780000,0x00000000f9780000,0x00000000fa600000)
 ParOldGen       total 77824K, used 44655K [0x0000000081c00000, 0x0000000086800000, 0x00000000d5f00000)
  object space 77824K, 57% used [0x0000000081c00000,0x000000008479bed8,0x0000000086800000)
 Metaspace       used 57813K, capacity 58980K, committed 59096K, reserved 1101824K
  class space    used 6935K, capacity 7200K, committed 7296K, reserved 1048576K
Event: 32.099 GC heap after
Heap after GC invocations=20 (full 3):
 PSYoungGen      total 477184K, used 0K [0x00000000d5f00000, 0x00000000fa600000, 0x0000000100000000)
  eden space 462848K, 0% used [0x00000000d5f00000,0x00000000d5f00000,0x00000000f2300000)
  from space 14336K, 0% used [0x00000000f2300000,0x00000000f2300000,0x00000000f3100000)
  to   space 14848K, 0% used [0x00000000f9780000,0x00000000f9780000,0x00000000fa600000)
 ParOldGen       total 116224K, used 39492K [0x0000000081c00000, 0x0000000088d80000, 0x00000000d5f00000)
  object space 116224K, 33% used [0x0000000081c00000,0x00000000842912e8,0x0000000088d80000)
 Metaspace       used 57776K, capacity 58898K, committed 59096K, reserved 1101824K
  class space    used 6924K, capacity 7181K, committed 7296K, reserved 1048576K
}
Event: 32.871 GC heap before
{Heap before GC invocations=21 (full 3):
 PSYoungGen      total 477184K, used 462848K [0x00000000d5f00000, 0x00000000fa600000, 0x0000000100000000)
  eden space 462848K, 100% used [0x00000000d5f00000,0x00000000f2300000,0x00000000f2300000)
  from space 14336K, 0% used [0x00000000f2300000,0x00000000f2300000,0x00000000f3100000)
  to   space 14848K, 0% used [0x00000000f9780000,0x00000000f9780000,0x00000000fa600000)
 ParOldGen       total 116224K, used 39492K [0x0000000081c00000, 0x0000000088d80000, 0x00000000d5f00000)
  object space 116224K, 33% used [0x0000000081c00000,0x00000000842912e8,0x0000000088d80000)
 Metaspace       used 57836K, capacity 58970K, committed 59352K, reserved 1101824K
  class space    used 6924K, capacity 7181K, committed 7296K, reserved 1048576K
Event: 32.877 GC heap after
Heap after GC invocations=21 (full 3):
 PSYoungGen      total 548864K, used 1836K [0x00000000d5f00000, 0x00000000f9980000, 0x0000000100000000)
  eden space 546816K, 0% used [0x00000000d5f00000,0x00000000d5f00000,0x00000000f7500000)
  from space 2048K, 89% used [0x00000000f9780000,0x00000000f994b130,0x00000000f9980000)
  to   space 14848K, 0% used [0x00000000f7c80000,0x00000000f7c80000,0x00000000f8b00000)
 ParOldGen       total 116224K, used 39500K [0x0000000081c00000, 0x0000000088d80000, 0x00000000d5f00000)
  object space 116224K, 33% used [0x0000000081c00000,0x00000000842932e8,0x0000000088d80000)
 Metaspace       used 57836K, capacity 58970K, committed 59352K, reserved 1101824K
  class space    used 6924K, capacity 7181K, committed 7296K, reserved 1048576K
}
Event: 33.369 GC heap before
{Heap before GC invocations=22 (full 3):
 PSYoungGen      total 548864K, used 548652K [0x00000000d5f00000, 0x00000000f9980000, 0x0000000100000000)
  eden space 546816K, 100% used [0x00000000d5f00000,0x00000000f7500000,0x00000000f7500000)
  from space 2048K, 89% used [0x00000000f9780000,0x00000000f994b130,0x00000000f9980000)
  to   space 14848K, 0% used [0x00000000f7c80000,0x00000000f7c80000,0x00000000f8b00000)
 ParOldGen       total 116224K, used 39500K [0x0000000081c00000, 0x0000000088d80000, 0x00000000d5f00000)
  object space 116224K, 33% used [0x0000000081c00000,0x00000000842932e8,0x0000000088d80000)
 Metaspace       used 57952K, capacity 59066K, committed 59352K, reserved 1101824K
  class space    used 6946K, capacity 7181K, committed 7296K, reserved 1048576K
Event: 33.375 GC heap after
Heap after GC invocations=22 (full 3):
 PSYoungGen      total 569344K, used 1317K [0x00000000d5f00000, 0x00000000ff580000, 0x0000000100000000)
  eden space 554496K, 0% used [0x00000000d5f00000,0x00000000d5f00000,0x00000000f7c80000)
  from space 14848K, 8% used [0x00000000f7c80000,0x00000000f7dc97a0,0x00000000f8b00000)
  to   space 14848K, 0% used [0x00000000fe700000,0x00000000fe700000,0x00000000ff580000)
 ParOldGen       total 116224K, used 39508K [0x0000000081c00000, 0x0000000088d80000, 0x00000000d5f00000)
  object space 116224K, 33% used [0x0000000081c00000,0x00000000842952e8,0x0000000088d80000)
 Metaspace       used 57952K, capacity 59066K, committed 59352K, reserved 1101824K
  class space    used 6946K, capacity 7181K, committed 7296K, reserved 1048576K
}
Event: 34.039 GC heap before
{Heap before GC invocations=23 (full 3):
 PSYoungGen      total 569344K, used 555813K [0x00000000d5f00000, 0x00000000ff580000, 0x0000000100000000)
  eden space 554496K, 100% used [0x00000000d5f00000,0x00000000f7c80000,0x00000000f7c80000)
  from space 14848K, 8% used [0x00000000f7c80000,0x00000000f7dc97a0,0x00000000f8b00000)
  to   space 14848K, 0% used [0x00000000fe700000,0x00000000fe700000,0x00000000ff580000)
 ParOldGen       total 116224K, used 39508K [0x0000000081c00000, 0x0000000088d80000, 0x00000000d5f00000)
  object space 116224K, 33% used [0x0000000081c00000,0x00000000842952e8,0x0000000088d80000)
 Metaspace       used 58277K, capacity 59354K, committed 59608K, reserved 1101824K
  class space    used 6986K, capacity 7213K, committed 7296K, reserved 1048576K
Event: 34.051 GC heap after
Heap after GC invocations=23 (full 3):
 PSYoungGen      total 664064K, used 2164K [0x00000000d5f00000, 0x00000000fff00000, 0x0000000100000000)
  eden space 649216K, 0% used [0x00000000d5f00000,0x00000000d5f00000,0x00000000fd900000)
  from space 14848K, 14% used [0x00000000fe700000,0x00000000fe91d210,0x00000000ff580000)
  to   space 14336K, 0% used [0x00000000fd900000,0x00000000fd900000,0x00000000fe700000)
 ParOldGen       total 116224K, used 39516K [0x0000000081c00000, 0x0000000088d80000, 0x00000000d5f00000)
  object space 116224K, 34% used [0x0000000081c00000,0x00000000842972e8,0x0000000088d80000)
 Metaspace       used 58277K, capacity 59354K, committed 59608K, reserved 1101824K
  class space    used 6986K, capacity 7213K, committed 7296K, reserved 1048576K
}

Deoptimization events (10 events):
Event: 33.256 Thread 0x000000005ef5a000 Uncommon trap: reason=bimorphic action=maybe_recompile pc=0x00000000037f1a3c method=java.util.Hashtable.addEntry(ILjava/lang/Object;Ljava/lang/Object;I)V @ 38
Event: 33.256 Thread 0x000000005ef5a000 Uncommon trap: reason=bimorphic action=maybe_recompile pc=0x00000000037f1a3c method=java.util.Hashtable.addEntry(ILjava/lang/Object;Ljava/lang/Object;I)V @ 38
Event: 33.258 Thread 0x000000005ef5a000 Uncommon trap: reason=bimorphic action=maybe_recompile pc=0x00000000037f1a3c method=java.util.Hashtable.addEntry(ILjava/lang/Object;Ljava/lang/Object;I)V @ 38
Event: 33.259 Thread 0x000000005ef5a000 Uncommon trap: reason=bimorphic action=maybe_recompile pc=0x00000000037f1a3c method=java.util.Hashtable.addEntry(ILjava/lang/Object;Ljava/lang/Object;I)V @ 38
Event: 33.510 Thread 0x000000005ef5a000 Uncommon trap: reason=unstable_if action=reinterpret pc=0x0000000002a84a8c method=com.sun.org.apache.xerces.internal.impl.XMLEntityScanner.skipSpaces()Z @ 72
Event: 33.566 Thread 0x000000005ef5a000 Uncommon trap: reason=unstable_if action=reinterpret pc=0x0000000002ceebc0 method=com.sun.org.apache.xerces.internal.utils.XMLSecurityManager.isOverLimit(ILcom/sun/org/apache/xerces/internal/utils/XMLLimitAnalyzer;)Z @ 28
Event: 33.811 Thread 0x000000005ef5a000 Uncommon trap: reason=unstable_if action=reinterpret pc=0x00000000034d679c method=com.sun.org.apache.xerces.internal.dom.DeferredDocumentImpl.clearChunkIndex([[III)I @ 3
Event: 34.166 Thread 0x000000005a7dd800 Uncommon trap: reason=unstable_if action=reinterpret pc=0x000000000432b74c method=com.mysql.jdbc.PreparedStatement$ParseInfo.<init>(Ljava/lang/String;Lcom/mysql/jdbc/MySQLConnection;Ljava/sql/DatabaseMetaData;Ljava/lang/String;Lcom/mysql/jdbc/SingleByteCh
Event: 34.242 Thread 0x000000005a7df000 Uncommon trap: reason=speculate_class_check action=maybe_recompile pc=0x0000000003df73a0 method=java.nio.charset.CharsetEncoder.encode(Ljava/nio/CharBuffer;Ljava/nio/ByteBuffer;Z)Ljava/nio/charset/CoderResult; @ 57
Event: 34.248 Thread 0x000000005a7df000 Uncommon trap: reason=unstable_if action=reinterpret pc=0x0000000003ef31cc method=com.mysql.jdbc.StringUtils.indexOfIgnoreCase(ILjava/lang/String;Ljava/lang/String;)I @ 80

Internal exceptions (10 events):
Event: 30.891 Thread 0x00000000023cc800 Exception <a 'java/security/PrivilegedActionException'> (0x00000000e3a76360) thrown at [C:\re\workspace\8-2-build-windows-amd64-cygwin\jdk8u131\8869\hotspot\src\share\vm\prims\jvm.cpp, line 1390]
Event: 30.892 Thread 0x00000000023cc800 Exception <a 'java/security/PrivilegedActionException'> (0x00000000e3ab69f8) thrown at [C:\re\workspace\8-2-build-windows-amd64-cygwin\jdk8u131\8869\hotspot\src\share\vm\prims\jvm.cpp, line 1390]
Event: 30.892 Thread 0x00000000023cc800 Exception <a 'java/security/PrivilegedActionException'> (0x00000000e3ab6df0) thrown at [C:\re\workspace\8-2-build-windows-amd64-cygwin\jdk8u131\8869\hotspot\src\share\vm\prims\jvm.cpp, line 1390]
Event: 30.931 Thread 0x00000000023cc800 Exception <a 'java/security/PrivilegedActionException'> (0x00000000e3aff190) thrown at [C:\re\workspace\8-2-build-windows-amd64-cygwin\jdk8u131\8869\hotspot\src\share\vm\prims\jvm.cpp, line 1390]
Event: 30.931 Thread 0x00000000023cc800 Exception <a 'java/security/PrivilegedActionException'> (0x00000000e3aff588) thrown at [C:\re\workspace\8-2-build-windows-amd64-cygwin\jdk8u131\8869\hotspot\src\share\vm\prims\jvm.cpp, line 1390]
Event: 30.932 Thread 0x00000000023cc800 Exception <a 'java/security/PrivilegedActionException'> (0x00000000e3b3fc20) thrown at [C:\re\workspace\8-2-build-windows-amd64-cygwin\jdk8u131\8869\hotspot\src\share\vm\prims\jvm.cpp, line 1390]
Event: 30.932 Thread 0x00000000023cc800 Exception <a 'java/security/PrivilegedActionException'> (0x00000000e3b40018) thrown at [C:\re\workspace\8-2-build-windows-amd64-cygwin\jdk8u131\8869\hotspot\src\share\vm\prims\jvm.cpp, line 1390]
Event: 33.811 Thread 0x000000005ef5a000 Implicit null exception at 0x00000000034d6692 to 0x00000000034d677d
Event: 33.818 Thread 0x000000005ef5a000 Exception <a 'java/lang/ClassNotFoundException': org/springframework/jdbc/support/SQLErrorCodesBeanInfo> (0x00000000eac5cdf8) thrown at [C:\re\workspace\8-2-build-windows-amd64-cygwin\jdk8u131\8869\hotspot\src\share\vm\classfile\systemDictionary.cpp, line
Event: 33.818 Thread 0x000000005ef5a000 Exception <a 'java/lang/ClassNotFoundException': org/springframework/jdbc/support/SQLErrorCodesCustomizer> (0x00000000eac7cdc0) thrown at [C:\re\workspace\8-2-build-windows-amd64-cygwin\jdk8u131\8869\hotspot\src\share\vm\classfile\systemDictionary.cpp, li

Events (10 events):
Event: 34.349 Thread 0x00000000666f2800 Thread added: 0x00000000666f2800
Event: 34.349 Thread 0x00000000666f1000 Thread exited: 0x00000000666f1000
Event: 34.351 Thread 0x00000000666f2800 Thread exited: 0x00000000666f2800
Event: 34.360 Thread 0x00000000666f0000 DEOPT PACKING pc=0x0000000003e3e8b7 sp=0x000000006da4cfb0
Event: 34.360 Thread 0x00000000666f0000 DEOPT UNPACKING pc=0x000000000282787f sp=0x000000006da4ce70 mode 0
Event: 34.361 Thread 0x000000005ef5a000 Thread exited: 0x000000005ef5a000
Event: 34.363 Thread 0x000000005a7df000 Thread exited: 0x000000005a7df000
Event: 34.367 Thread 0x000000005e498000 DEOPT PACKING pc=0x0000000003e3eaab sp=0x000000006b1cc070
Event: 34.367 Thread 0x000000005e498000 DEOPT UNPACKING pc=0x000000000282787f sp=0x000000006b1cbf30 mode 0
Event: 34.369 Thread 0x00000000666f1800 Thread exited: 0x00000000666f1800


Dynamic libraries:
0x000000013fa40000 - 0x000000013fa77000 	C:\Program Files\Java\jdk1.8.0_131\bin\java.exe
0x00000000776b0000 - 0x000000007784f000 	C:\Windows\SYSTEM32\ntdll.dll
0x0000000077590000 - 0x00000000776af000 	C:\Windows\system32\kernel32.dll
0x000007fefd4b0000 - 0x000007fefd517000 	C:\Windows\system32\KERNELBASE.dll
0x000007feff8a0000 - 0x000007feff97b000 	C:\Windows\system32\ADVAPI32.dll
0x000007fefe950000 - 0x000007fefe9ef000 	C:\Windows\system32\msvcrt.dll
0x000007feff980000 - 0x000007feff99f000 	C:\Windows\SYSTEM32\sechost.dll
0x000007fefd640000 - 0x000007fefd76c000 	C:\Windows\system32\RPCRT4.dll
0x0000000077490000 - 0x000000007758a000 	C:\Windows\system32\USER32.dll
0x000007fefeeb0000 - 0x000007fefef17000 	C:\Windows\system32\GDI32.dll
0x000007fefe9f0000 - 0x000007fefe9fe000 	C:\Windows\system32\LPK.dll
0x000007feff320000 - 0x000007feff3eb000 	C:\Windows\system32\USP10.dll
0x000007fefba70000 - 0x000007fefbc65000 	C:\Windows\WinSxS\amd64_microsoft.windows.common-controls_6595b64144ccf1df_6.0.7601.24483_none_e372d88f30fbb845\COMCTL32.dll
0x000007fefd770000 - 0x000007fefd7e1000 	C:\Windows\system32\SHLWAPI.dll
0x000007feff870000 - 0x000007feff89e000 	C:\Windows\system32\IMM32.DLL
0x000007feff210000 - 0x000007feff319000 	C:\Windows\system32\MSCTF.dll
0x000000005d9e0000 - 0x000000005dab2000 	C:\Program Files\Java\jdk1.8.0_131\jre\bin\msvcr100.dll
0x0000000070150000 - 0x00000000709ec000 	C:\Program Files\Java\jdk1.8.0_131\jre\bin\server\jvm.dll
0x000007fef0a30000 - 0x000007fef0a39000 	C:\Windows\system32\WSOCK32.dll
0x000007fefefc0000 - 0x000007feff00d000 	C:\Windows\system32\WS2_32.dll
0x000007feff860000 - 0x000007feff868000 	C:\Windows\system32\NSI.dll
0x000007fef94d0000 - 0x000007fef950b000 	C:\Windows\system32\WINMM.dll
0x000007fefc200000 - 0x000007fefc20c000 	C:\Windows\system32\VERSION.dll
0x0000000077850000 - 0x0000000077857000 	C:\Windows\system32\PSAPI.DLL
0x000000006f500000 - 0x000000006f50f000 	C:\Program Files\Java\jdk1.8.0_131\jre\bin\verify.dll
0x000000005bf20000 - 0x000000005bf49000 	C:\Program Files\Java\jdk1.8.0_131\jre\bin\java.dll
0x000000005d3f0000 - 0x000000005d425000 	C:\Program Files\Java\jdk1.8.0_131\jre\bin\jdwp.dll
0x000000006f340000 - 0x000000006f348000 	C:\Program Files\Java\jdk1.8.0_131\jre\bin\npt.dll
0x000000006f4e0000 - 0x000000006f4f6000 	C:\Program Files\Java\jdk1.8.0_131\jre\bin\zip.dll
0x000007fefdba0000 - 0x000007fefe92b000 	C:\Windows\system32\SHELL32.dll
0x000007feff010000 - 0x000007feff20f000 	C:\Windows\system32\ole32.dll
0x000007fefd200000 - 0x000007fefd20f000 	C:\Windows\system32\profapi.dll
0x000000006f330000 - 0x000000006f339000 	C:\Program Files\Java\jdk1.8.0_131\jre\bin\dt_socket.dll
0x000007fefc210000 - 0x000007fefc38a000 	C:\Program Files (x86)\Sangfor\SSL\ClientComponent2\SangforTcpX64.dll
0x000007fefd7f0000 - 0x000007fefd8cb000 	C:\Windows\system32\OLEAUT32.dll
0x000007fefd520000 - 0x000007fefd55b000 	C:\Windows\system32\WINTRUST.dll
0x000007fefd240000 - 0x000007fefd3ad000 	C:\Windows\system32\CRYPT32.dll
0x000007fefd210000 - 0x000007fefd21f000 	C:\Windows\system32\MSASN1.dll
0x000007fefc910000 - 0x000007fefc965000 	C:\Windows\system32\mswsock.dll
0x000007fefc1f0000 - 0x000007fefc1f7000 	C:\Windows\System32\wshtcpip.dll
0x000000006f320000 - 0x000000006f32d000 	C:\Program Files\Java\jdk1.8.0_131\jre\bin\management.dll
0x000000005c6f0000 - 0x000000005c70a000 	C:\Program Files\Java\jdk1.8.0_131\jre\bin\net.dll
0x000007fefc900000 - 0x000007fefc907000 	C:\Windows\System32\wship6.dll
0x000007fefa290000 - 0x000007fefa2bd000 	C:\Program Files (x86)\Sangfor\SSL\ClientComponent2\SangforNspX64.dll
0x000007fefb100000 - 0x000007fefb115000 	C:\Windows\system32\NLAapi.dll
0x000007feefff0000 - 0x000007fef0005000 	C:\Windows\system32\napinsp.dll
0x000007fee7cb0000 - 0x000007fee7cc9000 	C:\Windows\system32\pnrpnsp.dll
0x000007fefc790000 - 0x000007fefc7eb000 	C:\Windows\system32\DNSAPI.dll
0x000007fef09d0000 - 0x000007fef09db000 	C:\Windows\System32\winrnr.dll
0x000007fefaab0000 - 0x000007fefaad7000 	C:\Windows\system32\IPHLPAPI.DLL
0x000007fefaaa0000 - 0x000007fefaaab000 	C:\Windows\system32\WINNSI.DLL
0x000007fefa060000 - 0x000007fefa068000 	C:\Windows\system32\rasadhlp.dll
0x000007fefa860000 - 0x000007fefa8b3000 	C:\Windows\System32\fwpuclnt.dll
0x000000006f4a0000 - 0x000000006f4b1000 	C:\Program Files\Java\jdk1.8.0_131\jre\bin\nio.dll
0x000007fefc970000 - 0x000007fefc988000 	C:\Windows\system32\CRYPTSP.dll
0x000007fefc670000 - 0x000007fefc6b7000 	C:\Windows\system32\rsaenh.dll
0x000007fefd220000 - 0x000007fefd23f000 	C:\Windows\system32\USERENV.dll
0x000007fefd000000 - 0x000007fefd00f000 	C:\Windows\system32\CRYPTBASE.dll
0x000007fefa7f0000 - 0x000007fefa801000 	C:\Windows\system32\dhcpcsvc6.DLL
0x000007fefa770000 - 0x000007fefa788000 	C:\Windows\system32\dhcpcsvc.DLL

VM Arguments:
jvm_args: -agentlib:jdwp=transport=dt_socket,address=127.0.0.1:51510,suspend=y,server=n -Dfile.encoding=UTF-8 
java_command: com.siti.wisdomhydrologic.SQApplication
java_class_path (initial): C:\Program Files\Java\jdk1.8.0_131\jre\lib\charsets.jar;C:\Program Files\Java\jdk1.8.0_131\jre\lib\deploy.jar;C:\Program Files\Java\jdk1.8.0_131\jre\lib\ext\access-bridge-64.jar;C:\Program Files\Java\jdk1.8.0_131\jre\lib\ext\cldrdata.jar;C:\Program Files\Java\jdk1.8.0_131\jre\lib\ext\dnsns.jar;C:\Program Files\Java\jdk1.8.0_131\jre\lib\ext\jaccess.jar;C:\Program Files\Java\jdk1.8.0_131\jre\lib\ext\jfxrt.jar;C:\Program Files\Java\jdk1.8.0_131\jre\lib\ext\localedata.jar;C:\Program Files\Java\jdk1.8.0_131\jre\lib\ext\nashorn.jar;C:\Program Files\Java\jdk1.8.0_131\jre\lib\ext\sunec.jar;C:\Program Files\Java\jdk1.8.0_131\jre\lib\ext\sunjce_provider.jar;C:\Program Files\Java\jdk1.8.0_131\jre\lib\ext\sunmscapi.jar;C:\Program Files\Java\jdk1.8.0_131\jre\lib\ext\sunpkcs11.jar;C:\Program Files\Java\jdk1.8.0_131\jre\lib\ext\zipfs.jar;C:\Program Files\Java\jdk1.8.0_131\jre\lib\javaws.jar;C:\Program Files\Java\jdk1.8.0_131\jre\lib\jce.jar;C:\Program Files\Java\jdk1.8.0_131\jre\lib\jfr.jar;C:\Program Files\Java\jdk1.8.0_131\jre\lib\jfxswt.jar;C:\Program Files\Java\jdk1.8.0_131\jre\lib\jsse.jar;C:\Program Files\Java\jdk1.8.0_131\jre\lib\management-agent.jar;C:\Program Files\Java\jdk1.8.0_131\jre\lib\plugin.jar;C:\Program Files\Java\jdk1.8.0_131\jre\lib\resources.jar;C:\Program Files\Java\jdk1.8.0_131\jre\lib\rt.jar;H:\mavenWorkspace\sq\target\classes;H:\mavenWorkspace\sq\lib\javax.jms.jar;H:\mavenWorkspace\sq\lib\javax.ejb.jar;H:\mavenWorkspace\sq\lib\javax.persistence.jar;H:\mavenWorkspace\sq\lib\javax.transaction.jar;H:\mavenWorkspace\sq\lib\javax.servlet.jsp.jar;H:\mavenWorkspace\sq\lib\javax.servlet.jsp.jstl.jar;H:\mavenWorkspace\sq\lib\javax.resource.jar;H:\server\repository\org\springframework\boot\spring-boot-starter-web\1.5.4.RELEASE\spring-boot-starter-web-1.5.4.RELEASE.jar;H:\server\repository\org\springframework\boot\spring-boot-starter\1.5.4.RELEASE\spring-boot-starter-1.5.4.RELEASE.jar;H:\server\repository\org\springframework\boot\spring-b
Launcher Type: SUN_STANDARD

Environment Variables:



---------------  S Y S T E M  ---------------

OS: Windows 7 , 64 bit Build 7601 (6.1.7601.24499)

CPU:total 4 (initial active 4) (4 cores per cpu, 1 threads per core) family 6 model 94 stepping 3, cmov, cx8, fxsr, mmx, sse, sse2, sse3, ssse3, sse4.1, sse4.2, popcnt, avx, avx2, aes, clmul, erms, rtm, 3dnowpref, lzcnt, tsc, tscinvbit, bmi1, bmi2, adx

Memory: 4k page, physical 8270844k(850004k free), swap 14560400k(5048k free)

vm_info: Java HotSpot(TM) 64-Bit Server VM (25.131-b11) for windows-amd64 JRE (1.8.0_131-b11), built on Mar 15 2017 01:23:53 by "java_re" with MS VC++ 10.0 (VS2010)

time: Fri Aug 09 18:00:29 2019
elapsed time: 34 seconds (0d 0h 0m 34s)

