2019-08-19 09:07:21,460 [http-nio-8099-exec-1] ERROR o.a.c.c.C.[.[.[.[dispatcherServlet] 181 - Servlet.service() for servlet [dispatcherServlet] in context with path [/sq] threw exception [Request processing failed; nested exception is java.lang.NullPointerException] with root cause
java.lang.NullPointerException: null
	at java.util.Calendar.setTime(Calendar.java:1770)
	at com.siti.wisdomhydrologic.operation.service.Impl.ManageApplicationBrokenServiceImpl.lambda$insertDataMantain$2(ManageApplicationBrokenServiceImpl.java:104)
	at java.util.ArrayList.forEach(ArrayList.java:1249)
	at com.siti.wisdomhydrologic.operation.service.Impl.ManageApplicationBrokenServiceImpl.insertDataMantain(ManageApplicationBrokenServiceImpl.java:79)
	at com.siti.wisdomhydrologic.operation.controller.ManageApplicationBrokenController.insertDataMantain(ManageApplicationBrokenController.java:43)
	at sun.reflect.NativeMethodAccessorImpl.invoke0(Native Method)
	at sun.reflect.NativeMethodAccessorImpl.invoke(NativeMethodAccessorImpl.java:62)
	at sun.reflect.DelegatingMethodAccessorImpl.invoke(DelegatingMethodAccessorImpl.java:43)
	at java.lang.reflect.Method.invoke(Method.java:498)
	at org.springframework.web.method.support.InvocableHandlerMethod.doInvoke(InvocableHandlerMethod.java:205)
	at org.springframework.web.method.support.InvocableHandlerMethod.invokeForRequest(InvocableHandlerMethod.java:133)
	at org.springframework.web.servlet.mvc.method.annotation.ServletInvocableHandlerMethod.invokeAndHandle(ServletInvocableHandlerMethod.java:97)
	at org.springframework.web.servlet.mvc.method.annotation.RequestMappingHandlerAdapter.invokeHandlerMethod(RequestMappingHandlerAdapter.java:827)
	at org.springframework.web.servlet.mvc.method.annotation.RequestMappingHandlerAdapter.handleInternal(RequestMappingHandlerAdapter.java:738)
	at org.springframework.web.servlet.mvc.method.AbstractHandlerMethodAdapter.handle(AbstractHandlerMethodAdapter.java:85)
	at org.springframework.web.servlet.DispatcherServlet.doDispatch(DispatcherServlet.java:967)
	at org.springframework.web.servlet.DispatcherServlet.doService(DispatcherServlet.java:901)
	at org.springframework.web.servlet.FrameworkServlet.processRequest(FrameworkServlet.java:970)
	at org.springframework.web.servlet.FrameworkServlet.doGet(FrameworkServlet.java:861)
	at javax.servlet.http.HttpServlet.service(HttpServlet.java:635)
	at org.springframework.web.servlet.FrameworkServlet.service(FrameworkServlet.java:846)
	at javax.servlet.http.HttpServlet.service(HttpServlet.java:742)
	at org.apache.catalina.core.ApplicationFilterChain.internalDoFilter(ApplicationFilterChain.java:231)
	at org.apache.catalina.core.ApplicationFilterChain.doFilter(ApplicationFilterChain.java:166)
	at org.apache.tomcat.websocket.server.WsFilter.doFilter(WsFilter.java:52)
	at org.apache.catalina.core.ApplicationFilterChain.internalDoFilter(ApplicationFilterChain.java:193)
	at org.apache.catalina.core.ApplicationFilterChain.doFilter(ApplicationFilterChain.java:166)
	at org.springframework.web.filter.RequestContextFilter.doFilterInternal(RequestContextFilter.java:99)
	at org.springframework.web.filter.OncePerRequestFilter.doFilter(OncePerRequestFilter.java:107)
	at org.apache.catalina.core.ApplicationFilterChain.internalDoFilter(ApplicationFilterChain.java:193)
	at org.apache.catalina.core.ApplicationFilterChain.doFilter(ApplicationFilterChain.java:166)
	at org.springframework.web.filter.HttpPutFormContentFilter.doFilterInternal(HttpPutFormContentFilter.java:105)
	at org.springframework.web.filter.OncePerRequestFilter.doFilter(OncePerRequestFilter.java:107)
	at org.apache.catalina.core.ApplicationFilterChain.internalDoFilter(ApplicationFilterChain.java:193)
	at org.apache.catalina.core.ApplicationFilterChain.doFilter(ApplicationFilterChain.java:166)
	at org.springframework.web.filter.HiddenHttpMethodFilter.doFilterInternal(HiddenHttpMethodFilter.java:81)
	at org.springframework.web.filter.OncePerRequestFilter.doFilter(OncePerRequestFilter.java:107)
	at org.apache.catalina.core.ApplicationFilterChain.internalDoFilter(ApplicationFilterChain.java:193)
	at org.apache.catalina.core.ApplicationFilterChain.doFilter(ApplicationFilterChain.java:166)
	at org.springframework.web.filter.CharacterEncodingFilter.doFilterInternal(CharacterEncodingFilter.java:197)
	at org.springframework.web.filter.OncePerRequestFilter.doFilter(OncePerRequestFilter.java:107)
	at org.apache.catalina.core.ApplicationFilterChain.internalDoFilter(ApplicationFilterChain.java:193)
	at org.apache.catalina.core.ApplicationFilterChain.doFilter(ApplicationFilterChain.java:166)
	at org.apache.catalina.core.StandardWrapperValve.invoke(StandardWrapperValve.java:198)
	at org.apache.catalina.core.StandardContextValve.invoke(StandardContextValve.java:96)
	at org.apache.catalina.authenticator.AuthenticatorBase.invoke(AuthenticatorBase.java:478)
	at org.apache.catalina.core.StandardHostValve.invoke(StandardHostValve.java:140)
	at org.apache.catalina.valves.ErrorReportValve.invoke(ErrorReportValve.java:80)
	at org.apache.catalina.core.StandardEngineValve.invoke(StandardEngineValve.java:87)
	at org.apache.catalina.connector.CoyoteAdapter.service(CoyoteAdapter.java:342)
	at org.apache.coyote.http11.Http11Processor.service(Http11Processor.java:799)
	at org.apache.coyote.AbstractProcessorLight.process(AbstractProcessorLight.java:66)
	at org.apache.coyote.AbstractProtocol$ConnectionHandler.process(AbstractProtocol.java:861)
	at org.apache.tomcat.util.net.NioEndpoint$SocketProcessor.doRun(NioEndpoint.java:1455)
	at org.apache.tomcat.util.net.SocketProcessorBase.run(SocketProcessorBase.java:49)
	at java.util.concurrent.ThreadPoolExecutor.runWorker(ThreadPoolExecutor.java:1142)
	at java.util.concurrent.ThreadPoolExecutor$Worker.run(ThreadPoolExecutor.java:617)
	at org.apache.tomcat.util.threads.TaskThread$WrappingRunnable.run(TaskThread.java:61)
	at java.lang.Thread.run(Thread.java:748)
2019-08-19 09:12:00,488 [http-nio-8099-exec-2] ERROR c.s.w.o.s.I.ManageApplicationBrokenServiceImpl 123 - null
2019-08-19 09:12:00,494 [http-nio-8099-exec-2] ERROR c.s.w.o.s.I.ManageApplicationBrokenServiceImpl 123 - null
2019-08-19 09:12:00,495 [http-nio-8099-exec-2] ERROR c.s.w.o.s.I.ManageApplicationBrokenServiceImpl 123 - null
2019-08-19 09:12:00,496 [http-nio-8099-exec-2] ERROR c.s.w.o.s.I.ManageApplicationBrokenServiceImpl 123 - null
2019-08-19 09:12:00,498 [http-nio-8099-exec-2] ERROR c.s.w.o.s.I.ManageApplicationBrokenServiceImpl 123 - null
2019-08-19 09:12:00,499 [http-nio-8099-exec-2] ERROR c.s.w.o.s.I.ManageApplicationBrokenServiceImpl 123 - null
2019-08-19 09:12:00,506 [http-nio-8099-exec-2] ERROR c.s.w.o.s.I.ManageApplicationBrokenServiceImpl 123 - null
2019-08-19 09:12:00,507 [http-nio-8099-exec-2] ERROR c.s.w.o.s.I.ManageApplicationBrokenServiceImpl 123 - null
2019-08-19 09:12:00,537 [http-nio-8099-exec-2] ERROR c.s.w.o.s.I.ManageApplicationBrokenServiceImpl 123 - null
2019-08-19 09:12:00,539 [http-nio-8099-exec-2] ERROR c.s.w.o.s.I.ManageApplicationBrokenServiceImpl 123 - null
2019-08-19 09:12:00,540 [http-nio-8099-exec-2] ERROR c.s.w.o.s.I.ManageApplicationBrokenServiceImpl 123 - null
2019-08-19 09:12:00,541 [http-nio-8099-exec-2] ERROR c.s.w.o.s.I.ManageApplicationBrokenServiceImpl 123 - null
2019-08-19 09:12:00,541 [http-nio-8099-exec-2] ERROR c.s.w.o.s.I.ManageApplicationBrokenServiceImpl 123 - null
2019-08-19 09:12:00,542 [http-nio-8099-exec-2] ERROR c.s.w.o.s.I.ManageApplicationBrokenServiceImpl 123 - null
2019-08-19 09:12:00,542 [http-nio-8099-exec-2] ERROR c.s.w.o.s.I.ManageApplicationBrokenServiceImpl 123 - null
2019-08-19 09:12:00,543 [http-nio-8099-exec-2] ERROR c.s.w.o.s.I.ManageApplicationBrokenServiceImpl 123 - null
2019-08-19 09:12:00,543 [http-nio-8099-exec-2] ERROR c.s.w.o.s.I.ManageApplicationBrokenServiceImpl 123 - null
2019-08-19 09:12:00,544 [http-nio-8099-exec-2] ERROR c.s.w.o.s.I.ManageApplicationBrokenServiceImpl 123 - null
2019-08-19 09:12:00,545 [http-nio-8099-exec-2] ERROR c.s.w.o.s.I.ManageApplicationBrokenServiceImpl 123 - null
2019-08-19 09:12:00,545 [http-nio-8099-exec-2] ERROR c.s.w.o.s.I.ManageApplicationBrokenServiceImpl 123 - null
2019-08-19 09:12:00,546 [http-nio-8099-exec-2] ERROR c.s.w.o.s.I.ManageApplicationBrokenServiceImpl 123 - null
2019-08-19 09:12:00,547 [http-nio-8099-exec-2] ERROR c.s.w.o.s.I.ManageApplicationBrokenServiceImpl 123 - null
2019-08-19 09:12:00,549 [http-nio-8099-exec-2] ERROR c.s.w.o.s.I.ManageApplicationBrokenServiceImpl 123 - null
2019-08-19 09:12:00,549 [http-nio-8099-exec-2] ERROR c.s.w.o.s.I.ManageApplicationBrokenServiceImpl 123 - null
2019-08-19 09:12:00,551 [http-nio-8099-exec-2] ERROR c.s.w.o.s.I.ManageApplicationBrokenServiceImpl 123 - null
2019-08-19 09:12:00,552 [http-nio-8099-exec-2] ERROR c.s.w.o.s.I.ManageApplicationBrokenServiceImpl 123 - null
2019-08-19 09:12:00,554 [http-nio-8099-exec-2] ERROR c.s.w.o.s.I.ManageApplicationBrokenServiceImpl 123 - null
2019-08-19 09:12:00,555 [http-nio-8099-exec-2] ERROR c.s.w.o.s.I.ManageApplicationBrokenServiceImpl 123 - null
2019-08-19 09:12:00,557 [http-nio-8099-exec-2] ERROR c.s.w.o.s.I.ManageApplicationBrokenServiceImpl 123 - null
2019-08-19 09:12:00,558 [http-nio-8099-exec-2] ERROR c.s.w.o.s.I.ManageApplicationBrokenServiceImpl 123 - null
2019-08-19 09:12:00,560 [http-nio-8099-exec-2] ERROR c.s.w.o.s.I.ManageApplicationBrokenServiceImpl 123 - null
2019-08-19 09:12:00,561 [http-nio-8099-exec-2] ERROR c.s.w.o.s.I.ManageApplicationBrokenServiceImpl 123 - null
2019-08-19 09:12:00,563 [http-nio-8099-exec-2] ERROR c.s.w.o.s.I.ManageApplicationBrokenServiceImpl 123 - null
2019-08-19 09:12:00,564 [http-nio-8099-exec-2] ERROR c.s.w.o.s.I.ManageApplicationBrokenServiceImpl 123 - null
2019-08-19 09:12:00,566 [http-nio-8099-exec-2] ERROR c.s.w.o.s.I.ManageApplicationBrokenServiceImpl 123 - null
2019-08-19 09:12:00,566 [http-nio-8099-exec-2] ERROR c.s.w.o.s.I.ManageApplicationBrokenServiceImpl 123 - null
2019-08-19 09:12:00,568 [http-nio-8099-exec-2] ERROR c.s.w.o.s.I.ManageApplicationBrokenServiceImpl 123 - null
2019-08-19 09:12:00,569 [http-nio-8099-exec-2] ERROR c.s.w.o.s.I.ManageApplicationBrokenServiceImpl 123 - null
2019-08-19 09:12:00,571 [http-nio-8099-exec-2] ERROR c.s.w.o.s.I.ManageApplicationBrokenServiceImpl 123 - null
2019-08-19 09:12:00,571 [http-nio-8099-exec-2] ERROR c.s.w.o.s.I.ManageApplicationBrokenServiceImpl 123 - null
2019-08-19 09:12:00,573 [http-nio-8099-exec-2] ERROR c.s.w.o.s.I.ManageApplicationBrokenServiceImpl 123 - null
2019-08-19 09:12:00,574 [http-nio-8099-exec-2] ERROR c.s.w.o.s.I.ManageApplicationBrokenServiceImpl 123 - null
2019-08-19 09:12:00,576 [http-nio-8099-exec-2] ERROR c.s.w.o.s.I.ManageApplicationBrokenServiceImpl 123 - null
2019-08-19 09:12:00,577 [http-nio-8099-exec-2] ERROR c.s.w.o.s.I.ManageApplicationBrokenServiceImpl 123 - null
2019-08-19 09:12:00,579 [http-nio-8099-exec-2] ERROR c.s.w.o.s.I.ManageApplicationBrokenServiceImpl 123 - null
2019-08-19 09:12:00,580 [http-nio-8099-exec-2] ERROR c.s.w.o.s.I.ManageApplicationBrokenServiceImpl 123 - null
2019-08-19 09:12:00,582 [http-nio-8099-exec-2] ERROR c.s.w.o.s.I.ManageApplicationBrokenServiceImpl 123 - null
2019-08-19 09:12:00,583 [http-nio-8099-exec-2] ERROR c.s.w.o.s.I.ManageApplicationBrokenServiceImpl 123 - null
2019-08-19 09:12:00,585 [http-nio-8099-exec-2] ERROR c.s.w.o.s.I.ManageApplicationBrokenServiceImpl 123 - null
2019-08-19 09:12:00,586 [http-nio-8099-exec-2] ERROR c.s.w.o.s.I.ManageApplicationBrokenServiceImpl 123 - null
2019-08-19 09:12:00,588 [http-nio-8099-exec-2] ERROR c.s.w.o.s.I.ManageApplicationBrokenServiceImpl 123 - null
2019-08-19 09:12:00,589 [http-nio-8099-exec-2] ERROR c.s.w.o.s.I.ManageApplicationBrokenServiceImpl 123 - null
2019-08-19 09:12:00,592 [http-nio-8099-exec-2] ERROR c.s.w.o.s.I.ManageApplicationBrokenServiceImpl 123 - null
2019-08-19 09:12:00,593 [http-nio-8099-exec-2] ERROR c.s.w.o.s.I.ManageApplicationBrokenServiceImpl 123 - null
2019-08-19 09:12:00,595 [http-nio-8099-exec-2] ERROR c.s.w.o.s.I.ManageApplicationBrokenServiceImpl 123 - null
2019-08-19 09:12:00,596 [http-nio-8099-exec-2] ERROR c.s.w.o.s.I.ManageApplicationBrokenServiceImpl 123 - null
2019-08-19 09:12:00,598 [http-nio-8099-exec-2] ERROR c.s.w.o.s.I.ManageApplicationBrokenServiceImpl 123 - null
2019-08-19 09:12:00,599 [http-nio-8099-exec-2] ERROR c.s.w.o.s.I.ManageApplicationBrokenServiceImpl 123 - null
2019-08-19 09:12:00,601 [http-nio-8099-exec-2] ERROR c.s.w.o.s.I.ManageApplicationBrokenServiceImpl 123 - null
2019-08-19 09:12:00,602 [http-nio-8099-exec-2] ERROR c.s.w.o.s.I.ManageApplicationBrokenServiceImpl 123 - null
2019-08-19 09:12:00,604 [http-nio-8099-exec-2] ERROR c.s.w.o.s.I.ManageApplicationBrokenServiceImpl 123 - null
2019-08-19 09:12:00,605 [http-nio-8099-exec-2] ERROR c.s.w.o.s.I.ManageApplicationBrokenServiceImpl 123 - null
2019-08-19 09:12:00,607 [http-nio-8099-exec-2] ERROR c.s.w.o.s.I.ManageApplicationBrokenServiceImpl 123 - null
2019-08-19 09:12:00,608 [http-nio-8099-exec-2] ERROR c.s.w.o.s.I.ManageApplicationBrokenServiceImpl 123 - null
2019-08-19 09:12:00,610 [http-nio-8099-exec-2] ERROR c.s.w.o.s.I.ManageApplicationBrokenServiceImpl 123 - null
2019-08-19 09:12:00,611 [http-nio-8099-exec-2] ERROR c.s.w.o.s.I.ManageApplicationBrokenServiceImpl 123 - null
2019-08-19 09:12:00,613 [http-nio-8099-exec-2] ERROR c.s.w.o.s.I.ManageApplicationBrokenServiceImpl 123 - null
2019-08-19 09:12:00,613 [http-nio-8099-exec-2] ERROR c.s.w.o.s.I.ManageApplicationBrokenServiceImpl 123 - null
2019-08-19 09:12:00,615 [http-nio-8099-exec-2] ERROR c.s.w.o.s.I.ManageApplicationBrokenServiceImpl 123 - null
2019-08-19 09:12:00,624 [http-nio-8099-exec-2] ERROR c.s.w.o.s.I.ManageApplicationBrokenServiceImpl 123 - null
2019-08-19 09:12:00,629 [http-nio-8099-exec-2] ERROR c.s.w.o.s.I.ManageApplicationBrokenServiceImpl 123 - null
2019-08-19 09:12:00,630 [http-nio-8099-exec-2] ERROR c.s.w.o.s.I.ManageApplicationBrokenServiceImpl 123 - null
2019-08-19 09:12:00,631 [http-nio-8099-exec-2] ERROR c.s.w.o.s.I.ManageApplicationBrokenServiceImpl 123 - null
2019-08-19 09:12:00,631 [http-nio-8099-exec-2] ERROR c.s.w.o.s.I.ManageApplicationBrokenServiceImpl 123 - null
2019-08-19 09:12:00,632 [http-nio-8099-exec-2] ERROR c.s.w.o.s.I.ManageApplicationBrokenServiceImpl 123 - null
2019-08-19 09:12:00,632 [http-nio-8099-exec-2] ERROR c.s.w.o.s.I.ManageApplicationBrokenServiceImpl 123 - null
2019-08-19 09:12:00,634 [http-nio-8099-exec-2] ERROR c.s.w.o.s.I.ManageApplicationBrokenServiceImpl 123 - null
2019-08-19 09:12:00,635 [http-nio-8099-exec-2] ERROR c.s.w.o.s.I.ManageApplicationBrokenServiceImpl 123 - null
2019-08-19 09:12:00,637 [http-nio-8099-exec-2] ERROR c.s.w.o.s.I.ManageApplicationBrokenServiceImpl 123 - null
2019-08-19 09:12:00,638 [http-nio-8099-exec-2] ERROR c.s.w.o.s.I.ManageApplicationBrokenServiceImpl 123 - null
2019-08-19 09:12:00,641 [http-nio-8099-exec-2] ERROR c.s.w.o.s.I.ManageApplicationBrokenServiceImpl 123 - null
2019-08-19 09:12:00,642 [http-nio-8099-exec-2] ERROR c.s.w.o.s.I.ManageApplicationBrokenServiceImpl 123 - null
2019-08-19 09:12:00,644 [http-nio-8099-exec-2] ERROR c.s.w.o.s.I.ManageApplicationBrokenServiceImpl 123 - null
2019-08-19 09:12:00,645 [http-nio-8099-exec-2] ERROR c.s.w.o.s.I.ManageApplicationBrokenServiceImpl 123 - null
2019-08-19 09:12:00,650 [http-nio-8099-exec-2] ERROR c.s.w.o.s.I.ManageApplicationBrokenServiceImpl 123 - null
2019-08-19 09:12:00,651 [http-nio-8099-exec-2] ERROR c.s.w.o.s.I.ManageApplicationBrokenServiceImpl 123 - null
2019-08-19 09:12:00,653 [http-nio-8099-exec-2] ERROR c.s.w.o.s.I.ManageApplicationBrokenServiceImpl 123 - null
2019-08-19 09:12:00,654 [http-nio-8099-exec-2] ERROR c.s.w.o.s.I.ManageApplicationBrokenServiceImpl 123 - null
2019-08-19 09:12:00,657 [http-nio-8099-exec-2] ERROR c.s.w.o.s.I.ManageApplicationBrokenServiceImpl 123 - null
2019-08-19 09:12:00,658 [http-nio-8099-exec-2] ERROR c.s.w.o.s.I.ManageApplicationBrokenServiceImpl 123 - null
2019-08-19 09:12:00,660 [http-nio-8099-exec-2] ERROR c.s.w.o.s.I.ManageApplicationBrokenServiceImpl 123 - null
2019-08-19 09:12:00,660 [http-nio-8099-exec-2] ERROR c.s.w.o.s.I.ManageApplicationBrokenServiceImpl 123 - null
2019-08-19 09:12:00,662 [http-nio-8099-exec-2] ERROR c.s.w.o.s.I.ManageApplicationBrokenServiceImpl 123 - null
2019-08-19 09:12:00,663 [http-nio-8099-exec-2] ERROR c.s.w.o.s.I.ManageApplicationBrokenServiceImpl 123 - null
2019-08-19 09:12:00,665 [http-nio-8099-exec-2] ERROR c.s.w.o.s.I.ManageApplicationBrokenServiceImpl 123 - null
2019-08-19 09:12:00,665 [http-nio-8099-exec-2] ERROR c.s.w.o.s.I.ManageApplicationBrokenServiceImpl 123 - null
2019-08-19 09:12:00,667 [http-nio-8099-exec-2] ERROR c.s.w.o.s.I.ManageApplicationBrokenServiceImpl 123 - null
2019-08-19 09:12:00,668 [http-nio-8099-exec-2] ERROR c.s.w.o.s.I.ManageApplicationBrokenServiceImpl 123 - null
2019-08-19 09:12:00,670 [http-nio-8099-exec-2] ERROR c.s.w.o.s.I.ManageApplicationBrokenServiceImpl 123 - null
2019-08-19 09:12:00,670 [http-nio-8099-exec-2] ERROR c.s.w.o.s.I.ManageApplicationBrokenServiceImpl 123 - null
2019-08-19 09:12:00,672 [http-nio-8099-exec-2] ERROR c.s.w.o.s.I.ManageApplicationBrokenServiceImpl 123 - null
2019-08-19 09:12:00,673 [http-nio-8099-exec-2] ERROR c.s.w.o.s.I.ManageApplicationBrokenServiceImpl 123 - null
2019-08-19 09:12:00,675 [http-nio-8099-exec-2] ERROR c.s.w.o.s.I.ManageApplicationBrokenServiceImpl 123 - null
2019-08-19 09:12:00,676 [http-nio-8099-exec-2] ERROR c.s.w.o.s.I.ManageApplicationBrokenServiceImpl 123 - null
2019-08-19 09:12:00,679 [http-nio-8099-exec-2] ERROR c.s.w.o.s.I.ManageApplicationBrokenServiceImpl 123 - null
2019-08-19 09:12:00,679 [http-nio-8099-exec-2] ERROR c.s.w.o.s.I.ManageApplicationBrokenServiceImpl 123 - null
2019-08-19 09:12:00,681 [http-nio-8099-exec-2] ERROR c.s.w.o.s.I.ManageApplicationBrokenServiceImpl 123 - null
2019-08-19 09:12:00,682 [http-nio-8099-exec-2] ERROR c.s.w.o.s.I.ManageApplicationBrokenServiceImpl 123 - null
2019-08-19 09:12:00,685 [http-nio-8099-exec-2] ERROR c.s.w.o.s.I.ManageApplicationBrokenServiceImpl 123 - null
2019-08-19 09:12:00,685 [http-nio-8099-exec-2] ERROR c.s.w.o.s.I.ManageApplicationBrokenServiceImpl 123 - null
2019-08-19 09:12:00,687 [http-nio-8099-exec-2] ERROR c.s.w.o.s.I.ManageApplicationBrokenServiceImpl 123 - null
2019-08-19 09:12:00,688 [http-nio-8099-exec-2] ERROR c.s.w.o.s.I.ManageApplicationBrokenServiceImpl 123 - null
2019-08-19 09:12:00,690 [http-nio-8099-exec-2] ERROR c.s.w.o.s.I.ManageApplicationBrokenServiceImpl 123 - null
2019-08-19 09:12:00,691 [http-nio-8099-exec-2] ERROR c.s.w.o.s.I.ManageApplicationBrokenServiceImpl 123 - null
2019-08-19 09:12:00,693 [http-nio-8099-exec-2] ERROR c.s.w.o.s.I.ManageApplicationBrokenServiceImpl 123 - null
2019-08-19 09:12:00,693 [http-nio-8099-exec-2] ERROR c.s.w.o.s.I.ManageApplicationBrokenServiceImpl 123 - null
2019-08-19 09:12:00,695 [http-nio-8099-exec-2] ERROR c.s.w.o.s.I.ManageApplicationBrokenServiceImpl 123 - null
2019-08-19 09:12:00,695 [http-nio-8099-exec-2] ERROR c.s.w.o.s.I.ManageApplicationBrokenServiceImpl 123 - null
2019-08-19 09:12:00,697 [http-nio-8099-exec-2] ERROR c.s.w.o.s.I.ManageApplicationBrokenServiceImpl 123 - null
2019-08-19 09:12:00,698 [http-nio-8099-exec-2] ERROR c.s.w.o.s.I.ManageApplicationBrokenServiceImpl 123 - null
2019-08-19 09:12:00,700 [http-nio-8099-exec-2] ERROR c.s.w.o.s.I.ManageApplicationBrokenServiceImpl 123 - null
2019-08-19 09:12:00,700 [http-nio-8099-exec-2] ERROR c.s.w.o.s.I.ManageApplicationBrokenServiceImpl 123 - null
2019-08-19 09:12:00,702 [http-nio-8099-exec-2] ERROR c.s.w.o.s.I.ManageApplicationBrokenServiceImpl 123 - null
2019-08-19 09:12:00,703 [http-nio-8099-exec-2] ERROR c.s.w.o.s.I.ManageApplicationBrokenServiceImpl 123 - null
2019-08-19 09:12:00,704 [http-nio-8099-exec-2] ERROR c.s.w.o.s.I.ManageApplicationBrokenServiceImpl 123 - null
2019-08-19 09:12:00,706 [http-nio-8099-exec-2] ERROR c.s.w.o.s.I.ManageApplicationBrokenServiceImpl 123 - null
2019-08-19 09:12:00,708 [http-nio-8099-exec-2] ERROR c.s.w.o.s.I.ManageApplicationBrokenServiceImpl 123 - null
2019-08-19 09:12:00,711 [http-nio-8099-exec-2] ERROR c.s.w.o.s.I.ManageApplicationBrokenServiceImpl 123 - null
2019-08-19 09:12:00,713 [http-nio-8099-exec-2] ERROR c.s.w.o.s.I.ManageApplicationBrokenServiceImpl 123 - null
2019-08-19 09:12:00,713 [http-nio-8099-exec-2] ERROR c.s.w.o.s.I.ManageApplicationBrokenServiceImpl 123 - null
2019-08-19 09:12:00,715 [http-nio-8099-exec-2] ERROR c.s.w.o.s.I.ManageApplicationBrokenServiceImpl 123 - null
2019-08-19 09:12:00,717 [http-nio-8099-exec-2] ERROR c.s.w.o.s.I.ManageApplicationBrokenServiceImpl 123 - null
2019-08-19 09:12:00,718 [http-nio-8099-exec-2] ERROR c.s.w.o.s.I.ManageApplicationBrokenServiceImpl 123 - null
2019-08-19 09:12:00,719 [http-nio-8099-exec-2] ERROR c.s.w.o.s.I.ManageApplicationBrokenServiceImpl 123 - null
2019-08-19 09:12:00,720 [http-nio-8099-exec-2] ERROR c.s.w.o.s.I.ManageApplicationBrokenServiceImpl 123 - null
2019-08-19 09:12:00,721 [http-nio-8099-exec-2] ERROR c.s.w.o.s.I.ManageApplicationBrokenServiceImpl 123 - null
2019-08-19 09:12:00,723 [http-nio-8099-exec-2] ERROR c.s.w.o.s.I.ManageApplicationBrokenServiceImpl 123 - null
2019-08-19 09:12:00,723 [http-nio-8099-exec-2] ERROR c.s.w.o.s.I.ManageApplicationBrokenServiceImpl 123 - null
2019-08-19 09:12:00,725 [http-nio-8099-exec-2] ERROR c.s.w.o.s.I.ManageApplicationBrokenServiceImpl 123 - null
2019-08-19 09:12:00,725 [http-nio-8099-exec-2] ERROR c.s.w.o.s.I.ManageApplicationBrokenServiceImpl 123 - null
2019-08-19 09:12:00,727 [http-nio-8099-exec-2] ERROR c.s.w.o.s.I.ManageApplicationBrokenServiceImpl 123 - null
2019-08-19 09:12:00,727 [http-nio-8099-exec-2] ERROR c.s.w.o.s.I.ManageApplicationBrokenServiceImpl 123 - null
2019-08-19 09:12:00,728 [http-nio-8099-exec-2] ERROR c.s.w.o.s.I.ManageApplicationBrokenServiceImpl 123 - null
2019-08-19 09:12:00,729 [http-nio-8099-exec-2] ERROR c.s.w.o.s.I.ManageApplicationBrokenServiceImpl 123 - null
2019-08-19 09:12:00,729 [http-nio-8099-exec-2] ERROR c.s.w.o.s.I.ManageApplicationBrokenServiceImpl 123 - null
2019-08-19 09:12:00,730 [http-nio-8099-exec-2] ERROR c.s.w.o.s.I.ManageApplicationBrokenServiceImpl 123 - null
2019-08-19 09:12:00,731 [http-nio-8099-exec-2] ERROR c.s.w.o.s.I.ManageApplicationBrokenServiceImpl 123 - null
2019-08-19 09:12:00,732 [http-nio-8099-exec-2] ERROR c.s.w.o.s.I.ManageApplicationBrokenServiceImpl 123 - null
2019-08-19 09:12:00,732 [http-nio-8099-exec-2] ERROR c.s.w.o.s.I.ManageApplicationBrokenServiceImpl 123 - null
2019-08-19 09:12:00,734 [http-nio-8099-exec-2] ERROR c.s.w.o.s.I.ManageApplicationBrokenServiceImpl 123 - null
2019-08-19 09:12:00,735 [http-nio-8099-exec-2] ERROR c.s.w.o.s.I.ManageApplicationBrokenServiceImpl 123 - null
2019-08-19 09:12:00,735 [http-nio-8099-exec-2] ERROR c.s.w.o.s.I.ManageApplicationBrokenServiceImpl 123 - null
2019-08-19 09:12:00,735 [http-nio-8099-exec-2] ERROR c.s.w.o.s.I.ManageApplicationBrokenServiceImpl 123 - null
2019-08-19 09:12:00,735 [http-nio-8099-exec-2] ERROR c.s.w.o.s.I.ManageApplicationBrokenServiceImpl 123 - null
2019-08-19 09:12:00,736 [http-nio-8099-exec-2] ERROR c.s.w.o.s.I.ManageApplicationBrokenServiceImpl 123 - null
2019-08-19 09:12:00,738 [http-nio-8099-exec-2] ERROR c.s.w.o.s.I.ManageApplicationBrokenServiceImpl 123 - null
2019-08-19 09:12:00,738 [http-nio-8099-exec-2] ERROR c.s.w.o.s.I.ManageApplicationBrokenServiceImpl 123 - null
2019-08-19 09:12:00,738 [http-nio-8099-exec-2] ERROR c.s.w.o.s.I.ManageApplicationBrokenServiceImpl 123 - null
2019-08-19 09:12:00,740 [http-nio-8099-exec-2] ERROR c.s.w.o.s.I.ManageApplicationBrokenServiceImpl 123 - null
2019-08-19 09:12:00,740 [http-nio-8099-exec-2] ERROR c.s.w.o.s.I.ManageApplicationBrokenServiceImpl 123 - null
2019-08-19 09:12:01,528 [http-nio-8099-exec-2] ERROR o.a.c.c.C.[.[.[.[dispatcherServlet] 181 - Servlet.service() for servlet [dispatcherServlet] in context with path [/sq] threw exception [Request processing failed; nested exception is org.springframework.jdbc.BadSqlGrammarException: 
### Error updating database.  Cause: com.mysql.jdbc.exceptions.jdbc4.MySQLSyntaxErrorException: Table 'wisdomhydrologic.report_manage_application_broken' doesn't exist
### The error may involve com.siti.wisdomhydrologic.operation.mapper.ManageApplicationBrokenMapper.insertDataMantain-Inline
### The error occurred while setting parameters
### SQL: INSERT INTO `wisdomhydrologic`.`report_manage_application_broken`(`station_id`, `station_name`, `broken_name`, `broken_according_id`, `broken_according`, `broken_response_time`, `create_time`,`resolve_method`, `resolve_user_id`, `remark`) VALUES   (?,?, ?, ?, ?, ?, ?,?, ?, ?) , (?,?, ?, ?, ?, ?, ?,?, ?, ?) , (?,?, ?, ?, ?, ?, ?,?, ?, ?) , (?,?, ?, ?, ?, ?, ?,?, ?, ?) , (?,?, ?, ?, ?, ?, ?,?, ?, ?) , (?,?, ?, ?, ?, ?, ?,?, ?, ?) , (?,?, ?, ?, ?, ?, ?,?, ?, ?) , (?,?, ?, ?, ?, ?, ?,?, ?, ?) , (?,?, ?, ?, ?, ?, ?,?, ?, ?) , (?,?, ?, ?, ?, ?, ?,?, ?, ?) , (?,?, ?, ?, ?, ?, ?,?, ?, ?) , (?,?, ?, ?, ?, ?, ?,?, ?, ?) , (?,?, ?, ?, ?, ?, ?,?, ?, ?) , (?,?, ?, ?, ?, ?, ?,?, ?, ?) , (?,?, ?, ?, ?, ?, ?,?, ?, ?) , (?,?, ?, ?, ?, ?, ?,?, ?, ?) , (?,?, ?, ?, ?, ?, ?,?, ?, ?) , (?,?, ?, ?, ?, ?, ?,?, ?, ?) , (?,?, ?, ?, ?, ?, ?,?, ?, ?) , (?,?, ?, ?, ?, ?, ?,?, ?, ?) , (?,?, ?, ?, ?, ?, ?,?, ?, ?) , (?,?, ?, ?, ?, ?, ?,?, ?, ?) , (?,?, ?, ?, ?, ?, ?,?, ?, ?) , (?,?, ?, ?, ?, ?, ?,?, ?, ?) , (?,?, ?, ?, ?, ?, ?,?, ?, ?) , (?,?, ?, ?, ?, ?, ?,?, ?, ?) , (?,?, ?, ?, ?, ?, ?,?, ?, ?) , (?,?, ?, ?, ?, ?, ?,?, ?, ?) , (?,?, ?, ?, ?, ?, ?,?, ?, ?) , (?,?, ?, ?, ?, ?, ?,?, ?, ?) , (?,?, ?, ?, ?, ?, ?,?, ?, ?) , (?,?, ?, ?, ?, ?, ?,?, ?, ?) , (?,?, ?, ?, ?, ?, ?,?, ?, ?) , (?,?, ?, ?, ?, ?, ?,?, ?, ?) , (?,?, ?, ?, ?, ?, ?,?, ?, ?) , (?,?, ?, ?, ?, ?, ?,?, ?, ?) , (?,?, ?, ?, ?, ?, ?,?, ?, ?) , (?,?, ?, ?, ?, ?, ?,?, ?, ?) , (?,?, ?, ?, ?, ?, ?,?, ?, ?) , (?,?, ?, ?, ?, ?, ?,?, ?, ?) , (?,?, ?, ?, ?, ?, ?,?, ?, ?) , (?,?, ?, ?, ?, ?, ?,?, ?, ?) , (?,?, ?, ?, ?, ?, ?,?, ?, ?) , (?,?, ?, ?, ?, ?, ?,?, ?, ?) , (?,?, ?, ?, ?, ?, ?,?, ?, ?) , (?,?, ?, ?, ?, ?, ?,?, ?, ?) , (?,?, ?, ?, ?, ?, ?,?, ?, ?) , (?,?, ?, ?, ?, ?, ?,?, ?, ?) , (?,?, ?, ?, ?, ?, ?,?, ?, ?) , (?,?, ?, ?, ?, ?, ?,?, ?, ?) , (?,?, ?, ?, ?, ?, ?,?, ?, ?) , (?,?, ?, ?, ?, ?, ?,?, ?, ?) , (?,?, ?, ?, ?, ?, ?,?, ?, ?) , (?,?, ?, ?, ?, ?, ?,?, ?, ?) , (?,?, ?, ?, ?, ?, ?,?, ?, ?) , (?,?, ?, ?, ?, ?, ?,?, ?, ?) , (?,?, ?, ?, ?, ?, ?,?, ?, ?) , (?,?, ?, ?, ?, ?, ?,?, ?, ?) , (?,?, ?, ?, ?, ?, ?,?, ?, ?) , (?,?, ?, ?, ?, ?, ?,?, ?, ?) , (?,?, ?, ?, ?, ?, ?,?, ?, ?) , (?,?, ?, ?, ?, ?, ?,?, ?, ?) , (?,?, ?, ?, ?, ?, ?,?, ?, ?) , (?,?, ?, ?, ?, ?, ?,?, ?, ?) , (?,?, ?, ?, ?, ?, ?,?, ?, ?) , (?,?, ?, ?, ?, ?, ?,?, ?, ?) , (?,?, ?, ?, ?, ?, ?,?, ?, ?) , (?,?, ?, ?, ?, ?, ?,?, ?, ?) , (?,?, ?, ?, ?, ?, ?,?, ?, ?) , (?,?, ?, ?, ?, ?, ?,?, ?, ?) , (?,?, ?, ?, ?, ?, ?,?, ?, ?) , (?,?, ?, ?, ?, ?, ?,?, ?, ?) , (?,?, ?, ?, ?, ?, ?,?, ?, ?) , (?,?, ?, ?, ?, ?, ?,?, ?, ?) , (?,?, ?, ?, ?, ?, ?,?, ?, ?) , (?,?, ?, ?, ?, ?, ?,?, ?, ?) , (?,?, ?, ?, ?, ?, ?,?, ?, ?) , (?,?, ?, ?, ?, ?, ?,?, ?, ?) , (?,?, ?, ?, ?, ?, ?,?, ?, ?) , (?,?, ?, ?, ?, ?, ?,?, ?, ?) , (?,?, ?, ?, ?, ?, ?,?, ?, ?) , (?,?, ?, ?, ?, ?, ?,?, ?, ?) , (?,?, ?, ?, ?, ?, ?,?, ?, ?) , (?,?, ?, ?, ?, ?, ?,?, ?, ?) , (?,?, ?, ?, ?, ?, ?,?, ?, ?) , (?,?, ?, ?, ?, ?, ?,?, ?, ?) , (?,?, ?, ?, ?, ?, ?,?, ?, ?) , (?,?, ?, ?, ?, ?, ?,?, ?, ?) , (?,?, ?, ?, ?, ?, ?,?, ?, ?) , (?,?, ?, ?, ?, ?, ?,?, ?, ?) , (?,?, ?, ?, ?, ?, ?,?, ?, ?) , (?,?, ?, ?, ?, ?, ?,?, ?, ?) , (?,?, ?, ?, ?, ?, ?,?, ?, ?) , (?,?, ?, ?, ?, ?, ?,?, ?, ?) , (?,?, ?, ?, ?, ?, ?,?, ?, ?) , (?,?, ?, ?, ?, ?, ?,?, ?, ?) , (?,?, ?, ?, ?, ?, ?,?, ?, ?) , (?,?, ?, ?, ?, ?, ?,?, ?, ?) , (?,?, ?, ?, ?, ?, ?,?, ?, ?) , (?,?, ?, ?, ?, ?, ?,?, ?, ?) , (?,?, ?, ?, ?, ?, ?,?, ?, ?) , (?,?, ?, ?, ?, ?, ?,?, ?, ?) , (?,?, ?, ?, ?, ?, ?,?, ?, ?) , (?,?, ?, ?, ?, ?, ?,?, ?, ?) , (?,?, ?, ?, ?, ?, ?,?, ?, ?) , (?,?, ?, ?, ?, ?, ?,?, ?, ?) , (?,?, ?, ?, ?, ?, ?,?, ?, ?) , (?,?, ?, ?, ?, ?, ?,?, ?, ?) , (?,?, ?, ?, ?, ?, ?,?, ?, ?) , (?,?, ?, ?, ?, ?, ?,?, ?, ?) , (?,?, ?, ?, ?, ?, ?,?, ?, ?) , (?,?, ?, ?, ?, ?, ?,?, ?, ?) , (?,?, ?, ?, ?, ?, ?,?, ?, ?) , (?,?, ?, ?, ?, ?, ?,?, ?, ?) , (?,?, ?, ?, ?, ?, ?,?, ?, ?) , (?,?, ?, ?, ?, ?, ?,?, ?, ?) , (?,?, ?, ?, ?, ?, ?,?, ?, ?) , (?,?, ?, ?, ?, ?, ?,?, ?, ?) , (?,?, ?, ?, ?, ?, ?,?, ?, ?) , (?,?, ?, ?, ?, ?, ?,?, ?, ?) , (?,?, ?, ?, ?, ?, ?,?, ?, ?) , (?,?, ?, ?, ?, ?, ?,?, ?, ?) , (?,?, ?, ?, ?, ?, ?,?, ?, ?) , (?,?, ?, ?, ?, ?, ?,?, ?, ?) , (?,?, ?, ?, ?, ?, ?,?, ?, ?) , (?,?, ?, ?, ?, ?, ?,?, ?, ?) , (?,?, ?, ?, ?, ?, ?,?, ?, ?) , (?,?, ?, ?, ?, ?, ?,?, ?, ?) , (?,?, ?, ?, ?, ?, ?,?, ?, ?) , (?,?, ?, ?, ?, ?, ?,?, ?, ?) , (?,?, ?, ?, ?, ?, ?,?, ?, ?) , (?,?, ?, ?, ?, ?, ?,?, ?, ?) , (?,?, ?, ?, ?, ?, ?,?, ?, ?) , (?,?, ?, ?, ?, ?, ?,?, ?, ?) , (?,?, ?, ?, ?, ?, ?,?, ?, ?) , (?,?, ?, ?, ?, ?, ?,?, ?, ?) , (?,?, ?, ?, ?, ?, ?,?, ?, ?) , (?,?, ?, ?, ?, ?, ?,?, ?, ?) , (?,?, ?, ?, ?, ?, ?,?, ?, ?) , (?,?, ?, ?, ?, ?, ?,?, ?, ?) , (?,?, ?, ?, ?, ?, ?,?, ?, ?) , (?,?, ?, ?, ?, ?, ?,?, ?, ?) , (?,?, ?, ?, ?, ?, ?,?, ?, ?) , (?,?, ?, ?, ?, ?, ?,?, ?, ?) , (?,?, ?, ?, ?, ?, ?,?, ?, ?) , (?,?, ?, ?, ?, ?, ?,?, ?, ?) , (?,?, ?, ?, ?, ?, ?,?, ?, ?) , (?,?, ?, ?, ?, ?, ?,?, ?, ?) , (?,?, ?, ?, ?, ?, ?,?, ?, ?) , (?,?, ?, ?, ?, ?, ?,?, ?, ?) , (?,?, ?, ?, ?, ?, ?,?, ?, ?) , (?,?, ?, ?, ?, ?, ?,?, ?, ?) , (?,?, ?, ?, ?, ?, ?,?, ?, ?) , (?,?, ?, ?, ?, ?, ?,?, ?, ?) , (?,?, ?, ?, ?, ?, ?,?, ?, ?) , (?,?, ?, ?, ?, ?, ?,?, ?, ?) , (?,?, ?, ?, ?, ?, ?,?, ?, ?) , (?,?, ?, ?, ?, ?, ?,?, ?, ?) , (?,?, ?, ?, ?, ?, ?,?, ?, ?) , (?,?, ?, ?, ?, ?, ?,?, ?, ?) , (?,?, ?, ?, ?, ?, ?,?, ?, ?) , (?,?, ?, ?, ?, ?, ?,?, ?, ?) , (?,?, ?, ?, ?, ?, ?,?, ?, ?) , (?,?, ?, ?, ?, ?, ?,?, ?, ?) , (?,?, ?, ?, ?, ?, ?,?, ?, ?) , (?,?, ?, ?, ?, ?, ?,?, ?, ?) , (?,?, ?, ?, ?, ?, ?,?, ?, ?) , (?,?, ?, ?, ?, ?, ?,?, ?, ?) , (?,?, ?, ?, ?, ?, ?,?, ?, ?) , (?,?, ?, ?, ?, ?, ?,?, ?, ?) , (?,?, ?, ?, ?, ?, ?,?, ?, ?) , (?,?, ?, ?, ?, ?, ?,?, ?, ?) , (?,?, ?, ?, ?, ?, ?,?, ?, ?) , (?,?, ?, ?, ?, ?, ?,?, ?, ?) , (?,?, ?, ?, ?, ?, ?,?, ?, ?) , (?,?, ?, ?, ?, ?, ?,?, ?, ?) , (?,?, ?, ?, ?, ?, ?,?, ?, ?) , (?,?, ?, ?, ?, ?, ?,?, ?, ?) , (?,?, ?, ?, ?, ?, ?,?, ?, ?) , (?,?, ?, ?, ?, ?, ?,?, ?, ?) , (?,?, ?, ?, ?, ?, ?,?, ?, ?) , (?,?, ?, ?, ?, ?, ?,?, ?, ?) , (?,?, ?, ?, ?, ?, ?,?, ?, ?) , (?,?, ?, ?, ?, ?, ?,?, ?, ?) , (?,?, ?, ?, ?, ?, ?,?, ?, ?) , (?,?, ?, ?, ?, ?, ?,?, ?, ?) , (?,?, ?, ?, ?, ?, ?,?, ?, ?) , (?,?, ?, ?, ?, ?, ?,?, ?, ?) , (?,?, ?, ?, ?, ?, ?,?, ?, ?) , (?,?, ?, ?, ?, ?, ?,?, ?, ?) , (?,?, ?, ?, ?, ?, ?,?, ?, ?) , (?,?, ?, ?, ?, ?, ?,?, ?, ?) , (?,?, ?, ?, ?, ?, ?,?, ?, ?) , (?,?, ?, ?, ?, ?, ?,?, ?, ?) , (?,?, ?, ?, ?, ?, ?,?, ?, ?) , (?,?, ?, ?, ?, ?, ?,?, ?, ?) , (?,?, ?, ?, ?, ?, ?,?, ?, ?) , (?,?, ?, ?, ?, ?, ?,?, ?, ?) , (?,?, ?, ?, ?, ?, ?,?, ?, ?) , (?,?, ?, ?, ?, ?, ?,?, ?, ?) , (?,?, ?, ?, ?, ?, ?,?, ?, ?) , (?,?, ?, ?, ?, ?, ?,?, ?, ?) , (?,?, ?, ?, ?, ?, ?,?, ?, ?) , (?,?, ?, ?, ?, ?, ?,?, ?, ?) , (?,?, ?, ?, ?, ?, ?,?, ?, ?) , (?,?, ?, ?, ?, ?, ?,?, ?, ?) , (?,?, ?, ?, ?, ?, ?,?, ?, ?) , (?,?, ?, ?, ?, ?, ?,?, ?, ?) , (?,?, ?, ?, ?, ?, ?,?, ?, ?) , (?,?, ?, ?, ?, ?, ?,?, ?, ?) , (?,?, ?, ?, ?, ?, ?,?, ?, ?) , (?,?, ?, ?, ?, ?, ?,?, ?, ?) , (?,?, ?, ?, ?, ?, ?,?, ?, ?) , (?,?, ?, ?, ?, ?, ?,?, ?, ?) , (?,?, ?, ?, ?, ?, ?,?, ?, ?) , (?,?, ?, ?, ?, ?, ?,?, ?, ?) , (?,?, ?, ?, ?, ?, ?,?, ?, ?) , (?,?, ?, ?, ?, ?, ?,?, ?, ?) , (?,?, ?, ?, ?, ?, ?,?, ?, ?) , (?,?, ?, ?, ?, ?, ?,?, ?, ?) , (?,?, ?, ?, ?, ?, ?,?, ?, ?) , (?,?, ?, ?, ?, ?, ?,?, ?, ?) , (?,?, ?, ?, ?, ?, ?,?, ?, ?) , (?,?, ?, ?, ?, ?, ?,?, ?, ?) , (?,?, ?, ?, ?, ?, ?,?, ?, ?) , (?,?, ?, ?, ?, ?, ?,?, ?, ?) , (?,?, ?, ?, ?, ?, ?,?, ?, ?) , (?,?, ?, ?, ?, ?, ?,?, ?, ?) , (?,?, ?, ?, ?, ?, ?,?, ?, ?) , (?,?, ?, ?, ?, ?, ?,?, ?, ?) , (?,?, ?, ?, ?, ?, ?,?, ?, ?) , (?,?, ?, ?, ?, ?, ?,?, ?, ?) , (?,?, ?, ?, ?, ?, ?,?, ?, ?) , (?,?, ?, ?, ?, ?, ?,?, ?, ?) , (?,?, ?, ?, ?, ?, ?,?, ?, ?) , (?,?, ?, ?, ?, ?, ?,?, ?, ?) , (?,?, ?, ?, ?, ?, ?,?, ?, ?) , (?,?, ?, ?, ?, ?, ?,?, ?, ?) , (?,?, ?, ?, ?, ?, ?,?, ?, ?) , (?,?, ?, ?, ?, ?, ?,?, ?, ?) , (?,?, ?, ?, ?, ?, ?,?, ?, ?) , (?,?, ?, ?, ?, ?, ?,?, ?, ?) , (?,?, ?, ?, ?, ?, ?,?, ?, ?) , (?,?, ?, ?, ?, ?, ?,?, ?, ?) , (?,?, ?, ?, ?, ?, ?,?, ?, ?) , (?,?, ?, ?, ?, ?, ?,?, ?, ?) , (?,?, ?, ?, ?, ?, ?,?, ?, ?) , (?,?, ?, ?, ?, ?, ?,?, ?, ?) , (?,?, ?, ?, ?, ?, ?,?, ?, ?) , (?,?, ?, ?, ?, ?, ?,?, ?, ?) , (?,?, ?, ?, ?, ?, ?,?, ?, ?) , (?,?, ?, ?, ?, ?, ?,?, ?, ?) , (?,?, ?, ?, ?, ?, ?,?, ?, ?) , (?,?, ?, ?, ?, ?, ?,?, ?, ?) , (?,?, ?, ?, ?, ?, ?,?, ?, ?) , (?,?, ?, ?, ?, ?, ?,?, ?, ?) , (?,?, ?, ?, ?, ?, ?,?, ?, ?) , (?,?, ?, ?, ?, ?, ?,?, ?, ?) , (?,?, ?, ?, ?, ?, ?,?, ?, ?) , (?,?, ?, ?, ?, ?, ?,?, ?, ?) , (?,?, ?, ?, ?, ?, ?,?, ?, ?) , (?,?, ?, ?, ?, ?, ?,?, ?, ?) , (?,?, ?, ?, ?, ?, ?,?, ?, ?) , (?,?, ?, ?, ?, ?, ?,?, ?, ?) , (?,?, ?, ?, ?, ?, ?,?, ?, ?) , (?,?, ?, ?, ?, ?, ?,?, ?, ?) , (?,?, ?, ?, ?, ?, ?,?, ?, ?) , (?,?, ?, ?, ?, ?, ?,?, ?, ?) , (?,?, ?, ?, ?, ?, ?,?, ?, ?) , (?,?, ?, ?, ?, ?, ?,?, ?, ?) , (?,?, ?, ?, ?, ?, ?,?, ?, ?) , (?,?, ?, ?, ?, ?, ?,?, ?, ?) , (?,?, ?, ?, ?, ?, ?,?, ?, ?) , (?,?, ?, ?, ?, ?, ?,?, ?, ?) , (?,?, ?, ?, ?, ?, ?,?, ?, ?) , (?,?, ?, ?, ?, ?, ?,?, ?, ?) , (?,?, ?, ?, ?, ?, ?,?, ?, ?) , (?,?, ?, ?, ?, ?, ?,?, ?, ?) , (?,?, ?, ?, ?, ?, ?,?, ?, ?) , (?,?, ?, ?, ?, ?, ?,?, ?, ?) , (?,?, ?, ?, ?, ?, ?,?, ?, ?) , (?,?, ?, ?, ?, ?, ?,?, ?, ?) , (?,?, ?, ?, ?, ?, ?,?, ?, ?) , (?,?, ?, ?, ?, ?, ?,?, ?, ?) , (?,?, ?, ?, ?, ?, ?,?, ?, ?) , (?,?, ?, ?, ?, ?, ?,?, ?, ?) , (?,?, ?, ?, ?, ?, ?,?, ?, ?) , (?,?, ?, ?, ?, ?, ?,?, ?, ?) , (?,?, ?, ?, ?, ?, ?,?, ?, ?) , (?,?, ?, ?, ?, ?, ?,?, ?, ?) , (?,?, ?, ?, ?, ?, ?,?, ?, ?) , (?,?, ?, ?, ?, ?, ?,?, ?, ?) , (?,?, ?, ?, ?, ?, ?,?, ?, ?) , (?,?, ?, ?, ?, ?, ?,?, ?, ?) , (?,?, ?, ?, ?, ?, ?,?, ?, ?) , (?,?, ?, ?, ?, ?, ?,?, ?, ?) , (?,?, ?, ?, ?, ?, ?,?, ?, ?) , (?,?, ?, ?, ?, ?, ?,?, ?, ?) , (?,?, ?, ?, ?, ?, ?,?, ?, ?) , (?,?, ?, ?, ?, ?, ?,?, ?, ?) , (?,?, ?, ?, ?, ?, ?,?, ?, ?) , (?,?, ?, ?, ?, ?, ?,?, ?, ?) , (?,?, ?, ?, ?, ?, ?,?, ?, ?) , (?,?, ?, ?, ?, ?, ?,?, ?, ?) , (?,?, ?, ?, ?, ?, ?,?, ?, ?) , (?,?, ?, ?, ?, ?, ?,?, ?, ?) , (?,?, ?, ?, ?, ?, ?,?, ?, ?) , (?,?, ?, ?, ?, ?, ?,?, ?, ?) , (?,?, ?, ?, ?, ?, ?,?, ?, ?) , (?,?, ?, ?, ?, ?, ?,?, ?, ?) , (?,?, ?, ?, ?, ?, ?,?, ?, ?) , (?,?, ?, ?, ?, ?, ?,?, ?, ?) , (?,?, ?, ?, ?, ?, ?,?, ?, ?) , (?,?, ?, ?, ?, ?, ?,?, ?, ?) , (?,?, ?, ?, ?, ?, ?,?, ?, ?) , (?,?, ?, ?, ?, ?, ?,?, ?, ?) , (?,?, ?, ?, ?, ?, ?,?, ?, ?) , (?,?, ?, ?, ?, ?, ?,?, ?, ?) , (?,?, ?, ?, ?, ?, ?,?, ?, ?) , (?,?, ?, ?, ?, ?, ?,?, ?, ?) , (?,?, ?, ?, ?, ?, ?,?, ?, ?) , (?,?, ?, ?, ?, ?, ?,?, ?, ?) , (?,?, ?, ?, ?, ?, ?,?, ?, ?) , (?,?, ?, ?, ?, ?, ?,?, ?, ?) , (?,?, ?, ?, ?, ?, ?,?, ?, ?) , (?,?, ?, ?, ?, ?, ?,?, ?, ?) , (?,?, ?, ?, ?, ?, ?,?, ?, ?) , (?,?, ?, ?, ?, ?, ?,?, ?, ?) , (?,?, ?, ?, ?, ?, ?,?, ?, ?) , (?,?, ?, ?, ?, ?, ?,?, ?, ?) , (?,?, ?, ?, ?, ?, ?,?, ?, ?) , (?,?, ?, ?, ?, ?, ?,?, ?, ?) , (?,?, ?, ?, ?, ?, ?,?, ?, ?) , (?,?, ?, ?, ?, ?, ?,?, ?, ?) , (?,?, ?, ?, ?, ?, ?,?, ?, ?) , (?,?, ?, ?, ?, ?, ?,?, ?, ?) , (?,?, ?, ?, ?, ?, ?,?, ?, ?) , (?,?, ?, ?, ?, ?, ?,?, ?, ?) , (?,?, ?, ?, ?, ?, ?,?, ?, ?) , (?,?, ?, ?, ?, ?, ?,?, ?, ?) , (?,?, ?, ?, ?, ?, ?,?, ?, ?) , (?,?, ?, ?, ?, ?, ?,?, ?, ?) , (?,?, ?, ?, ?, ?, ?,?, ?, ?) , (?,?, ?, ?, ?, ?, ?,?, ?, ?) , (?,?, ?, ?, ?, ?, ?,?, ?, ?) , (?,?, ?, ?, ?, ?, ?,?, ?, ?) , (?,?, ?, ?, ?, ?, ?,?, ?, ?) , (?,?, ?, ?, ?, ?, ?,?, ?, ?) , (?,?, ?, ?, ?, ?, ?,?, ?, ?) , (?,?, ?, ?, ?, ?, ?,?, ?, ?) , (?,?, ?, ?, ?, ?, ?,?, ?, ?) , (?,?, ?, ?, ?, ?, ?,?, ?, ?) , (?,?, ?, ?, ?, ?, ?,?, ?, ?) , (?,?, ?, ?, ?, ?, ?,?, ?, ?) , (?,?, ?, ?, ?, ?, ?,?, ?, ?) , (?,?, ?, ?, ?, ?, ?,?, ?, ?) , (?,?, ?, ?, ?, ?, ?,?, ?, ?) , (?,?, ?, ?, ?, ?, ?,?, ?, ?) , (?,?, ?, ?, ?, ?, ?,?, ?, ?) , (?,?, ?, ?, ?, ?, ?,?, ?, ?) , (?,?, ?, ?, ?, ?, ?,?, ?, ?) , (?,?, ?, ?, ?, ?, ?,?, ?, ?) , (?,?, ?, ?, ?, ?, ?,?, ?, ?) , (?,?, ?, ?, ?, ?, ?,?, ?, ?) , (?,?, ?, ?, ?, ?, ?,?, ?, ?) , (?,?, ?, ?, ?, ?, ?,?, ?, ?) , (?,?, ?, ?, ?, ?, ?,?, ?, ?) , (?,?, ?, ?, ?, ?, ?,?, ?, ?) , (?,?, ?, ?, ?, ?, ?,?, ?, ?) , (?,?, ?, ?, ?, ?, ?,?, ?, ?) , (?,?, ?, ?, ?, ?, ?,?, ?, ?) , (?,?, ?, ?, ?, ?, ?,?, ?, ?) , (?,?, ?, ?, ?, ?, ?,?, ?, ?) , (?,?, ?, ?, ?, ?, ?,?, ?, ?) , (?,?, ?, ?, ?, ?, ?,?, ?, ?) , (?,?, ?, ?, ?, ?, ?,?, ?, ?) , (?,?, ?, ?, ?, ?, ?,?, ?, ?) , (?,?, ?, ?, ?, ?, ?,?, ?, ?) , (?,?, ?, ?, ?, ?, ?,?, ?, ?) , (?,?, ?, ?, ?, ?, ?,?, ?, ?) , (?,?, ?, ?, ?, ?, ?,?, ?, ?) , (?,?, ?, ?, ?, ?, ?,?, ?, ?) , (?,?, ?, ?, ?, ?, ?,?, ?, ?) , (?,?, ?, ?, ?, ?, ?,?, ?, ?) , (?,?, ?, ?, ?, ?, ?,?, ?, ?) , (?,?, ?, ?, ?, ?, ?,?, ?, ?) , (?,?, ?, ?, ?, ?, ?,?, ?, ?) , (?,?, ?, ?, ?, ?, ?,?, ?, ?) , (?,?, ?, ?, ?, ?, ?,?, ?, ?) , (?,?, ?, ?, ?, ?, ?,?, ?, ?) , (?,?, ?, ?, ?, ?, ?,?, ?, ?) , (?,?, ?, ?, ?, ?, ?,?, ?, ?) , (?,?, ?, ?, ?, ?, ?,?, ?, ?) , (?,?, ?, ?, ?, ?, ?,?, ?, ?) , (?,?, ?, ?, ?, ?, ?,?, ?, ?) , (?,?, ?, ?, ?, ?, ?,?, ?, ?) , (?,?, ?, ?, ?, ?, ?,?, ?, ?) , (?,?, ?, ?, ?, ?, ?,?, ?, ?) , (?,?, ?, ?, ?, ?, ?,?, ?, ?) , (?,?, ?, ?, ?, ?, ?,?, ?, ?) , (?,?, ?, ?, ?, ?, ?,?, ?, ?) , (?,?, ?, ?, ?, ?, ?,?, ?, ?) , (?,?, ?, ?, ?, ?, ?,?, ?, ?) , (?,?, ?, ?, ?, ?, ?,?, ?, ?) , (?,?, ?, ?, ?, ?, ?,?, ?, ?) , (?,?, ?, ?, ?, ?, ?,?, ?, ?) , (?,?, ?, ?, ?, ?, ?,?, ?, ?) , (?,?, ?, ?, ?, ?, ?,?, ?, ?) , (?,?, ?, ?, ?, ?, ?,?, ?, ?) , (?,?, ?, ?, ?, ?, ?,?, ?, ?) , (?,?, ?, ?, ?, ?, ?,?, ?, ?) , (?,?, ?, ?, ?, ?, ?,?, ?, ?) , (?,?, ?, ?, ?, ?, ?,?, ?, ?) , (?,?, ?, ?, ?, ?, ?,?, ?, ?) , (?,?, ?, ?, ?, ?, ?,?, ?, ?) , (?,?, ?, ?, ?, ?, ?,?, ?, ?) , (?,?, ?, ?, ?, ?, ?,?, ?, ?) , (?,?, ?, ?, ?, ?, ?,?, ?, ?) , (?,?, ?, ?, ?, ?, ?,?, ?, ?) , (?,?, ?, ?, ?, ?, ?,?, ?, ?) , (?,?, ?, ?, ?, ?, ?,?, ?, ?) , (?,?, ?, ?, ?, ?, ?,?, ?, ?) , (?,?, ?, ?, ?, ?, ?,?, ?, ?) , (?,?, ?, ?, ?, ?, ?,?, ?, ?) , (?,?, ?, ?, ?, ?, ?,?, ?, ?) , (?,?, ?, ?, ?, ?, ?,?, ?, ?) , (?,?, ?, ?, ?, ?, ?,?, ?, ?) , (?,?, ?, ?, ?, ?, ?,?, ?, ?) , (?,?, ?, ?, ?, ?, ?,?, ?, ?) , (?,?, ?, ?, ?, ?, ?,?, ?, ?) , (?,?, ?, ?, ?, ?, ?,?, ?, ?) , (?,?, ?, ?, ?, ?, ?,?, ?, ?) , (?,?, ?, ?, ?, ?, ?,?, ?, ?) , (?,?, ?, ?, ?, ?, ?,?, ?, ?) , (?,?, ?, ?, ?, ?, ?,?, ?, ?) , (?,?, ?, ?, ?, ?, ?,?, ?, ?) , (?,?, ?, ?, ?, ?, ?,?, ?, ?) , (?,?, ?, ?, ?, ?, ?,?, ?, ?) , (?,?, ?, ?, ?, ?, ?,?, ?, ?) , (?,?, ?, ?, ?, ?, ?,?, ?, ?) , (?,?, ?, ?, ?, ?, ?,?, ?, ?) , (?,?, ?, ?, ?, ?, ?,?, ?, ?) , (?,?, ?, ?, ?, ?, ?,?, ?, ?) , (?,?, ?, ?, ?, ?, ?,?, ?, ?) , (?,?, ?, ?, ?, ?, ?,?, ?, ?) , (?,?, ?, ?, ?, ?, ?,?, ?, ?) , (?,?, ?, ?, ?, ?, ?,?, ?, ?) , (?,?, ?, ?, ?, ?, ?,?, ?, ?) , (?,?, ?, ?, ?, ?, ?,?, ?, ?) , (?,?, ?, ?, ?, ?, ?,?, ?, ?) , (?,?, ?, ?, ?, ?, ?,?, ?, ?) , (?,?, ?, ?, ?, ?, ?,?, ?, ?) , (?,?, ?, ?, ?, ?, ?,?, ?, ?) , (?,?, ?, ?, ?, ?, ?,?, ?, ?) , (?,?, ?, ?, ?, ?, ?,?, ?, ?) , (?,?, ?, ?, ?, ?, ?,?, ?, ?) , (?,?, ?, ?, ?, ?, ?,?, ?, ?) , (?,?, ?, ?, ?, ?, ?,?, ?, ?) , (?,?, ?, ?, ?, ?, ?,?, ?, ?) , (?,?, ?, ?, ?, ?, ?,?, ?, ?) , (?,?, ?, ?, ?, ?, ?,?, ?, ?) , (?,?, ?, ?, ?, ?, ?,?, ?, ?) , (?,?, ?, ?, ?, ?, ?,?, ?, ?) , (?,?, ?, ?, ?, ?, ?,?, ?, ?) , (?,?, ?, ?, ?, ?, ?,?, ?, ?) , (?,?, ?, ?, ?, ?, ?,?, ?, ?) , (?,?, ?, ?, ?, ?, ?,?, ?, ?) , (?,?, ?, ?, ?, ?, ?,?, ?, ?) , (?,?, ?, ?, ?, ?, ?,?, ?, ?) , (?,?, ?, ?, ?, ?, ?,?, ?, ?) , (?,?, ?, ?, ?, ?, ?,?, ?, ?) , (?,?, ?, ?, ?, ?, ?,?, ?, ?) , (?,?, ?, ?, ?, ?, ?,?, ?, ?) , (?,?, ?, ?, ?, ?, ?,?, ?, ?) , (?,?, ?, ?, ?, ?, ?,?, ?, ?) , (?,?, ?, ?, ?, ?, ?,?, ?, ?) , (?,?, ?, ?, ?, ?, ?,?, ?, ?) , (?,?, ?, ?, ?, ?, ?,?, ?, ?) , (?,?, ?, ?, ?, ?, ?,?, ?, ?) , (?,?, ?, ?, ?, ?, ?,?, ?, ?) , (?,?, ?, ?, ?, ?, ?,?, ?, ?) , (?,?, ?, ?, ?, ?, ?,?, ?, ?) , (?,?, ?, ?, ?, ?, ?,?, ?, ?) , (?,?, ?, ?, ?, ?, ?,?, ?, ?) , (?,?, ?, ?, ?, ?, ?,?, ?, ?) , (?,?, ?, ?, ?, ?, ?,?, ?, ?) , (?,?, ?, ?, ?, ?, ?,?, ?, ?) , (?,?, ?, ?, ?, ?, ?,?, ?, ?) , (?,?, ?, ?, ?, ?, ?,?, ?, ?) , (?,?, ?, ?, ?, ?, ?,?, ?, ?) , (?,?, ?, ?, ?, ?, ?,?, ?, ?) , (?,?, ?, ?, ?, ?, ?,?, ?, ?) , (?,?, ?, ?, ?, ?, ?,?, ?, ?) , (?,?, ?, ?, ?, ?, ?,?, ?, ?) , (?,?, ?, ?, ?, ?, ?,?, ?, ?) , (?,?, ?, ?, ?, ?, ?,?, ?, ?) , (?,?, ?, ?, ?, ?, ?,?, ?, ?) , (?,?, ?, ?, ?, ?, ?,?, ?, ?) , (?,?, ?, ?, ?, ?, ?,?, ?, ?) , (?,?, ?, ?, ?, ?, ?,?, ?, ?) , (?,?, ?, ?, ?, ?, ?,?, ?, ?) , (?,?, ?, ?, ?, ?, ?,?, ?, ?) , (?,?, ?, ?, ?, ?, ?,?, ?, ?) , (?,?, ?, ?, ?, ?, ?,?, ?, ?) , (?,?, ?, ?, ?, ?, ?,?, ?, ?) , (?,?, ?, ?, ?, ?, ?,?, ?, ?) , (?,?, ?, ?, ?, ?, ?,?, ?, ?) , (?,?, ?, ?, ?, ?, ?,?, ?, ?) , (?,?, ?, ?, ?, ?, ?,?, ?, ?) , (?,?, ?, ?, ?, ?, ?,?, ?, ?) , (?,?, ?, ?, ?, ?, ?,?, ?, ?) , (?,?, ?, ?, ?, ?, ?,?, ?, ?) , (?,?, ?, ?, ?, ?, ?,?, ?, ?) , (?,?, ?, ?, ?, ?, ?,?, ?, ?) , (?,?, ?, ?, ?, ?, ?,?, ?, ?) , (?,?, ?, ?, ?, ?, ?,?, ?, ?) , (?,?, ?, ?, ?, ?, ?,?, ?, ?) , (?,?, ?, ?, ?, ?, ?,?, ?, ?) , (?,?, ?, ?, ?, ?, ?,?, ?, ?) , (?,?, ?, ?, ?, ?, ?,?, ?, ?) , (?,?, ?, ?, ?, ?, ?,?, ?, ?) , (?,?, ?, ?, ?, ?, ?,?, ?, ?) , (?,?, ?, ?, ?, ?, ?,?, ?, ?) , (?,?, ?, ?, ?, ?, ?,?, ?, ?) , (?,?, ?, ?, ?, ?, ?,?, ?, ?) , (?,?, ?, ?, ?, ?, ?,?, ?, ?) , (?,?, ?, ?, ?, ?, ?,?, ?, ?) , (?,?, ?, ?, ?, ?, ?,?, ?, ?) , (?,?, ?, ?, ?, ?, ?,?, ?, ?) , (?,?, ?, ?, ?, ?, ?,?, ?, ?) , (?,?, ?, ?, ?, ?, ?,?, ?, ?) , (?,?, ?, ?, ?, ?, ?,?, ?, ?) , (?,?, ?, ?, ?, ?, ?,?, ?, ?) , (?,?, ?, ?, ?, ?, ?,?, ?, ?) , (?,?, ?, ?, ?, ?, ?,?, ?, ?) , (?,?, ?, ?, ?, ?, ?,?, ?, ?) , (?,?, ?, ?, ?, ?, ?,?, ?, ?) , (?,?, ?, ?, ?, ?, ?,?, ?, ?) , (?,?, ?, ?, ?, ?, ?,?, ?, ?) , (?,?, ?, ?, ?, ?, ?,?, ?, ?) , (?,?, ?, ?, ?, ?, ?,?, ?, ?) , (?,?, ?, ?, ?, ?, ?,?, ?, ?) , (?,?, ?, ?, ?, ?, ?,?, ?, ?) , (?,?, ?, ?, ?, ?, ?,?, ?, ?) , (?,?, ?, ?, ?, ?, ?,?, ?, ?) , (?,?, ?, ?, ?, ?, ?,?, ?, ?) , (?,?, ?, ?, ?, ?, ?,?, ?, ?) , (?,?, ?, ?, ?, ?, ?,?, ?, ?) , (?,?, ?, ?, ?, ?, ?,?, ?, ?) , (?,?, ?, ?, ?, ?, ?,?, ?, ?) , (?,?, ?, ?, ?, ?, ?,?, ?, ?) , (?,?, ?, ?, ?, ?, ?,?, ?, ?) , (?,?, ?, ?, ?, ?, ?,?, ?, ?) , (?,?, ?, ?, ?, ?, ?,?, ?, ?) , (?,?, ?, ?, ?, ?, ?,?, ?, ?) , (?,?, ?, ?, ?, ?, ?,?, ?, ?) , (?,?, ?, ?, ?, ?, ?,?, ?, ?) , (?,?, ?, ?, ?, ?, ?,?, ?, ?) , (?,?, ?, ?, ?, ?, ?,?, ?, ?) , (?,?, ?, ?, ?, ?, ?,?, ?, ?) , (?,?, ?, ?, ?, ?, ?,?, ?, ?) , (?,?, ?, ?, ?, ?, ?,?, ?, ?) , (?,?, ?, ?, ?, ?, ?,?, ?, ?) , (?,?, ?, ?, ?, ?, ?,?, ?, ?) , (?,?, ?, ?, ?, ?, ?,?, ?, ?) , (?,?, ?, ?, ?, ?, ?,?, ?, ?) , (?,?, ?, ?, ?, ?, ?,?, ?, ?) , (?,?, ?, ?, ?, ?, ?,?, ?, ?) , (?,?, ?, ?, ?, ?, ?,?, ?, ?) , (?,?, ?, ?, ?, ?, ?,?, ?, ?) , (?,?, ?, ?, ?, ?, ?,?, ?, ?) , (?,?, ?, ?, ?, ?, ?,?, ?, ?) , (?,?, ?, ?, ?, ?, ?,?, ?, ?) , (?,?, ?, ?, ?, ?, ?,?, ?, ?) , (?,?, ?, ?, ?, ?, ?,?, ?, ?) , (?,?, ?, ?, ?, ?, ?,?, ?, ?) , (?,?, ?, ?, ?, ?, ?,?, ?, ?) , (?,?, ?, ?, ?, ?, ?,?, ?, ?) , (?,?, ?, ?, ?, ?, ?,?, ?, ?) , (?,?, ?, ?, ?, ?, ?,?, ?, ?) , (?,?, ?, ?, ?, ?, ?,?, ?, ?) , (?,?, ?, ?, ?, ?, ?,?, ?, ?) , (?,?, ?, ?, ?, ?, ?,?, ?, ?) , (?,?, ?, ?, ?, ?, ?,?, ?, ?) , (?,?, ?, ?, ?, ?, ?,?, ?, ?) , (?,?, ?, ?, ?, ?, ?,?, ?, ?) , (?,?, ?, ?, ?, ?, ?,?, ?, ?) , (?,?, ?, ?, ?, ?, ?,?, ?, ?) , (?,?, ?, ?, ?, ?, ?,?, ?, ?) , (?,?, ?, ?, ?, ?, ?,?, ?, ?) , (?,?, ?, ?, ?, ?, ?,?, ?, ?) , (?,?, ?, ?, ?, ?, ?,?, ?, ?) , (?,?, ?, ?, ?, ?, ?,?, ?, ?) , (?,?, ?, ?, ?, ?, ?,?, ?, ?) , (?,?, ?, ?, ?, ?, ?,?, ?, ?) , (?,?, ?, ?, ?, ?, ?,?, ?, ?) , (?,?, ?, ?, ?, ?, ?,?, ?, ?) , (?,?, ?, ?, ?, ?, ?,?, ?, ?) , (?,?, ?, ?, ?, ?, ?,?, ?, ?) , (?,?, ?, ?, ?, ?, ?,?, ?, ?) , (?,?, ?, ?, ?, ?, ?,?, ?, ?) , (?,?, ?, ?, ?, ?, ?,?, ?, ?) , (?,?, ?, ?, ?, ?, ?,?, ?, ?) , (?,?, ?, ?, ?, ?, ?,?, ?, ?) , (?,?, ?, ?, ?, ?, ?,?, ?, ?) , (?,?, ?, ?, ?, ?, ?,?, ?, ?) , (?,?, ?, ?, ?, ?, ?,?, ?, ?) , (?,?, ?, ?, ?, ?, ?,?, ?, ?) , (?,?, ?, ?, ?, ?, ?,?, ?, ?) , (?,?, ?, ?, ?, ?, ?,?, ?, ?) , (?,?, ?, ?, ?, ?, ?,?, ?, ?) , (?,?, ?, ?, ?, ?, ?,?, ?, ?) , (?,?, ?, ?, ?, ?, ?,?, ?, ?) , (?,?, ?, ?, ?, ?, ?,?, ?, ?) , (?,?, ?, ?, ?, ?, ?,?, ?, ?) , (?,?, ?, ?, ?, ?, ?,?, ?, ?) , (?,?, ?, ?, ?, ?, ?,?, ?, ?) , (?,?, ?, ?, ?, ?, ?,?, ?, ?) , (?,?, ?, ?, ?, ?, ?,?, ?, ?) , (?,?, ?, ?, ?, ?, ?,?, ?, ?) , (?,?, ?, ?, ?, ?, ?,?, ?, ?) , (?,?, ?, ?, ?, ?, ?,?, ?, ?) , (?,?, ?, ?, ?, ?, ?,?, ?, ?) , (?,?, ?, ?, ?, ?, ?,?, ?, ?) , (?,?, ?, ?, ?, ?, ?,?, ?, ?) , (?,?, ?, ?, ?, ?, ?,?, ?, ?) , (?,?, ?, ?, ?, ?, ?,?, ?, ?) , (?,?, ?, ?, ?, ?, ?,?, ?, ?) , (?,?, ?, ?, ?, ?, ?,?, ?, ?) , (?,?, ?, ?, ?, ?, ?,?, ?, ?) , (?,?, ?, ?, ?, ?, ?,?, ?, ?) , (?,?, ?, ?, ?, ?, ?,?, ?, ?) , (?,?, ?, ?, ?, ?, ?,?, ?, ?) , (?,?, ?, ?, ?, ?, ?,?, ?, ?) , (?,?, ?, ?, ?, ?, ?,?, ?, ?) , (?,?, ?, ?, ?, ?, ?,?, ?, ?) , (?,?, ?, ?, ?, ?, ?,?, ?, ?) , (?,?, ?, ?, ?, ?, ?,?, ?, ?) , (?,?, ?, ?, ?, ?, ?,?, ?, ?) , (?,?, ?, ?, ?, ?, ?,?, ?, ?) , (?,?, ?, ?, ?, ?, ?,?, ?, ?) , (?,?, ?, ?, ?, ?, ?,?, ?, ?) , (?,?, ?, ?, ?, ?, ?,?, ?, ?) , (?,?, ?, ?, ?, ?, ?,?, ?, ?) , (?,?, ?, ?, ?, ?, ?,?, ?, ?) , (?,?, ?, ?, ?, ?, ?,?, ?, ?) , (?,?, ?, ?, ?, ?, ?,?, ?, ?) , (?,?, ?, ?, ?, ?, ?,?, ?, ?) , (?,?, ?, ?, ?, ?, ?,?, ?, ?) , (?,?, ?, ?, ?, ?, ?,?, ?, ?) , (?,?, ?, ?, ?, ?, ?,?, ?, ?) , (?,?, ?, ?, ?, ?, ?,?, ?, ?) , (?,?, ?, ?, ?, ?, ?,?, ?, ?) , (?,?, ?, ?, ?, ?, ?,?, ?, ?) , (?,?, ?, ?, ?, ?, ?,?, ?, ?) , (?,?, ?, ?, ?, ?, ?,?, ?, ?) , (?,?, ?, ?, ?, ?, ?,?, ?, ?) , (?,?, ?, ?, ?, ?, ?,?, ?, ?) , (?,?, ?, ?, ?, ?, ?,?, ?, ?) , (?,?, ?, ?, ?, ?, ?,?, ?, ?) , (?,?, ?, ?, ?, ?, ?,?, ?, ?) , (?,?, ?, ?, ?, ?, ?,?, ?, ?) , (?,?, ?, ?, ?, ?, ?,?, ?, ?) , (?,?, ?, ?, ?, ?, ?,?, ?, ?) , (?,?, ?, ?, ?, ?, ?,?, ?, ?) , (?,?, ?, ?, ?, ?, ?,?, ?, ?) , (?,?, ?, ?, ?, ?, ?,?, ?, ?) , (?,?, ?, ?, ?, ?, ?,?, ?, ?) , (?,?, ?, ?, ?, ?, ?,?, ?, ?) , (?,?, ?, ?, ?, ?, ?,?, ?, ?) , (?,?, ?, ?, ?, ?, ?,?, ?, ?) , (?,?, ?, ?, ?, ?, ?,?, ?, ?) , (?,?, ?, ?, ?, ?, ?,?, ?, ?) , (?,?, ?, ?, ?, ?, ?,?, ?, ?) , (?,?, ?, ?, ?, ?, ?,?, ?, ?) , (?,?, ?, ?, ?, ?, ?,?, ?, ?) , (?,?, ?, ?, ?, ?, ?,?, ?, ?) , (?,?, ?, ?, ?, ?, ?,?, ?, ?) , (?,?, ?, ?, ?, ?, ?,?, ?, ?) , (?,?, ?, ?, ?, ?, ?,?, ?, ?) , (?,?, ?, ?, ?, ?, ?,?, ?, ?) , (?,?, ?, ?, ?, ?, ?,?, ?, ?) , (?,?, ?, ?, ?, ?, ?,?, ?, ?) , (?,?, ?, ?, ?, ?, ?,?, ?, ?) , (?,?, ?, ?, ?, ?, ?,?, ?, ?) , (?,?, ?, ?, ?, ?, ?,?, ?, ?) , (?,?, ?, ?, ?, ?, ?,?, ?, ?) , (?,?, ?, ?, ?, ?, ?,?, ?, ?) , (?,?, ?, ?, ?, ?, ?,?, ?, ?) , (?,?, ?, ?, ?, ?, ?,?, ?, ?) , (?,?, ?, ?, ?, ?, ?,?, ?, ?) , (?,?, ?, ?, ?, ?, ?,?, ?, ?) , (?,?, ?, ?, ?, ?, ?,?, ?, ?) , (?,?, ?, ?, ?, ?, ?,?, ?, ?) , (?,?, ?, ?, ?, ?, ?,?, ?, ?) , (?,?, ?, ?, ?, ?, ?,?, ?, ?) , (?,?, ?, ?, ?, ?, ?,?, ?, ?) , (?,?, ?, ?, ?, ?, ?,?, ?, ?) , (?,?, ?, ?, ?, ?, ?,?, ?, ?) , (?,?, ?, ?, ?, ?, ?,?, ?, ?) , (?,?, ?, ?, ?, ?, ?,?, ?, ?) , (?,?, ?, ?, ?, ?, ?,?, ?, ?) , (?,?, ?, ?, ?, ?, ?,?, ?, ?) , (?,?, ?, ?, ?, ?, ?,?, ?, ?) , (?,?, ?, ?, ?, ?, ?,?, ?, ?) , (?,?, ?, ?, ?, ?, ?,?, ?, ?) , (?,?, ?, ?, ?, ?, ?,?, ?, ?) , (?,?, ?, ?, ?, ?, ?,?, ?, ?) , (?,?, ?, ?, ?, ?, ?,?, ?, ?) , (?,?, ?, ?, ?, ?, ?,?, ?, ?) , (?,?, ?, ?, ?, ?, ?,?, ?, ?) , (?,?, ?, ?, ?, ?, ?,?, ?, ?) , (?,?, ?, ?, ?, ?, ?,?, ?, ?) , (?,?, ?, ?, ?, ?, ?,?, ?, ?) , (?,?, ?, ?, ?, ?, ?,?, ?, ?) , (?,?, ?, ?, ?, ?, ?,?, ?, ?) , (?,?, ?, ?, ?, ?, ?,?, ?, ?) , (?,?, ?, ?, ?, ?, ?,?, ?, ?) , (?,?, ?, ?, ?, ?, ?,?, ?, ?) , (?,?, ?, ?, ?, ?, ?,?, ?, ?) , (?,?, ?, ?, ?, ?, ?,?, ?, ?) , (?,?, ?, ?, ?, ?, ?,?, ?, ?) , (?,?, ?, ?, ?, ?, ?,?, ?, ?) , (?,?, ?, ?, ?, ?, ?,?, ?, ?) , (?,?, ?, ?, ?, ?, ?,?, ?, ?) , (?,?, ?, ?, ?, ?, ?,?, ?, ?) , (?,?, ?, ?, ?, ?, ?,?, ?, ?) , (?,?, ?, ?, ?, ?, ?,?, ?, ?) , (?,?, ?, ?, ?, ?, ?,?, ?, ?) , (?,?, ?, ?, ?, ?, ?,?, ?, ?) , (?,?, ?, ?, ?, ?, ?,?, ?, ?) , (?,?, ?, ?, ?, ?, ?,?, ?, ?) , (?,?, ?, ?, ?, ?, ?,?, ?, ?) , (?,?, ?, ?, ?, ?, ?,?, ?, ?) , (?,?, ?, ?, ?, ?, ?,?, ?, ?) , (?,?, ?, ?, ?, ?, ?,?, ?, ?) , (?,?, ?, ?, ?, ?, ?,?, ?, ?) , (?,?, ?, ?, ?, ?, ?,?, ?, ?) , (?,?, ?, ?, ?, ?, ?,?, ?, ?) , (?,?, ?, ?, ?, ?, ?,?, ?, ?) , (?,?, ?, ?, ?, ?, ?,?, ?, ?) , (?,?, ?, ?, ?, ?, ?,?, ?, ?) , (?,?, ?, ?, ?, ?, ?,?, ?, ?) , (?,?, ?, ?, ?, ?, ?,?, ?, ?) , (?,?, ?, ?, ?, ?, ?,?, ?, ?) , (?,?, ?, ?, ?, ?, ?,?, ?, ?) , (?,?, ?, ?, ?, ?, ?,?, ?, ?) , (?,?, ?, ?, ?, ?, ?,?, ?, ?) , (?,?, ?, ?, ?, ?, ?,?, ?, ?) , (?,?, ?, ?, ?, ?, ?,?, ?, ?) , (?,?, ?, ?, ?, ?, ?,?, ?, ?) , (?,?, ?, ?, ?, ?, ?,?, ?, ?) , (?,?, ?, ?, ?, ?, ?,?, ?, ?) , (?,?, ?, ?, ?, ?, ?,?, ?, ?) , (?,?, ?, ?, ?, ?, ?,?, ?, ?) , (?,?, ?, ?, ?, ?, ?,?, ?, ?) , (?,?, ?, ?, ?, ?, ?,?, ?, ?) , (?,?, ?, ?, ?, ?, ?,?, ?, ?) , (?,?, ?, ?, ?, ?, ?,?, ?, ?) , (?,?, ?, ?, ?, ?, ?,?, ?, ?) , (?,?, ?, ?, ?, ?, ?,?, ?, ?) , (?,?, ?, ?, ?, ?, ?,?, ?, ?) , (?,?, ?, ?, ?, ?, ?,?, ?, ?) , (?,?, ?, ?, ?, ?, ?,?, ?, ?) , (?,?, ?, ?, ?, ?, ?,?, ?, ?) , (?,?, ?, ?, ?, ?, ?,?, ?, ?) , (?,?, ?, ?, ?, ?, ?,?, ?, ?) , (?,?, ?, ?, ?, ?, ?,?, ?, ?) , (?,?, ?, ?, ?, ?, ?,?, ?, ?) , (?,?, ?, ?, ?, ?, ?,?, ?, ?) , (?,?, ?, ?, ?, ?, ?,?, ?, ?) , (?,?, ?, ?, ?, ?, ?,?, ?, ?) , (?,?, ?, ?, ?, ?, ?,?, ?, ?) , (?,?, ?, ?, ?, ?, ?,?, ?, ?) , (?,?, ?, ?, ?, ?, ?,?, ?, ?) , (?,?, ?, ?, ?, ?, ?,?, ?, ?) , (?,?, ?, ?, ?, ?, ?,?, ?, ?) , (?,?, ?, ?, ?, ?, ?,?, ?, ?) , (?,?, ?, ?, ?, ?, ?,?, ?, ?) , (?,?, ?, ?, ?, ?, ?,?, ?, ?) , (?,?, ?, ?, ?, ?, ?,?, ?, ?) , (?,?, ?, ?, ?, ?, ?,?, ?, ?) , (?,?, ?, ?, ?, ?, ?,?, ?, ?) , (?,?, ?, ?, ?, ?, ?,?, ?, ?) , (?,?, ?, ?, ?, ?, ?,?, ?, ?) , (?,?, ?, ?, ?, ?, ?,?, ?, ?) , (?,?, ?, ?, ?, ?, ?,?, ?, ?) , (?,?, ?, ?, ?, ?, ?,?, ?, ?) , (?,?, ?, ?, ?, ?, ?,?, ?, ?) , (?,?, ?, ?, ?, ?, ?,?, ?, ?) , (?,?, ?, ?, ?, ?, ?,?, ?, ?) , (?,?, ?, ?, ?, ?, ?,?, ?, ?) , (?,?, ?, ?, ?, ?, ?,?, ?, ?) , (?,?, ?, ?, ?, ?, ?,?, ?, ?) , (?,?, ?, ?, ?, ?, ?,?, ?, ?) , (?,?, ?, ?, ?, ?, ?,?, ?, ?) , (?,?, ?, ?, ?, ?, ?,?, ?, ?) , (?,?, ?, ?, ?, ?, ?,?, ?, ?) , (?,?, ?, ?, ?, ?, ?,?, ?, ?) , (?,?, ?, ?, ?, ?, ?,?, ?, ?) , (?,?, ?, ?, ?, ?, ?,?, ?, ?) , (?,?, ?, ?, ?, ?, ?,?, ?, ?) , (?,?, ?, ?, ?, ?, ?,?, ?, ?) , (?,?, ?, ?, ?, ?, ?,?, ?, ?) , (?,?, ?, ?, ?, ?, ?,?, ?, ?) , (?,?, ?, ?, ?, ?, ?,?, ?, ?) , (?,?, ?, ?, ?, ?, ?,?, ?, ?) , (?,?, ?, ?, ?, ?, ?,?, ?, ?) , (?,?, ?, ?, ?, ?, ?,?, ?, ?) , (?,?, ?, ?, ?, ?, ?,?, ?, ?) , (?,?, ?, ?, ?, ?, ?,?, ?, ?) , (?,?, ?, ?, ?, ?, ?,?, ?, ?) , (?,?, ?, ?, ?, ?, ?,?, ?, ?) , (?,?, ?, ?, ?, ?, ?,?, ?, ?) , (?,?, ?, ?, ?, ?, ?,?, ?, ?) , (?,?, ?, ?, ?, ?, ?,?, ?, ?) , (?,?, ?, ?, ?, ?, ?,?, ?, ?) , (?,?, ?, ?, ?, ?, ?,?, ?, ?) , (?,?, ?, ?, ?, ?, ?,?, ?, ?) , (?,?, ?, ?, ?, ?, ?,?, ?, ?) , (?,?, ?, ?, ?, ?, ?,?, ?, ?) , (?,?, ?, ?, ?, ?, ?,?, ?, ?) , (?,?, ?, ?, ?, ?, ?,?, ?, ?) , (?,?, ?, ?, ?, ?, ?,?, ?, ?) , (?,?, ?, ?, ?, ?, ?,?, ?, ?) , (?,?, ?, ?, ?, ?, ?,?, ?, ?) , (?,?, ?, ?, ?, ?, ?,?, ?, ?) , (?,?, ?, ?, ?, ?, ?,?, ?, ?) , (?,?, ?, ?, ?, ?, ?,?, ?, ?) , (?,?, ?, ?, ?, ?, ?,?, ?, ?) , (?,?, ?, ?, ?, ?, ?,?, ?, ?) , (?,?, ?, ?, ?, ?, ?,?, ?, ?) , (?,?, ?, ?, ?, ?, ?,?, ?, ?) , (?,?, ?, ?, ?, ?, ?,?, ?, ?) , (?,?, ?, ?, ?, ?, ?,?, ?, ?) , (?,?, ?, ?, ?, ?, ?,?, ?, ?) , (?,?, ?, ?, ?, ?, ?,?, ?, ?) , (?,?, ?, ?, ?, ?, ?,?, ?, ?) , (?,?, ?, ?, ?, ?, ?,?, ?, ?) , (?,?, ?, ?, ?, ?, ?,?, ?, ?) , (?,?, ?, ?, ?, ?, ?,?, ?, ?) , (?,?, ?, ?, ?, ?, ?,?, ?, ?) , (?,?, ?, ?, ?, ?, ?,?, ?, ?) , (?,?, ?, ?, ?, ?, ?,?, ?, ?) , (?,?, ?, ?, ?, ?, ?,?, ?, ?) , (?,?, ?, ?, ?, ?, ?,?, ?, ?) , (?,?, ?, ?, ?, ?, ?,?, ?, ?) , (?,?, ?, ?, ?, ?, ?,?, ?, ?) , (?,?, ?, ?, ?, ?, ?,?, ?, ?) , (?,?, ?, ?, ?, ?, ?,?, ?, ?) , (?,?, ?, ?, ?, ?, ?,?, ?, ?) , (?,?, ?, ?, ?, ?, ?,?, ?, ?) , (?,?, ?, ?, ?, ?, ?,?, ?, ?) , (?,?, ?, ?, ?, ?, ?,?, ?, ?) , (?,?, ?, ?, ?, ?, ?,?, ?, ?) , (?,?, ?, ?, ?, ?, ?,?, ?, ?) , (?,?, ?, ?, ?, ?, ?,?, ?, ?) , (?,?, ?, ?, ?, ?, ?,?, ?, ?) , (?,?, ?, ?, ?, ?, ?,?, ?, ?) , (?,?, ?, ?, ?, ?, ?,?, ?, ?) , (?,?, ?, ?, ?, ?, ?,?, ?, ?) , (?,?, ?, ?, ?, ?, ?,?, ?, ?) , (?,?, ?, ?, ?, ?, ?,?, ?, ?) , (?,?, ?, ?, ?, ?, ?,?, ?, ?) , (?,?, ?, ?, ?, ?, ?,?, ?, ?) , (?,?, ?, ?, ?, ?, ?,?, ?, ?) , (?,?, ?, ?, ?, ?, ?,?, ?, ?) , (?,?, ?, ?, ?, ?, ?,?, ?, ?) , (?,?, ?, ?, ?, ?, ?,?, ?, ?) , (?,?, ?, ?, ?, ?, ?,?, ?, ?) , (?,?, ?, ?, ?, ?, ?,?, ?, ?) , (?,?, ?, ?, ?, ?, ?,?, ?, ?) , (?,?, ?, ?, ?, ?, ?,?, ?, ?) , (?,?, ?, ?, ?, ?, ?,?, ?, ?) , (?,?, ?, ?, ?, ?, ?,?, ?, ?) , (?,?, ?, ?, ?, ?, ?,?, ?, ?) , (?,?, ?, ?, ?, ?, ?,?, ?, ?) , (?,?, ?, ?, ?, ?, ?,?, ?, ?) , (?,?, ?, ?, ?, ?, ?,?, ?, ?) , (?,?, ?, ?, ?, ?, ?,?, ?, ?) , (?,?, ?, ?, ?, ?, ?,?, ?, ?) , (?,?, ?, ?, ?, ?, ?,?, ?, ?) , (?,?, ?, ?, ?, ?, ?,?, ?, ?) , (?,?, ?, ?, ?, ?, ?,?, ?, ?) , (?,?, ?, ?, ?, ?, ?,?, ?, ?) , (?,?, ?, ?, ?, ?, ?,?, ?, ?) , (?,?, ?, ?, ?, ?, ?,?, ?, ?) , (?,?, ?, ?, ?, ?, ?,?, ?, ?) , (?,?, ?, ?, ?, ?, ?,?, ?, ?) , (?,?, ?, ?, ?, ?, ?,?, ?, ?) , (?,?, ?, ?, ?, ?, ?,?, ?, ?) , (?,?, ?, ?, ?, ?, ?,?, ?, ?) , (?,?, ?, ?, ?, ?, ?,?, ?, ?) , (?,?, ?, ?, ?, ?, ?,?, ?, ?) , (?,?, ?, ?, ?, ?, ?,?, ?, ?) , (?,?, ?, ?, ?, ?, ?,?, ?, ?) , (?,?, ?, ?, ?, ?, ?,?, ?, ?) , (?,?, ?, ?, ?, ?, ?,?, ?, ?) , (?,?, ?, ?, ?, ?, ?,?, ?, ?) , (?,?, ?, ?, ?, ?, ?,?, ?, ?) , (?,?, ?, ?, ?, ?, ?,?, ?, ?) , (?,?, ?, ?, ?, ?, ?,?, ?, ?) , (?,?, ?, ?, ?, ?, ?,?, ?, ?) , (?,?, ?, ?, ?, ?, ?,?, ?, ?) , (?,?, ?, ?, ?, ?, ?,?, ?, ?) , (?,?, ?, ?, ?, ?, ?,?, ?, ?) , (?,?, ?, ?, ?, ?, ?,?, ?, ?) , (?,?, ?, ?, ?, ?, ?,?, ?, ?) , (?,?, ?, ?, ?, ?, ?,?, ?, ?) , (?,?, ?, ?, ?, ?, ?,?, ?, ?) , (?,?, ?, ?, ?, ?, ?,?, ?, ?) , (?,?, ?, ?, ?, ?, ?,?, ?, ?) , (?,?, ?, ?, ?, ?, ?,?, ?, ?) , (?,?, ?, ?, ?, ?, ?,?, ?, ?) , (?,?, ?, ?, ?, ?, ?,?, ?, ?) , (?,?, ?, ?, ?, ?, ?,?, ?, ?) , (?,?, ?, ?, ?, ?, ?,?, ?, ?) , (?,?, ?, ?, ?, ?, ?,?, ?, ?) , (?,?, ?, ?, ?, ?, ?,?, ?, ?) , (?,?, ?, ?, ?, ?, ?,?, ?, ?) , (?,?, ?, ?, ?, ?, ?,?, ?, ?) , (?,?, ?, ?, ?, ?, ?,?, ?, ?) , (?,?, ?, ?, ?, ?, ?,?, ?, ?) , (?,?, ?, ?, ?, ?, ?,?, ?, ?) , (?,?, ?, ?, ?, ?, ?,?, ?, ?) , (?,?, ?, ?, ?, ?, ?,?, ?, ?) , (?,?, ?, ?, ?, ?, ?,?, ?, ?) , (?,?, ?, ?, ?, ?, ?,?, ?, ?) , (?,?, ?, ?, ?, ?, ?,?, ?, ?) , (?,?, ?, ?, ?, ?, ?,?, ?, ?) , (?,?, ?, ?, ?, ?, ?,?, ?, ?) , (?,?, ?, ?, ?, ?, ?,?, ?, ?) , (?,?, ?, ?, ?, ?, ?,?, ?, ?) , (?,?, ?, ?, ?, ?, ?,?, ?, ?) , (?,?, ?, ?, ?, ?, ?,?, ?, ?) , (?,?, ?, ?, ?, ?, ?,?, ?, ?) , (?,?, ?, ?, ?, ?, ?,?, ?, ?) , (?,?, ?, ?, ?, ?, ?,?, ?, ?) , (?,?, ?, ?, ?, ?, ?,?, ?, ?) , (?,?, ?, ?, ?, ?, ?,?, ?, ?) , (?,?, ?, ?, ?, ?, ?,?, ?, ?) , (?,?, ?, ?, ?, ?, ?,?, ?, ?) , (?,?, ?, ?, ?, ?, ?,?, ?, ?) , (?,?, ?, ?, ?, ?, ?,?, ?, ?) , (?,?, ?, ?, ?, ?, ?,?, ?, ?) , (?,?, ?, ?, ?, ?, ?,?, ?, ?) , (?,?, ?, ?, ?, ?, ?,?, ?, ?) , (?,?, ?, ?, ?, ?, ?,?, ?, ?) , (?,?, ?, ?, ?, ?, ?,?, ?, ?) , (?,?, ?, ?, ?, ?, ?,?, ?, ?) , (?,?, ?, ?, ?, ?, ?,?, ?, ?) , (?,?, ?, ?, ?, ?, ?,?, ?, ?) , (?,?, ?, ?, ?, ?, ?,?, ?, ?) , (?,?, ?, ?, ?, ?, ?,?, ?, ?) , (?,?, ?, ?, ?, ?, ?,?, ?, ?) , (?,?, ?, ?, ?, ?, ?,?, ?, ?) , (?,?, ?, ?, ?, ?, ?,?, ?, ?) , (?,?, ?, ?, ?, ?, ?,?, ?, ?) , (?,?, ?, ?, ?, ?, ?,?, ?, ?) , (?,?, ?, ?, ?, ?, ?,?, ?, ?) , (?,?, ?, ?, ?, ?, ?,?, ?, ?) , (?,?, ?, ?, ?, ?, ?,?, ?, ?) , (?,?, ?, ?, ?, ?, ?,?, ?, ?) , (?,?, ?, ?, ?, ?, ?,?, ?, ?) , (?,?, ?, ?, ?, ?, ?,?, ?, ?) , (?,?, ?, ?, ?, ?, ?,?, ?, ?) , (?,?, ?, ?, ?, ?, ?,?, ?, ?) , (?,?, ?, ?, ?, ?, ?,?, ?, ?) , (?,?, ?, ?, ?, ?, ?,?, ?, ?) , (?,?, ?, ?, ?, ?, ?,?, ?, ?) , (?,?, ?, ?, ?, ?, ?,?, ?, ?) , (?,?, ?, ?, ?, ?, ?,?, ?, ?) , (?,?, ?, ?, ?, ?, ?,?, ?, ?) , (?,?, ?, ?, ?, ?, ?,?, ?, ?) , (?,?, ?, ?, ?, ?, ?,?, ?, ?) , (?,?, ?, ?, ?, ?, ?,?, ?, ?) , (?,?, ?, ?, ?, ?, ?,?, ?, ?) , (?,?, ?, ?, ?, ?, ?,?, ?, ?) , (?,?, ?, ?, ?, ?, ?,?, ?, ?) , (?,?, ?, ?, ?, ?, ?,?, ?, ?) , (?,?, ?, ?, ?, ?, ?,?, ?, ?) , (?,?, ?, ?, ?, ?, ?,?, ?, ?) , (?,?, ?, ?, ?, ?, ?,?, ?, ?) , (?,?, ?, ?, ?, ?, ?,?, ?, ?) , (?,?, ?, ?, ?, ?, ?,?, ?, ?) , (?,?, ?, ?, ?, ?, ?,?, ?, ?) , (?,?, ?, ?, ?, ?, ?,?, ?, ?) , (?,?, ?, ?, ?, ?, ?,?, ?, ?) , (?,?, ?, ?, ?, ?, ?,?, ?, ?) , (?,?, ?, ?, ?, ?, ?,?, ?, ?) , (?,?, ?, ?, ?, ?, ?,?, ?, ?) , (?,?, ?, ?, ?, ?, ?,?, ?, ?) , (?,?, ?, ?, ?, ?, ?,?, ?, ?) , (?,?, ?, ?, ?, ?, ?,?, ?, ?) , (?,?, ?, ?, ?, ?, ?,?, ?, ?) , (?,?, ?, ?, ?, ?, ?,?, ?, ?) , (?,?, ?, ?, ?, ?, ?,?, ?, ?) , (?,?, ?, ?, ?, ?, ?,?, ?, ?) , (?,?, ?, ?, ?, ?, ?,?, ?, ?) , (?,?, ?, ?, ?, ?, ?,?, ?, ?)
### Cause: com.mysql.jdbc.exceptions.jdbc4.MySQLSyntaxErrorException: Table 'wisdomhydrologic.report_manage_application_broken' doesn't exist
; bad SQL grammar []; nested exception is com.mysql.jdbc.exceptions.jdbc4.MySQLSyntaxErrorException: Table 'wisdomhydrologic.report_manage_application_broken' doesn't exist] with root cause
com.mysql.jdbc.exceptions.jdbc4.MySQLSyntaxErrorException: Table 'wisdomhydrologic.report_manage_application_broken' doesn't exist
	at sun.reflect.NativeConstructorAccessorImpl.newInstance0(Native Method)
	at sun.reflect.NativeConstructorAccessorImpl.newInstance(NativeConstructorAccessorImpl.java:62)
	at sun.reflect.DelegatingConstructorAccessorImpl.newInstance(DelegatingConstructorAccessorImpl.java:45)
	at java.lang.reflect.Constructor.newInstance(Constructor.java:423)
	at com.mysql.jdbc.Util.handleNewInstance(Util.java:425)
	at com.mysql.jdbc.Util.getInstance(Util.java:408)
	at com.mysql.jdbc.SQLError.createSQLException(SQLError.java:943)
	at com.mysql.jdbc.MysqlIO.checkErrorPacket(MysqlIO.java:3973)
	at com.mysql.jdbc.MysqlIO.checkErrorPacket(MysqlIO.java:3909)
	at com.mysql.jdbc.MysqlIO.sendCommand(MysqlIO.java:2527)
	at com.mysql.jdbc.MysqlIO.sqlQueryDirect(MysqlIO.java:2680)
	at com.mysql.jdbc.ConnectionImpl.execSQL(ConnectionImpl.java:2490)
	at com.mysql.jdbc.PreparedStatement.executeInternal(PreparedStatement.java:1858)
	at com.mysql.jdbc.PreparedStatement.execute(PreparedStatement.java:1197)
	at sun.reflect.NativeMethodAccessorImpl.invoke0(Native Method)
	at sun.reflect.NativeMethodAccessorImpl.invoke(NativeMethodAccessorImpl.java:62)
	at sun.reflect.DelegatingMethodAccessorImpl.invoke(DelegatingMethodAccessorImpl.java:43)
	at java.lang.reflect.Method.invoke(Method.java:498)
	at org.apache.tomcat.jdbc.pool.StatementFacade$StatementProxy.invoke(StatementFacade.java:114)
	at com.sun.proxy.$Proxy130.execute(Unknown Source)
	at org.apache.ibatis.executor.statement.PreparedStatementHandler.update(PreparedStatementHandler.java:46)
	at org.apache.ibatis.executor.statement.RoutingStatementHandler.update(RoutingStatementHandler.java:74)
	at org.apache.ibatis.executor.SimpleExecutor.doUpdate(SimpleExecutor.java:50)
	at org.apache.ibatis.executor.BaseExecutor.update(BaseExecutor.java:117)
	at org.apache.ibatis.executor.CachingExecutor.update(CachingExecutor.java:76)
	at sun.reflect.NativeMethodAccessorImpl.invoke0(Native Method)
	at sun.reflect.NativeMethodAccessorImpl.invoke(NativeMethodAccessorImpl.java:62)
	at sun.reflect.DelegatingMethodAccessorImpl.invoke(DelegatingMethodAccessorImpl.java:43)
	at java.lang.reflect.Method.invoke(Method.java:498)
	at org.apache.ibatis.plugin.Plugin.invoke(Plugin.java:63)
	at com.sun.proxy.$Proxy164.update(Unknown Source)
	at org.apache.ibatis.session.defaults.DefaultSqlSession.update(DefaultSqlSession.java:198)
	at org.apache.ibatis.session.defaults.DefaultSqlSession.insert(DefaultSqlSession.java:185)
	at sun.reflect.NativeMethodAccessorImpl.invoke0(Native Method)
	at sun.reflect.NativeMethodAccessorImpl.invoke(NativeMethodAccessorImpl.java:62)
	at sun.reflect.DelegatingMethodAccessorImpl.invoke(DelegatingMethodAccessorImpl.java:43)
	at java.lang.reflect.Method.invoke(Method.java:498)
	at org.mybatis.spring.SqlSessionTemplate$SqlSessionInterceptor.invoke(SqlSessionTemplate.java:433)
	at com.sun.proxy.$Proxy90.insert(Unknown Source)
	at org.mybatis.spring.SqlSessionTemplate.insert(SqlSessionTemplate.java:278)
	at org.apache.ibatis.binding.MapperMethod.execute(MapperMethod.java:57)
	at org.apache.ibatis.binding.MapperProxy.invoke(MapperProxy.java:59)
	at com.sun.proxy.$Proxy115.insertDataMantain(Unknown Source)
	at com.siti.wisdomhydrologic.operation.service.Impl.ManageApplicationBrokenServiceImpl.lambda$insertDataMantain$3(ManageApplicationBrokenServiceImpl.java:136)
	at java.util.stream.Streams$RangeIntSpliterator.forEachRemaining(Streams.java:110)
	at java.util.stream.IntPipeline$Head.forEach(IntPipeline.java:557)
	at com.siti.wisdomhydrologic.operation.service.Impl.ManageApplicationBrokenServiceImpl.insertDataMantain(ManageApplicationBrokenServiceImpl.java:134)
	at com.siti.wisdomhydrologic.operation.controller.ManageApplicationBrokenController.insertDataMantain(ManageApplicationBrokenController.java:43)
	at sun.reflect.NativeMethodAccessorImpl.invoke0(Native Method)
	at sun.reflect.NativeMethodAccessorImpl.invoke(NativeMethodAccessorImpl.java:62)
	at sun.reflect.DelegatingMethodAccessorImpl.invoke(DelegatingMethodAccessorImpl.java:43)
	at java.lang.reflect.Method.invoke(Method.java:498)
	at org.springframework.web.method.support.InvocableHandlerMethod.doInvoke(InvocableHandlerMethod.java:205)
	at org.springframework.web.method.support.InvocableHandlerMethod.invokeForRequest(InvocableHandlerMethod.java:133)
	at org.springframework.web.servlet.mvc.method.annotation.ServletInvocableHandlerMethod.invokeAndHandle(ServletInvocableHandlerMethod.java:97)
	at org.springframework.web.servlet.mvc.method.annotation.RequestMappingHandlerAdapter.invokeHandlerMethod(RequestMappingHandlerAdapter.java:827)
	at org.springframework.web.servlet.mvc.method.annotation.RequestMappingHandlerAdapter.handleInternal(RequestMappingHandlerAdapter.java:738)
	at org.springframework.web.servlet.mvc.method.AbstractHandlerMethodAdapter.handle(AbstractHandlerMethodAdapter.java:85)
	at org.springframework.web.servlet.DispatcherServlet.doDispatch(DispatcherServlet.java:967)
	at org.springframework.web.servlet.DispatcherServlet.doService(DispatcherServlet.java:901)
	at org.springframework.web.servlet.FrameworkServlet.processRequest(FrameworkServlet.java:970)
	at org.springframework.web.servlet.FrameworkServlet.doGet(FrameworkServlet.java:861)
	at javax.servlet.http.HttpServlet.service(HttpServlet.java:635)
	at org.springframework.web.servlet.FrameworkServlet.service(FrameworkServlet.java:846)
	at javax.servlet.http.HttpServlet.service(HttpServlet.java:742)
	at org.apache.catalina.core.ApplicationFilterChain.internalDoFilter(ApplicationFilterChain.java:231)
	at org.apache.catalina.core.ApplicationFilterChain.doFilter(ApplicationFilterChain.java:166)
	at org.apache.tomcat.websocket.server.WsFilter.doFilter(WsFilter.java:52)
	at org.apache.catalina.core.ApplicationFilterChain.internalDoFilter(ApplicationFilterChain.java:193)
	at org.apache.catalina.core.ApplicationFilterChain.doFilter(ApplicationFilterChain.java:166)
	at org.springframework.web.filter.RequestContextFilter.doFilterInternal(RequestContextFilter.java:99)
	at org.springframework.web.filter.OncePerRequestFilter.doFilter(OncePerRequestFilter.java:107)
	at org.apache.catalina.core.ApplicationFilterChain.internalDoFilter(ApplicationFilterChain.java:193)
	at org.apache.catalina.core.ApplicationFilterChain.doFilter(ApplicationFilterChain.java:166)
	at org.springframework.web.filter.HttpPutFormContentFilter.doFilterInternal(HttpPutFormContentFilter.java:105)
	at org.springframework.web.filter.OncePerRequestFilter.doFilter(OncePerRequestFilter.java:107)
	at org.apache.catalina.core.ApplicationFilterChain.internalDoFilter(ApplicationFilterChain.java:193)
	at org.apache.catalina.core.ApplicationFilterChain.doFilter(ApplicationFilterChain.java:166)
	at org.springframework.web.filter.HiddenHttpMethodFilter.doFilterInternal(HiddenHttpMethodFilter.java:81)
	at org.springframework.web.filter.OncePerRequestFilter.doFilter(OncePerRequestFilter.java:107)
	at org.apache.catalina.core.ApplicationFilterChain.internalDoFilter(ApplicationFilterChain.java:193)
	at org.apache.catalina.core.ApplicationFilterChain.doFilter(ApplicationFilterChain.java:166)
	at org.springframework.web.filter.CharacterEncodingFilter.doFilterInternal(CharacterEncodingFilter.java:197)
	at org.springframework.web.filter.OncePerRequestFilter.doFilter(OncePerRequestFilter.java:107)
	at org.apache.catalina.core.ApplicationFilterChain.internalDoFilter(ApplicationFilterChain.java:193)
	at org.apache.catalina.core.ApplicationFilterChain.doFilter(ApplicationFilterChain.java:166)
	at org.apache.catalina.core.StandardWrapperValve.invoke(StandardWrapperValve.java:198)
	at org.apache.catalina.core.StandardContextValve.invoke(StandardContextValve.java:96)
	at org.apache.catalina.authenticator.AuthenticatorBase.invoke(AuthenticatorBase.java:478)
	at org.apache.catalina.core.StandardHostValve.invoke(StandardHostValve.java:140)
	at org.apache.catalina.valves.ErrorReportValve.invoke(ErrorReportValve.java:80)
	at org.apache.catalina.core.StandardEngineValve.invoke(StandardEngineValve.java:87)
	at org.apache.catalina.connector.CoyoteAdapter.service(CoyoteAdapter.java:342)
	at org.apache.coyote.http11.Http11Processor.service(Http11Processor.java:799)
	at org.apache.coyote.AbstractProcessorLight.process(AbstractProcessorLight.java:66)
	at org.apache.coyote.AbstractProtocol$ConnectionHandler.process(AbstractProtocol.java:861)
	at org.apache.tomcat.util.net.NioEndpoint$SocketProcessor.doRun(NioEndpoint.java:1455)
	at org.apache.tomcat.util.net.SocketProcessorBase.run(SocketProcessorBase.java:49)
	at java.util.concurrent.ThreadPoolExecutor.runWorker(ThreadPoolExecutor.java:1142)
	at java.util.concurrent.ThreadPoolExecutor$Worker.run(ThreadPoolExecutor.java:617)
	at org.apache.tomcat.util.threads.TaskThread$WrappingRunnable.run(TaskThread.java:61)
	at java.lang.Thread.run(Thread.java:748)
